Code - OSS (1.97.2, undefined, desktop)
Jupyter Extension Version: 2025.1.0.
Python Extension Version: 2025.0.0.
Pylance Extension not installed.
Platform: linux (x64).
Temp Storage folder ~/.config/Code - OSS/User/globalStorage/ms-toolsai.jupyter/version-2025.1.0
Workspace folder ~/programowanie, Home = /home/bartosh
13:54:45.352 [info] Starting Kernel (SageMath 10.5) for '~/programowanie/pythonowa_nauka/matma_sage.ipynb' (disableUI=true)
13:54:45.719 [info] Launching Raw Kernel SageMath 10.5 # /usr/bin/sage
13:54:45.739 [info] Process Execution: /usr/bin/sage --python -m sage.repl.ipython_kernel -f /home/~/.local/share/jupyter/runtime/kernel-v333ffccc8e924ae4eb82097c871b4e4788ed4b29b.json
    > cwd: ~/programowanie/pythonowa_nauka
13:54:48.919 [warn] Kernel completions not enabled for 'SageMath 10.5'. 
To enable Kernel completion for this language please add the following setting 
jupyter.completionTriggerCharacters = {sage: [<List of characters that will trigger completions>]}. 
For more information please see https://aka.ms/vscodeJupyterCompletion
13:54:48.921 [info] Kernel successfully started
13:54:48.921 [warn] No nbextensions folder found for kernel .sagemath./usr/bin/sage././usr/bin/sage#--python#-m#sage.repl.ipython_kernel#-f#{connection_file}
14:03:46.842 [warn] Cell completed with errors [su [Error]: Matplotlib requires either xelatex, lualatex, or pdflatex.
	at n.execute (/home/~/.vscode-oss/extensions/ms-toolsai.jupyter-2025.1.0-universal/dist/extension.node.js:297:4958)] {
  ename: 'ValueError',
  evalue: 'Matplotlib requires either xelatex, lualatex, or pdflatex.',
  traceback: [
    '\x1B[0;31m---------------------------------------------------------------------------\x1B[0m',
    '\x1B[0;31mValueError\x1B[0m                                Traceback (most recent call last)',
    'Cell \x1B[0;32mIn[5], line 9\x1B[0m\n' +
      "\x1B[1;32m      6\x1B[0m xD \x1B[38;5;241m=\x1B[39m RealNumber(\x1B[38;5;124m'\x1B[39m\x1B[38;5;124m15.8\x1B[39m\x1B[38;5;124m'\x1B[39m)\n" +
      '\x1B[1;32m      7\x1B[0m xE \x1B[38;5;241m=\x1B[39m \x1B[38;5;241m-\x1B[39m(t \x1B[38;5;241m+\x1B[39m Integer(\x1B[38;5;241m2\x1B[39m))\x1B[38;5;241m*\x1B[39m\x1B[38;5;241m*\x1B[39mInteger(\x1B[38;5;241m2\x1B[39m) \x1B[38;5;241m+\x1B[39m Integer(\x1B[38;5;241m3\x1B[39m) \x1B[38;5;241m*\x1B[39m t \x1B[38;5;241m+\x1B[39m Integer(\x1B[38;5;241m36\x1B[39m)\n' +
      '\x1B[0;32m----> 9\x1B[0m \x1B[43mshow\x1B[49m\x1B[43m(\x1B[49m\n' +
      `\x1B[1;32m     10\x1B[0m \x1B[43mplot\x1B[49m\x1B[43m(\x1B[49m\x1B[43mxA\x1B[49m\x1B[43m,\x1B[49m\x1B[43m \x1B[49m\x1B[43mt\x1B[49m\x1B[43m,\x1B[49m\x1B[43m \x1B[49m\x1B[38;5;241;43m-\x1B[39;49m\x1B[43mInteger\x1B[49m\x1B[43m(\x1B[49m\x1B[38;5;241;43m1\x1B[39;49m\x1B[43m)\x1B[49m\x1B[43m,\x1B[49m\x1B[43m \x1B[49m\x1B[43mInteger\x1B[49m\x1B[43m(\x1B[49m\x1B[38;5;241;43m10\x1B[39;49m\x1B[43m)\x1B[49m\x1B[43m,\x1B[49m\x1B[43m \x1B[49m\x1B[43mymax\x1B[49m\x1B[38;5;241;43m=\x1B[39;49m\x1B[43mInteger\x1B[49m\x1B[43m(\x1B[49m\x1B[38;5;241;43m40\x1B[39;49m\x1B[43m)\x1B[49m\x1B[43m,\x1B[49m\x1B[43m \x1B[49m\x1B[43mymin\x1B[49m\x1B[38;5;241;43m=\x1B[39;49m\x1B[38;5;241;43m-\x1B[39;49m\x1B[43mInteger\x1B[49m\x1B[43m(\x1B[49m\x1B[38;5;241;43m20\x1B[39;49m\x1B[43m)\x1B[49m\x1B[43m,\x1B[49m\x1B[43m \x1B[49m\x1B[43maxes_labels\x1B[49m\x1B[38;5;241;43m=\x1B[39;49m\x1B[43m[\x1B[49m\x1B[38;5;124;43m'\x1B[39;49m\x1B[38;5;124;43m$t[h]$\x1B[39;49m\x1B[38;5;124;43m'\x1B[39;49m\x1B[43m,\x1B[49m\x1B[43m \x1B[49m\x1B[38;5;124;43m'\x1B[39;49m\x1B[38;5;124;43m$x[km]$\x1B[39;49m\x1B[38;5;124;43m'\x1B[39;49m\x1B[43m]\x1B[49m\x1B[43m,\x1B[49m\x1B[43m \x1B[49m\x1B[43mfigsize\x1B[49m\x1B[43m \x1B[49m\x1B[38;5;241;43m=\x1B[39;49m\x1B[43m \x1B[49m\x1B[43mInteger\x1B[49m\x1B[43m(\x1B[49m\x1B[38;5;241;43m10\x1B[39;49m\x1B[43m)\x1B[49m\x1B[43m,\x1B[49m\x1B[43m \x1B[49m\x1B[43mlegend_label\x1B[49m\x1B[38;5;241;43m=\x1B[39;49m\x1B[38;5;124;43m"\x1B[39;49m\x1B[38;5;124;43mAnia\x1B[39;49m\x1B[38;5;124;43m"\x1B[39;49m\x1B[43m,\x1B[49m\x1B[43m \x1B[49m\x1B[43mcolor\x1B[49m\x1B[38;5;241;43m=\x1B[39;49m\x1B[38;5;124;43m"\x1B[39;49m\x1B[38;5;124;43mred\x1B[39;49m\x1B[38;5;124;43m"\x1B[39;49m\x1B[43m)\x1B[49m\x1B[43m \x1B[49m\x1B[38;5;241;43m+\x1B[39;49m\x1B[43m \x1B[49m\n` +
      `\x1B[1;32m     11\x1B[0m \x1B[43mplot\x1B[49m\x1B[43m(\x1B[49m\x1B[43mxB\x1B[49m\x1B[43m,\x1B[49m\x1B[43m \x1B[49m\x1B[43mt\x1B[49m\x1B[43m,\x1B[49m\x1B[43m \x1B[49m\x1B[38;5;241;43m-\x1B[39;49m\x1B[43mInteger\x1B[49m\x1B[43m(\x1B[49m\x1B[38;5;241;43m1\x1B[39;49m\x1B[43m)\x1B[49m\x1B[43m,\x1B[49m\x1B[43m \x1B[49m\x1B[43mInteger\x1B[49m\x1B[43m(\x1B[49m\x1B[38;5;241;43m10\x1B[39;49m\x1B[43m)\x1B[49m\x1B[43m,\x1B[49m\x1B[43m \x1B[49m\x1B[43mymax\x1B[49m\x1B[38;5;241;43m=\x1B[39;49m\x1B[43mInteger\x1B[49m\x1B[43m(\x1B[49m\x1B[38;5;241;43m40\x1B[39;49m\x1B[43m)\x1B[49m\x1B[43m,\x1B[49m\x1B[43m \x1B[49m\x1B[43mymin\x1B[49m\x1B[38;5;241;43m=\x1B[39;49m\x1B[38;5;241;43m-\x1B[39;49m\x1B[43mInteger\x1B[49m\x1B[43m(\x1B[49m\x1B[38;5;241;43m20\x1B[39;49m\x1B[43m)\x1B[49m\x1B[43m,\x1B[49m\x1B[43m \x1B[49m\x1B[43maxes_labels\x1B[49m\x1B[38;5;241;43m=\x1B[39;49m\x1B[43m[\x1B[49m\x1B[38;5;124;43m'\x1B[39;49m\x1B[38;5;124;43m$t[h]$\x1B[39;49m\x1B[38;5;124;43m'\x1B[39;49m\x1B[43m,\x1B[49m\x1B[43m \x1B[49m\x1B[38;5;124;43m'\x1B[39;49m\x1B[38;5;124;43m$x[km]$\x1B[39;49m\x1B[38;5;124;43m'\x1B[39;49m\x1B[43m]\x1B[49m\x1B[43m,\x1B[49m\x1B[43m \x1B[49m\x1B[43mfigsize\x1B[49m\x1B[43m \x1B[49m\x1B[38;5;241;43m=\x1B[39;49m\x1B[43m \x1B[49m\x1B[43mInteger\x1B[49m\x1B[43m(\x1B[49m\x1B[38;5;241;43m10\x1B[39;49m\x1B[43m)\x1B[49m\x1B[43m,\x1B[49m\x1B[43m \x1B[49m\x1B[43mlegend_label\x1B[49m\x1B[38;5;241;43m=\x1B[39;49m\x1B[38;5;124;43m"\x1B[39;49m\x1B[38;5;124;43mBasia\x1B[39;49m\x1B[38;5;124;43m"\x1B[39;49m\x1B[43m,\x1B[49m\x1B[43m \x1B[49m\x1B[43mcolor\x1B[49m\x1B[38;5;241;43m=\x1B[39;49m\x1B[38;5;124;43m"\x1B[39;49m\x1B[38;5;124;43mblue\x1B[39;49m\x1B[38;5;124;43m"\x1B[39;49m\x1B[43m)\x1B[49m\x1B[43m \x1B[49m\x1B[38;5;241;43m+\x1B[39;49m\x1B[43m \x1B[49m\n` +
      `\x1B[1;32m     12\x1B[0m \x1B[43mplot\x1B[49m\x1B[43m(\x1B[49m\x1B[43mxC\x1B[49m\x1B[43m,\x1B[49m\x1B[43m \x1B[49m\x1B[43mt\x1B[49m\x1B[43m,\x1B[49m\x1B[43m \x1B[49m\x1B[38;5;241;43m-\x1B[39;49m\x1B[43mInteger\x1B[49m\x1B[43m(\x1B[49m\x1B[38;5;241;43m1\x1B[39;49m\x1B[43m)\x1B[49m\x1B[43m,\x1B[49m\x1B[43m \x1B[49m\x1B[43mInteger\x1B[49m\x1B[43m(\x1B[49m\x1B[38;5;241;43m10\x1B[39;49m\x1B[43m)\x1B[49m\x1B[43m,\x1B[49m\x1B[43m \x1B[49m\x1B[43mymax\x1B[49m\x1B[38;5;241;43m=\x1B[39;49m\x1B[43mInteger\x1B[49m\x1B[43m(\x1B[49m\x1B[38;5;241;43m40\x1B[39;49m\x1B[43m)\x1B[49m\x1B[43m,\x1B[49m\x1B[43m \x1B[49m\x1B[43mymin\x1B[49m\x1B[38;5;241;43m=\x1B[39;49m\x1B[38;5;241;43m-\x1B[39;49m\x1B[43mInteger\x1B[49m\x1B[43m(\x1B[49m\x1B[38;5;241;43m20\x1B[39;49m\x1B[43m)\x1B[49m\x1B[43m,\x1B[49m\x1B[43m \x1B[49m\x1B[43maxes_labels\x1B[49m\x1B[38;5;241;43m=\x1B[39;49m\x1B[43m[\x1B[49m\x1B[38;5;124;43m'\x1B[39;49m\x1B[38;5;124;43m$t[h]$\x1B[39;49m\x1B[38;5;124;43m'\x1B[39;49m\x1B[43m,\x1B[49m\x1B[43m \x1B[49m\x1B[38;5;124;43m'\x1B[39;49m\x1B[38;5;124;43m$x[km]$\x1B[39;49m\x1B[38;5;124;43m'\x1B[39;49m\x1B[43m]\x1B[49m\x1B[43m,\x1B[49m\x1B[43m \x1B[49m\x1B[43mfigsize\x1B[49m\x1B[43m \x1B[49m\x1B[38;5;241;43m=\x1B[39;49m\x1B[43m \x1B[49m\x1B[43mInteger\x1B[49m\x1B[43m(\x1B[49m\x1B[38;5;241;43m10\x1B[39;49m\x1B[43m)\x1B[49m\x1B[43m,\x1B[49m\x1B[43m \x1B[49m\x1B[43mlegend_label\x1B[49m\x1B[38;5;241;43m=\x1B[39;49m\x1B[38;5;124;43m"\x1B[39;49m\x1B[38;5;124;43mCelina\x1B[39;49m\x1B[38;5;124;43m"\x1B[39;49m\x1B[43m,\x1B[49m\x1B[43m \x1B[49m\x1B[43mcolor\x1B[49m\x1B[38;5;241;43m=\x1B[39;49m\x1B[38;5;124;43m"\x1B[39;49m\x1B[38;5;124;43morange\x1B[39;49m\x1B[38;5;124;43m"\x1B[39;49m\x1B[43m)\x1B[49m\x1B[43m \x1B[49m\x1B[38;5;241;43m+\x1B[39;49m\x1B[43m \x1B[49m\n` +
      `\x1B[1;32m     13\x1B[0m \x1B[43mplot\x1B[49m\x1B[43m(\x1B[49m\x1B[43mxD\x1B[49m\x1B[43m,\x1B[49m\x1B[43m \x1B[49m\x1B[43mt\x1B[49m\x1B[43m,\x1B[49m\x1B[43m \x1B[49m\x1B[38;5;241;43m-\x1B[39;49m\x1B[43mInteger\x1B[49m\x1B[43m(\x1B[49m\x1B[38;5;241;43m1\x1B[39;49m\x1B[43m)\x1B[49m\x1B[43m,\x1B[49m\x1B[43m \x1B[49m\x1B[43mInteger\x1B[49m\x1B[43m(\x1B[49m\x1B[38;5;241;43m10\x1B[39;49m\x1B[43m)\x1B[49m\x1B[43m,\x1B[49m\x1B[43m \x1B[49m\x1B[43mymax\x1B[49m\x1B[38;5;241;43m=\x1B[39;49m\x1B[43mInteger\x1B[49m\x1B[43m(\x1B[49m\x1B[38;5;241;43m40\x1B[39;49m\x1B[43m)\x1B[49m\x1B[43m,\x1B[49m\x1B[43m \x1B[49m\x1B[43mymin\x1B[49m\x1B[38;5;241;43m=\x1B[39;49m\x1B[38;5;241;43m-\x1B[39;49m\x1B[43mInteger\x1B[49m\x1B[43m(\x1B[49m\x1B[38;5;241;43m20\x1B[39;49m\x1B[43m)\x1B[49m\x1B[43m,\x1B[49m\x1B[43m \x1B[49m\x1B[43maxes_labels\x1B[49m\x1B[38;5;241;43m=\x1B[39;49m\x1B[43m[\x1B[49m\x1B[38;5;124;43m'\x1B[39;49m\x1B[38;5;124;43m$t[h]$\x1B[39;49m\x1B[38;5;124;43m'\x1B[39;49m\x1B[43m,\x1B[49m\x1B[43m \x1B[49m\x1B[38;5;124;43m'\x1B[39;49m\x1B[38;5;124;43m$x[km]$\x1B[39;49m\x1B[38;5;124;43m'\x1B[39;49m\x1B[43m]\x1B[49m\x1B[43m,\x1B[49m\x1B[43m \x1B[49m\x1B[43mfigsize\x1B[49m\x1B[43m \x1B[49m\x1B[38;5;241;43m=\x1B[39;49m\x1B[43m \x1B[49m\x1B[43mInteger\x1B[49m\x1B[43m(\x1B[49m\x1B[38;5;241;43m10\x1B[39;49m\x1B[43m)\x1B[49m\x1B[43m,\x1B[49m\x1B[43m \x1B[49m\x1B[43mlegend_label\x1B[49m\x1B[38;5;241;43m=\x1B[39;49m\x1B[38;5;124;43m"\x1B[39;49m\x1B[38;5;124;43mDarek\x1B[39;49m\x1B[38;5;124;43m"\x1B[39;49m\x1B[43m,\x1B[49m\x1B[43m \x1B[49m\x1B[43mcolor\x1B[49m\x1B[38;5;241;43m=\x1B[39;49m\x1B[38;5;124;43m"\x1B[39;49m\x1B[38;5;124;43mmagenta\x1B[39;49m\x1B[38;5;124;43m"\x1B[39;49m\x1B[43m)\x1B[49m\x1B[43m \x1B[49m\x1B[38;5;241;43m+\x1B[39;49m\x1B[43m \x1B[49m\n` +
      `\x1B[1;32m     14\x1B[0m \x1B[43mplot\x1B[49m\x1B[43m(\x1B[49m\x1B[43mxE\x1B[49m\x1B[43m,\x1B[49m\x1B[43m \x1B[49m\x1B[43mt\x1B[49m\x1B[43m,\x1B[49m\x1B[43m \x1B[49m\x1B[38;5;241;43m-\x1B[39;49m\x1B[43mInteger\x1B[49m\x1B[43m(\x1B[49m\x1B[38;5;241;43m1\x1B[39;49m\x1B[43m)\x1B[49m\x1B[43m,\x1B[49m\x1B[43m \x1B[49m\x1B[43mInteger\x1B[49m\x1B[43m(\x1B[49m\x1B[38;5;241;43m10\x1B[39;49m\x1B[43m)\x1B[49m\x1B[43m,\x1B[49m\x1B[43m \x1B[49m\x1B[43mymax\x1B[49m\x1B[38;5;241;43m=\x1B[39;49m\x1B[43mInteger\x1B[49m\x1B[43m(\x1B[49m\x1B[38;5;241;43m40\x1B[39;49m\x1B[43m)\x1B[49m\x1B[43m,\x1B[49m\x1B[43m \x1B[49m\x1B[43mymin\x1B[49m\x1B[38;5;241;43m=\x1B[39;49m\x1B[38;5;241;43m-\x1B[39;49m\x1B[43mInteger\x1B[49m\x1B[43m(\x1B[49m\x1B[38;5;241;43m20\x1B[39;49m\x1B[43m)\x1B[49m\x1B[43m,\x1B[49m\x1B[43m \x1B[49m\x1B[43maxes_labels\x1B[49m\x1B[38;5;241;43m=\x1B[39;49m\x1B[43m[\x1B[49m\x1B[38;5;124;43m'\x1B[39;49m\x1B[38;5;124;43m$t[h]$\x1B[39;49m\x1B[38;5;124;43m'\x1B[39;49m\x1B[43m,\x1B[49m\x1B[43m \x1B[49m\x1B[38;5;124;43m'\x1B[39;49m\x1B[38;5;124;43m$x[km]$\x1B[39;49m\x1B[38;5;124;43m'\x1B[39;49m\x1B[43m]\x1B[49m\x1B[43m,\x1B[49m\x1B[43m \x1B[49m\x1B[43mfigsize\x1B[49m\x1B[43m \x1B[49m\x1B[38;5;241;43m=\x1B[39;49m\x1B[43m \x1B[49m\x1B[43mInteger\x1B[49m\x1B[43m(\x1B[49m\x1B[38;5;241;43m10\x1B[39;49m\x1B[43m)\x1B[49m\x1B[43m,\x1B[49m\x1B[43m \x1B[49m\x1B[43mlegend_label\x1B[49m\x1B[38;5;241;43m=\x1B[39;49m\x1B[38;5;124;43m"\x1B[39;49m\x1B[38;5;124;43mEmil\x1B[39;49m\x1B[38;5;124;43m"\x1B[39;49m\x1B[43m,\x1B[49m\x1B[43m \x1B[49m\x1B[43mcolor\x1B[49m\x1B[38;5;241;43m=\x1B[39;49m\x1B[38;5;124;43m"\x1B[39;49m\x1B[38;5;124;43mgreen\x1B[39;49m\x1B[38;5;124;43m"\x1B[39;49m\x1B[43m)\x1B[49m\x1B[43m \x1B[49m\x1B[38;5;241;43m+\x1B[39;49m\n` +
      "\x1B[1;32m     15\x1B[0m \x1B[43mpoint\x1B[49m\x1B[43m(\x1B[49m\x1B[43m(\x1B[49m\x1B[43mInteger\x1B[49m\x1B[43m(\x1B[49m\x1B[38;5;241;43m0\x1B[39;49m\x1B[43m)\x1B[49m\x1B[43m,\x1B[49m\x1B[43m \x1B[49m\x1B[43mInteger\x1B[49m\x1B[43m(\x1B[49m\x1B[38;5;241;43m0\x1B[39;49m\x1B[43m)\x1B[49m\x1B[43m)\x1B[49m\x1B[43m,\x1B[49m\x1B[43m \x1B[49m\x1B[43msize\x1B[49m\x1B[43m \x1B[49m\x1B[38;5;241;43m=\x1B[39;49m\x1B[43m \x1B[49m\x1B[43mInteger\x1B[49m\x1B[43m(\x1B[49m\x1B[38;5;241;43m25\x1B[39;49m\x1B[43m)\x1B[49m\x1B[43m,\x1B[49m\x1B[43m \x1B[49m\x1B[43mcolor\x1B[49m\x1B[43m \x1B[49m\x1B[38;5;241;43m=\x1B[39;49m\x1B[43m \x1B[49m\x1B[38;5;124;43m'\x1B[39;49m\x1B[38;5;124;43mblue\x1B[39;49m\x1B[38;5;124;43m'\x1B[39;49m\x1B[43m,\x1B[49m\x1B[43m \x1B[49m\x1B[43mlegend_label\x1B[49m\x1B[38;5;241;43m=\x1B[39;49m\x1B[38;5;124;43m'\x1B[39;49m\x1B[38;5;124;43msklep\x1B[39;49m\x1B[38;5;124;43m'\x1B[39;49m\x1B[43m)\x1B[49m\x1B[43m \x1B[49m\x1B[38;5;241;43m+\x1B[39;49m\n" +
      "\x1B[1;32m     16\x1B[0m \x1B[43mpoint\x1B[49m\x1B[43m(\x1B[49m\x1B[43m(\x1B[49m\x1B[43mInteger\x1B[49m\x1B[43m(\x1B[49m\x1B[38;5;241;43m0\x1B[39;49m\x1B[43m)\x1B[49m\x1B[43m,\x1B[49m\x1B[43m \x1B[49m\x1B[43mRealNumber\x1B[49m\x1B[43m(\x1B[49m\x1B[38;5;124;43m'\x1B[39;49m\x1B[38;5;124;43m2.4\x1B[39;49m\x1B[38;5;124;43m'\x1B[39;49m\x1B[43m)\x1B[49m\x1B[43m)\x1B[49m\x1B[43m,\x1B[49m\x1B[43m \x1B[49m\x1B[43msize\x1B[49m\x1B[43m \x1B[49m\x1B[38;5;241;43m=\x1B[39;49m\x1B[43m \x1B[49m\x1B[43mInteger\x1B[49m\x1B[43m(\x1B[49m\x1B[38;5;241;43m25\x1B[39;49m\x1B[43m)\x1B[49m\x1B[43m,\x1B[49m\x1B[43m \x1B[49m\x1B[43mcolor\x1B[49m\x1B[43m \x1B[49m\x1B[38;5;241;43m=\x1B[39;49m\x1B[43m \x1B[49m\x1B[38;5;124;43m'\x1B[39;49m\x1B[38;5;124;43morange\x1B[39;49m\x1B[38;5;124;43m'\x1B[39;49m\x1B[43m,\x1B[49m\x1B[43m \x1B[49m\x1B[43mlegend_label\x1B[49m\x1B[38;5;241;43m=\x1B[39;49m\x1B[38;5;124;43m'\x1B[39;49m\x1B[38;5;124;43mścianka wspinaczkowa\x1B[39;49m\x1B[38;5;124;43m'\x1B[39;49m\x1B[43m)\x1B[49m\x1B[43m \x1B[49m\x1B[38;5;241;43m+\x1B[39;49m\n" +
      "\x1B[1;32m     17\x1B[0m \x1B[43mpoint\x1B[49m\x1B[43m(\x1B[49m\x1B[43m(\x1B[49m\x1B[43mInteger\x1B[49m\x1B[43m(\x1B[49m\x1B[38;5;241;43m0\x1B[39;49m\x1B[43m)\x1B[49m\x1B[43m,\x1B[49m\x1B[43m \x1B[49m\x1B[43mRealNumber\x1B[49m\x1B[43m(\x1B[49m\x1B[38;5;124;43m'\x1B[39;49m\x1B[38;5;124;43m15.8\x1B[39;49m\x1B[38;5;124;43m'\x1B[39;49m\x1B[43m)\x1B[49m\x1B[43m)\x1B[49m\x1B[43m,\x1B[49m\x1B[43m \x1B[49m\x1B[43msize\x1B[49m\x1B[43m \x1B[49m\x1B[38;5;241;43m=\x1B[39;49m\x1B[43m \x1B[49m\x1B[43mInteger\x1B[49m\x1B[43m(\x1B[49m\x1B[38;5;241;43m25\x1B[39;49m\x1B[43m)\x1B[49m\x1B[43m,\x1B[49m\x1B[43m \x1B[49m\x1B[43mcolor\x1B[49m\x1B[43m \x1B[49m\x1B[38;5;241;43m=\x1B[39;49m\x1B[43m \x1B[49m\x1B[38;5;124;43m'\x1B[39;49m\x1B[38;5;124;43mmagenta\x1B[39;49m\x1B[38;5;124;43m'\x1B[39;49m\x1B[43m,\x1B[49m\x1B[43m \x1B[49m\x1B[43mlegend_label\x1B[49m\x1B[38;5;241;43m=\x1B[39;49m\x1B[38;5;124;43m'\x1B[39;49m\x1B[38;5;124;43mkawiarnia\x1B[39;49m\x1B[38;5;124;43m'\x1B[39;49m\x1B[43m)\x1B[49m\x1B[43m \x1B[49m\x1B[38;5;241;43m+\x1B[39;49m\n" +
      "\x1B[1;32m     18\x1B[0m \x1B[43mpoint\x1B[49m\x1B[43m(\x1B[49m\x1B[43m(\x1B[49m\x1B[43mInteger\x1B[49m\x1B[43m(\x1B[49m\x1B[38;5;241;43m0\x1B[39;49m\x1B[43m)\x1B[49m\x1B[43m,\x1B[49m\x1B[43m \x1B[49m\x1B[38;5;241;43m-\x1B[39;49m\x1B[43mInteger\x1B[49m\x1B[43m(\x1B[49m\x1B[38;5;241;43m4\x1B[39;49m\x1B[43m)\x1B[49m\x1B[43m)\x1B[49m\x1B[43m,\x1B[49m\x1B[43m \x1B[49m\x1B[43msize\x1B[49m\x1B[43m \x1B[49m\x1B[38;5;241;43m=\x1B[39;49m\x1B[43m \x1B[49m\x1B[43mInteger\x1B[49m\x1B[43m(\x1B[49m\x1B[38;5;241;43m25\x1B[39;49m\x1B[43m)\x1B[49m\x1B[43m,\x1B[49m\x1B[43m \x1B[49m\x1B[43mcolor\x1B[49m\x1B[43m \x1B[49m\x1B[38;5;241;43m=\x1B[39;49m\x1B[43m \x1B[49m\x1B[38;5;124;43m'\x1B[39;49m\x1B[38;5;124;43mred\x1B[39;49m\x1B[38;5;124;43m'\x1B[39;49m\x1B[43m,\x1B[49m\x1B[43m \x1B[49m\x1B[43mlegend_label\x1B[49m\x1B[38;5;241;43m=\x1B[39;49m\x1B[38;5;124;43m'\x1B[39;49m\x1B[38;5;124;43mserwis rowerowy\x1B[39;49m\x1B[38;5;124;43m'\x1B[39;49m\x1B[43m)\x1B[49m\x1B[43m \x1B[49m\x1B[38;5;241;43m+\x1B[39;49m\n" +
      '\x1B[1;32m     19\x1B[0m \x1B[43mpoint\x1B[49m\x1B[43m(\x1B[49m\x1B[43m(\x1B[49m\x1B[43mInteger\x1B[49m\x1B[43m(\x1B[49m\x1B[38;5;241;43m0\x1B[39;49m\x1B[43m)\x1B[49m\x1B[43m,\x1B[49m\x1B[43m \x1B[49m\x1B[43mInteger\x1B[49m\x1B[43m(\x1B[49m\x1B[38;5;241;43m32\x1B['... 2175 more characters,
    'File \x1B[0;32m/usr/lib/python3.13/site-packages/sage/repl/rich_output/pretty_print.py:339\x1B[0m, in \x1B[0;36mshow\x1B[0;34m(*args, **kwds)\x1B[0m\n' +
      '\x1B[1;32m    337\x1B[0m     args[\x1B[38;5;241m0\x1B[39m]\x1B[38;5;241m.\x1B[39mshow()\n' +
      '\x1B[1;32m    338\x1B[0m     \x1B[38;5;28;01mreturn\x1B[39;00m\n' +
      '\x1B[0;32m--> 339\x1B[0m \x1B[43mpretty_print\x1B[49m\x1B[43m(\x1B[49m\x1B[38;5;241;43m*\x1B[39;49m\x1B[43margs\x1B[49m\x1B[43m,\x1B[49m\x1B[43m \x1B[49m\x1B[38;5;241;43m*\x1B[39;49m\x1B[38;5;241;43m*\x1B[39;49m\x1B[43mkwds\x1B[49m\x1B[43m)\x1B[49m\n',
    'File \x1B[0;32m/usr/lib/python3.13/site-packages/sage/repl/rich_output/pretty_print.py:309\x1B[0m, in \x1B[0;36mpretty_print\x1B[0;34m(*args, **kwds)\x1B[0m\n' +
      '\x1B[1;32m    307\x1B[0m         dm\x1B[38;5;241m.\x1B[39mdisplay_immediately(\x1B[38;5;241m*\x1B[39margs, \x1B[38;5;241m*\x1B[39m\x1B[38;5;241m*\x1B[39mkwds)\n' +
      '\x1B[1;32m    308\x1B[0m     \x1B[38;5;28;01melse\x1B[39;00m:\n' +
      '\x1B[0;32m--> 309\x1B[0m         \x1B[43mSequencePrettyPrinter\x1B[49m\x1B[43m(\x1B[49m\x1B[38;5;241;43m*\x1B[39;49m\x1B[43margs\x1B[49m\x1B[43m,\x1B[49m\x1B[43m \x1B[49m\x1B[38;5;241;43m*\x1B[39;49m\x1B[38;5;241;43m*\x1B[39;49m\x1B[43mkwds\x1B[49m\x1B[43m)\x1B[49m\x1B[38;5;241;43m.\x1B[39;49m\x1B[43mpretty_print\x1B[49m\x1B[43m(\x1B[49m\x1B[43m)\x1B[49m\n' +
      '\x1B[1;32m    310\x1B[0m \x1B[38;5;28;01mfinally\x1B[39;00m:\n' +
      '\x1B[1;32m    311\x1B[0m     dm\x1B[38;5;241m.\x1B[39mpreferences\x1B[38;5;241m.\x1B[39mtext \x1B[38;5;241m=\x1B[39m old_preferences_text\n',
    'File \x1B[0;32m/usr/lib/python3.13/site-packages/sage/repl/rich_output/pretty_print.py:183\x1B[0m, in \x1B[0;36mSequencePrettyPrinter.pretty_print\x1B[0;34m(self)\x1B[0m\n' +
      '\x1B[1;32m    181\x1B[0m     kwds \x1B[38;5;241m=\x1B[39m \x1B[38;5;28mdict\x1B[39m(\x1B[38;5;28mself\x1B[39m\x1B[38;5;241m.\x1B[39mkwds)\n' +
      "\x1B[1;32m    182\x1B[0m     kwds[\x1B[38;5;124m'\x1B[39m\x1B[38;5;124mconcatenate\x1B[39m\x1B[38;5;124m'\x1B[39m] \x1B[38;5;241m=\x1B[39m \x1B[38;5;28;01mTrue\x1B[39;00m\n" +
      '\x1B[0;32m--> 183\x1B[0m \x1B[43mget_display_manager\x1B[49m\x1B[43m(\x1B[49m\x1B[43m)\x1B[49m\x1B[38;5;241;43m.\x1B[39;49m\x1B[43mdisplay_immediately\x1B[49m\x1B[43m(\x1B[49m\x1B[43margs\x1B[49m\x1B[43m,\x1B[49m\x1B[43m \x1B[49m\x1B[38;5;241;43m*\x1B[39;49m\x1B[38;5;241;43m*\x1B[39;49m\x1B[43mkwds\x1B[49m\x1B[43m)\x1B[49m\n',
    'File \x1B[0;32m/usr/lib/python3.13/site-packages/sage/repl/rich_output/display_manager.py:825\x1B[0m, in \x1B[0;36mDisplayManager.display_immediately\x1B[0;34m(self, obj, **rich_repr_kwds)\x1B[0m\n' +
      '\x1B[1;32m    802\x1B[0m \x1B[38;5;28;01mdef\x1B[39;00m\x1B[38;5;250m \x1B[39m\x1B[38;5;21mdisplay_immediately\x1B[39m(\x1B[38;5;28mself\x1B[39m, obj, \x1B[38;5;241m*\x1B[39m\x1B[38;5;241m*\x1B[39mrich_repr_kwds):\n' +
      '\x1B[1;32m    803\x1B[0m \x1B[38;5;250m    \x1B[39m\x1B[38;5;124;03m"""\x1B[39;00m\n' +
      '\x1B[1;32m    804\x1B[0m \x1B[38;5;124;03m    Show output without going back to the command line prompt.\x1B[39;00m\n' +
      '\x1B[1;32m    805\x1B[0m \n' +
      '\x1B[0;32m   (...)\x1B[0m\n' +
      '\x1B[1;32m    823\x1B[0m \x1B[38;5;124;03m        1/2\x1B[39;00m\n' +
      '\x1B[1;32m    824\x1B[0m \x1B[38;5;124;03m    """\x1B[39;00m\n' +
      '\x1B[0;32m--> 825\x1B[0m     plain_text, rich_output \x1B[38;5;241m=\x1B[39m \x1B[38;5;28;43mself\x1B[39;49m\x1B[38;5;241;43m.\x1B[39;49m\x1B[43m_rich_output_formatter\x1B[49m\x1B[43m(\x1B[49m\x1B[43mobj\x1B[49m\x1B[43m,\x1B[49m\x1B[43m \x1B[49m\x1B[43mrich_repr_kwds\x1B[49m\x1B[43m)\x1B[49m\n' +
      '\x1B[1;32m    826\x1B[0m     \x1B[38;5;28mself\x1B[39m\x1B[38;5;241m.\x1B[39m_backend\x1B[38;5;241m.\x1B[39mdisplay_immediately(plain_text, rich_output)\n',
    'File \x1B[0;32m/usr/lib/python3.13/site-packages/sage/repl/rich_output/display_manager.py:630\x1B[0m, in \x1B[0;36mDisplayManager._rich_output_formatter\x1B[0;34m(self, obj, rich_repr_kwds)\x1B[0m\n' +
      '\x1B[1;32m    628\x1B[0m     plain_text \x1B[38;5;241m=\x1B[39m \x1B[38;5;28mself\x1B[39m\x1B[38;5;241m.\x1B[39m_backend\x1B[38;5;241m.\x1B[39mplain_text_formatter(obj, \x1B[38;5;241m*\x1B[39m\x1B[38;5;241m*\x1B[39mrich_repr_kwds)\n' +
      '\x1B[1;32m    629\x1B[0m \x1B[38;5;28;01mif\x1B[39;00m rich_output \x1B[38;5;129;01mis\x1B[39;00m \x1B[38;5;28;01mNone\x1B[39;00m:\n' +
      '\x1B[0;32m--> 630\x1B[0m     rich_output \x1B[38;5;241m=\x1B[39m \x1B[38;5;28;43mself\x1B[39;49m\x1B[38;5;241;43m.\x1B[39;49m\x1B[43m_preferred_text_formatter\x1B[49m\x1B[43m(\x1B[49m\n' +
      '\x1B[1;32m    631\x1B[0m \x1B[43m        \x1B[49m\x1B[43mobj\x1B[49m\x1B[43m,\x1B[49m\x1B[43m \x1B[49m\x1B[43mplain_text\x1B[49m\x1B[38;5;241;43m=\x1B[39;49m\x1B[43mplain_text\x1B[49m\x1B[43m,\x1B[49m\x1B[43m \x1B[49m\x1B[38;5;241;43m*\x1B[39;49m\x1B[38;5;241;43m*\x1B[39;49m\x1B[43mrich_repr_kwds\x1B[49m\x1B[43m)\x1B[49m\n' +
      '\x1B[1;32m    632\x1B[0m \x1B[38;5;66;03m# promote output container types to backend-specific containers\x1B[39;00m\n' +
      '\x1B[1;32m    633\x1B[0m plain_text \x1B[38;5;241m=\x1B[39m \x1B[38;5;28mself\x1B[39m\x1B[38;5;241m.\x1B[39m_promote_output(plain_text)\n',
    'File \x1B[0;32m/usr/lib/python3.13/site-packages/sage/repl/rich_output/display_manager.py:533\x1B[0m, in \x1B[0;36mDisplayManager._preferred_text_formatter\x1B[0;34m(self, obj, plain_text, **kwds)\x1B[0m\n' +
      '\x1B[1;32m    531\x1B[0m     \x1B[38;5;28;01mreturn\x1B[39;00m out\n' +
      "\x1B[1;32m    532\x1B[0m \x1B[38;5;28;01mif\x1B[39;00m want \x1B[38;5;241m==\x1B[39m \x1B[38;5;124m'\x1B[39m\x1B[38;5;124mlatex\x1B[39m\x1B[38;5;124m'\x1B[39m \x1B[38;5;129;01mand\x1B[39;00m OutputHtml \x1B[38;5;129;01min\x1B[39;00m supported:\n" +
      '\x1B[0;32m--> 533\x1B[0m     out \x1B[38;5;241m=\x1B[39m \x1B[38;5;28;43mself\x1B[39;49m\x1B[38;5;241;43m.\x1B[39;49m\x1B[43m_backend\x1B[49m\x1B[38;5;241;43m.\x1B[39;49m\x1B[43mlatex_formatter\x1B[49m\x1B[43m(\x1B[49m\x1B[43mobj\x1B[49m\x1B[43m,\x1B[49m\x1B[43m \x1B[49m\x1B[38;5;241;43m*\x1B[39;49m\x1B[38;5;241;43m*\x1B[39;49m\x1B[43mkwds\x1B[49m\x1B[43m)\x1B[49m\n' +
      '\x1B[1;32m    534\x1B[0m     \x1B[38;5;28;01mif\x1B[39;00m \x1B[38;5;28mtype\x1B[39m(out) \x1B[38;5;129;01mis\x1B[39;00m \x1B[38;5;129;01mnot\x1B[39;00m OutputHtml:\n' +
      "\x1B[1;32m    535\x1B[0m         \x1B[38;5;28;01mraise\x1B[39;00m OutputTypeException(\x1B[38;5;124m'\x1B[39m\x1B[38;5;124mbackend returned wrong output type, require Html\x1B[39m\x1B[38;5;124m'\x1B[39m)\n",
    'File \x1B[0;32m/usr/lib/python3.13/site-packages/sage/repl/rich_output/backend_base.py:470\x1B[0m, in \x1B[0;36mBackendBase.latex_formatter\x1B[0;34m(self, obj, **kwds)\x1B[0m\n' +
      '\x1B[1;32m    468\x1B[0m \x1B[38;5;28;01mfrom\x1B[39;00m\x1B[38;5;250m \x1B[39m\x1B[38;5;21;01msage\x1B[39;00m\x1B[38;5;21;01m.\x1B[39;00m\x1B[38;5;21;01mmisc\x1B[39;00m\x1B[38;5;21;01m.\x1B[39;00m\x1B[38;5;21;01mhtml\x1B[39;00m\x1B[38;5;250m \x1B[39m\x1B[38;5;28;01mimport\x1B[39;00m html\n' +
      '\x1B[1;32m    469\x1B[0m \x1B[38;5;28;01mfrom\x1B[39;00m\x1B[38;5;250m \x1B[39m\x1B[38;5;21;01msage\x1B[39;00m\x1B[38;5;21;01m.\x1B[39;00m\x1B[38;5;21;01mrepl\x1B[39;00m\x1B[38;5;21;01m.\x1B[39;00m\x1B[38;5;21;01mrich_output\x1B[39;00m\x1B[38;5;21;01m.\x1B[39;00m\x1B[38;5;21;01moutput_browser\x1B[39;00m\x1B[38;5;250m \x1B[39m\x1B[38;5;28;01mimport\x1B[39;00m OutputHtml\n' +
      '\x1B[0;32m--> 470\x1B[0m \x1B[38;5;28;01mreturn\x1B[39;00m OutputHtml(\x1B[43mhtml\x1B[49m\x1B[43m(\x1B[49m\x1B[43mobj\x1B[49m\x1B[43m,\x1B[49m\x1B[43m \x1B[49m\x1B[43mconcatenate\x1B[49m\x1B[38;5;241;43m=\x1B[39;49m\x1B[43mconcatenate\x1B[49m\x1B[43m,\x1B[49m\x1B[43m \x1B[49m\x1B[43mstrict\x1B[49m\x1B[38;5;241;43m=\x1B[39;49m\x1B[38;5;28;43;01mTrue\x1B[39;49;00m\x1B[43m)\x1B[49m)\n',
    'File \x1B[0;32m/usr/lib/python3.13/site-packages/sage/misc/html.py:468\x1B[0m, in \x1B[0;36mHTMLFragmentFactory.__call__\x1B[0;34m(self, obj, concatenate, strict)\x1B[0m\n' +
      '\x1B[1;32m    466\x1B[0m     \x1B[38;5;28;01mif\x1B[39;00m \x1B[38;5;28misinstance\x1B[39m(obj, (\x1B[38;5;28mtuple\x1B[39m, \x1B[38;5;28mlist\x1B[39m)):\n' +
      '\x1B[1;32m    467\x1B[0m         obj \x1B[38;5;241m=\x1B[39m \x1B[38;5;28mtuple\x1B[39m(obj)\n' +
      '\x1B[0;32m--> 468\x1B[0m     result \x1B[38;5;241m=\x1B[39m \x1B[43mMathJax\x1B[49m\x1B[43m(\x1B[49m\x1B[43m)\x1B[49m\x1B[38;5;241;43m.\x1B[39;49m\x1B[43meval\x1B[49m\x1B[43m(\x1B[49m\x1B[43mobj\x1B[49m\x1B[43m,\x1B[49m\x1B[43m \x1B[49m\x1B[43mmode\x1B[49m\x1B[38;5;241;43m=\x1B[39;49m\x1B[43mmode\x1B[49m\x1B[43m,\x1B[49m\x1B[43m \x1B[49m\x1B[43mcombine_all\x1B[49m\x1B[38;5;241;43m=\x1B[39;49m\x1B[38;5;28;43;01mTrue\x1B[39;49;00m\x1B[43m)\x1B[49m\n' +
      '\x1B[1;32m    469\x1B[0m \x1B[38;5;28;01melse\x1B[39;00m:\n' +
      '\x1B[1;32m    470\x1B[0m     result \x1B[38;5;241m=\x1B[39m MathJax()\x1B[38;5;241m.\x1B[39meval(obj, mode\x1B[38;5;241m=\x1B[39mmode, combine_all\x1B[38;5;241m=\x1B[39m\x1B[38;5;28;01mFalse\x1B[39;00m)\n',
    'File \x1B[0;32m/usr/lib/python3.13/site-packages/sage/misc/html.py:303\x1B[0m, in \x1B[0;36mMathJax.eval\x1B[0;34m(self, x, globals, locals, mode, combine_all)\x1B[0m\n' +
      '\x1B[1;32m    262\x1B[0m \x1B[38;5;250m\x1B[39m\x1B[38;5;124mr\x1B[39m\x1B[38;5;124;03m"""\x1B[39;00m\n' +
      '\x1B[1;32m    263\x1B[0m \x1B[38;5;124;03mRender LaTeX input using MathJax.  This returns a :class:`MathJaxExpr`.\x1B[39;00m\n' +
      '\x1B[1;32m    264\x1B[0m \n' +
      '\x1B[0;32m   (...)\x1B[0m\n' +
      '\x1B[1;32m    300\x1B[0m \x1B[38;5;124;03m    <html>\\[\\newcommand{\\ZZ}{\\Bold{Z}}\\newcommand{\\Bold}[1]{\\mathbf{#1}}\\ZZ/6\\ZZ\\]</html>\x1B[39;00m\n' +
      '\x1B[1;32m    301\x1B[0m \x1B[38;5;124;03m"""\x1B[39;00m\n' +
      '\x1B[1;32m    302\x1B[0m \x1B[38;5;66;03m# Get a regular LaTeX representation of x\x1B[39;00m\n' +
      '\x1B[0;32m--> 303\x1B[0m x \x1B[38;5;241m=\x1B[39m \x1B[43mlatex\x1B[49m\x1B[43m(\x1B[49m\x1B[43mx\x1B[49m\x1B[43m,\x1B[49m\x1B[43m \x1B[49m\x1B[43mcombine_all\x1B[49m\x1B[38;5;241;43m=\x1B[39;49m\x1B[43mcombine_all\x1B[49m\x1B[43m)\x1B[49m\n' +
      '\x1B[1;32m    305\x1B[0m \x1B[38;5;66;03m# The "\\text{\\texttt{...}}" blocks are reformed to be renderable by MathJax.\x1B[39;00m\n' +
      '\x1B[1;32m    306\x1B[0m \x1B[38;5;66;03m# These blocks are produced by str_function() defined in sage.misc.latex.\x1B[39;00m\n' +
      '\x1B[1;32m    307\x1B[0m prefix \x1B[38;5;241m=\x1B[39m \x1B[38;5;124mr\x1B[39m\x1B[38;5;124m"\x1B[39m\x1B[38;5;124m\\\x1B[39m\x1B[38;5;124mtext\x1B[39m\x1B[38;5;124m{\x1B[39m\x1B[38;5;124m\\\x1B[39m\x1B[38;5;124mtexttt\x1B[39m\x1B[38;5;124m{\x1B[39m\x1B[38;5;124m"\x1B[39m\n',
    'File \x1B[0;32m/usr/lib/python3.13/site-packages/sage/misc/latex.py:875\x1B[0m, in \x1B[0;36mLatexCall.__call__\x1B[0;34m(self, x, combine_all)\x1B[0m\n' +
      '\x1B[1;32m    873\x1B[0m     f \x1B[38;5;241m=\x1B[39m latex_table[\x1B[38;5;28mtype\x1B[39m(x)]\n' +
      '\x1B[1;32m    874\x1B[0m     \x1B[38;5;28;01mif\x1B[39;00m \x1B[38;5;28misinstance\x1B[39m(x, \x1B[38;5;28mtuple\x1B[39m):\n' +
      '\x1B[0;32m--> 875\x1B[0m         \x1B[38;5;28;01mreturn\x1B[39;00m LatexExpr(\x1B[43mf\x1B[49m\x1B[43m(\x1B[49m\x1B[43mx\x1B[49m\x1B[43m,\x1B[49m\x1B[43m \x1B[49m\x1B[43mcombine_all\x1B[49m\x1B[38;5;241;43m=\x1B[39;49m\x1B[43mcombine_all\x1B[49m\x1B[43m)\x1B[49m)\n' +
      '\x1B[1;32m    876\x1B[0m     \x1B[38;5;28;01mreturn\x1B[39;00m LatexExpr(f(x))\n' +
      '\x1B[1;32m    877\x1B[0m \x1B[38;5;28;01mexcept\x1B[39;00m \x1B[38;5;167;01mKeyError\x1B[39;00m:\n',
    'File \x1B[0;32m/usr/lib/python3.13/site-packages/sage/misc/latex.py:124\x1B[0m, in \x1B[0;36mtuple_function\x1B[0;34m(x, combine_all)\x1B[0m\n' +
      '\x1B[1;32m     98\x1B[0m \x1B[38;5;250m\x1B[39m\x1B[38;5;124mr\x1B[39m\x1B[38;5;124;03m"""\x1B[39;00m\n' +
      '\x1B[1;32m     99\x1B[0m \x1B[38;5;124;03mReturn the LaTeX code for a tuple ``x``.\x1B[39;00m\n' +
      '\x1B[1;32m    100\x1B[0m \n' +
      '\x1B[0;32m   (...)\x1B[0m\n' +
      "\x1B[1;32m    121\x1B[0m \x1B[38;5;124;03m    '\\\\left(1, 2\\\\right) 3'\x1B[39;00m\n" +
      '\x1B[1;32m    122\x1B[0m \x1B[38;5;124;03m"""\x1B[39;00m\n' +
      '\x1B[1;32m    123\x1B[0m \x1B[38;5;28;01mif\x1B[39;00m combine_all:\n' +
      '\x1B[0;32m--> 124\x1B[0m     \x1B[38;5;28;01mreturn\x1B[39;00m \x1B[38;5;124;43m"\x1B[39;49m\x1B[38;5;124;43m \x1B[39;49m\x1B[38;5;124;43m"\x1B[39;49m\x1B[38;5;241;43m.\x1B[39;49m\x1B[43mjoin\x1B[49m\x1B[43m(\x1B[49m\x1B[43mlatex\x1B[49m\x1B[43m(\x1B[49m\x1B[43mv\x1B[49m\x1B[43m)\x1B[49m\x1B[43m \x1B[49m\x1B[38;5;28;43;01mfor\x1B[39;49;00m\x1B[43m \x1B[49m\x1B[43mv\x1B[49m\x1B[43m \x1B[49m\x1B[38;5;129;43;01min\x1B[39;49;00m\x1B[43m \x1B[49m\x1B[43mx\x1B[49m\x1B[43m)\x1B[49m\n' +
      '\x1B[1;32m    125\x1B[0m \x1B[38;5;28;01mreturn\x1B[39;00m \x1B[38;5;124m"\x1B[39m\x1B[38;5;130;01m\\\\\x1B[39;00m\x1B[38;5;124mleft(\x1B[39m\x1B[38;5;124m"\x1B[39m \x1B[38;5;241m+\x1B[39m \x1B[38;5;124m"\x1B[39m\x1B[38;5;124m, \x1B[39m\x1B[38;5;124m"\x1B[39m\x1B[38;5;241m.\x1B[39mjoin(latex(v) \x1B[38;5;28;01mfor\x1B[39;00m v \x1B[38;5;129;01min\x1B[39;00m x) \x1B[38;5;241m+\x1B[39m \x1B[38;5;124m"\x1B[39m\x1B[38;5;130;01m\\\\\x1B[39;00m\x1B[38;5;124mright)\x1B[39m\x1B[38;5;124m"\x1B[39m\n',
    'File \x1B[0;32m/usr/lib/python3.13/site-packages/sage/misc/latex.py:124\x1B[0m, in \x1B[0;36m<genexpr>\x1B[0;34m(.0)\x1B[0m\n' +
      '\x1B[1;32m     98\x1B[0m \x1B[38;5;250m\x1B[39m\x1B[38;5;124mr\x1B[39m\x1B[38;5;124;03m"""\x1B[39;00m\n' +
      '\x1B[1;32m     99\x1B[0m \x1B[38;5;124;03mReturn the LaTeX code for a tuple ``x``.\x1B[39;00m\n' +
      '\x1B[1;32m    100\x1B[0m \n' +
      '\x1B[0;32m   (...)\x1B[0m\n' +
      "\x1B[1;32m    121\x1B[0m \x1B[38;5;124;03m    '\\\\left(1, 2\\\\right) 3'\x1B[39;00m\n" +
      '\x1B[1;32m    122\x1B[0m \x1B[38;5;124;03m"""\x1B[39;00m\n' +
      '\x1B[1;32m    123\x1B[0m \x1B[38;5;28;01mif\x1B[39;00m combine_all:\n' +
      '\x1B[0;32m--> 124\x1B[0m     \x1B[38;5;28;01mreturn\x1B[39;00m \x1B[38;5;124m"\x1B[39m\x1B[38;5;124m \x1B[39m\x1B[38;5;124m"\x1B[39m\x1B[38;5;241m.\x1B[39mjoin(\x1B[43mlatex\x1B[49m\x1B[43m(\x1B[49m\x1B[43mv\x1B[49m\x1B[43m)\x1B[49m \x1B[38;5;28;01mfor\x1B[39;00m v \x1B[38;5;129;01min\x1B[39;00m x)\n' +
      '\x1B[1;32m    125\x1B[0m \x1B[38;5;28;01mreturn\x1B[39;00m \x1B[38;5;124m"\x1B[39m\x1B[38;5;130;01m\\\\\x1B[39;00m\x1B[38;5;124mleft(\x1B[39m\x1B[38;5;124m"\x1B[39m \x1B[38;5;241m+\x1B[39m \x1B[38;5;124m"\x1B[39m\x1B[38;5;124m, \x1B[39m\x1B[38;5;124m"\x1B[39m\x1B[38;5;241m.\x1B[39mjoin(latex(v) \x1B[38;5;28;01mfor\x1B[39;00m v \x1B[38;5;129;01min\x1B[39;00m x) \x1B[38;5;241m+\x1B[39m \x1B[38;5;124m"\x1B[39m\x1B[38;5;130;01m\\\\\x1B[39;00m\x1B[38;5;124mright)\x1B[39m\x1B[38;5;124m"\x1B[39m\n',
    'File \x1B[0;32m/usr/lib/python3.13/site-packages/sage/misc/latex.py:871\x1B[0m, in \x1B[0;36mLatexCall.__call__\x1B[0;34m(self, x, combine_all)\x1B[0m\n' +
      '\x1B[1;32m    842\x1B[0m \x1B[38;5;250m\x1B[39m\x1B[38;5;124mr\x1B[39m\x1B[38;5;124;03m"""\x1B[39;00m\n' +
      '\x1B[1;32m    843\x1B[0m \x1B[38;5;124;03mReturn a :class:`LatexExpr` built out of the argument ``x``.\x1B[39;00m\n' +
      '\x1B[1;32m    844\x1B[0m \n' +
      '\x1B[0;32m   (...)\x1B[0m\n' +
      '\x1B[1;32m    868\x1B[0m \x1B[38;5;124;03m    x 2\x1B[39;00m\n' +
      '\x1B[1;32m    869\x1B[0m \x1B[38;5;124;03m"""\x1B[39;00m\n' +
      '\x1B[1;32m    870\x1B[0m \x1B[38;5;28;01mif\x1B[39;00m has_latex_attr(x):\n' +
      '\x1B[0;32m--> 871\x1B[0m     \x1B[38;5;28;01mreturn\x1B[39;00m LatexExpr(\x1B[43mx\x1B[49m\x1B[38;5;241;43m.\x1B[39;49m\x1B[43m_latex_\x1B[49m\x1B[43m(\x1B[49m\x1B[43m)\x1B[49m)\n' +
      '\x1B[1;32m    872\x1B[0m \x1B[38;5;28;01mtry\x1B[39;00m:\n' +
      '\x1B[1;32m    873\x1B[0m     f \x1B[38;5;241m=\x1B[39m latex_table[\x1B[38;5;28mtype\x1B[39m(x)]\n',
    'File \x1B[0;32m/usr/lib/python3.13/site-packages/sage/plot/graphics.py:3440\x1B[0m, in \x1B[0;36mGraphics._latex_\x1B[0;34m(self, **kwds)\x1B[0m\n' +
      '\x1B[1;32m   3424\x1B[0m \x1B[38;5;250m\x1B[39m\x1B[38;5;124;03m"""\x1B[39;00m\n' +
      '\x1B[1;32m   3425\x1B[0m \x1B[38;5;124;03mReturn a string plotting ``self`` with PGF.\x1B[39;00m\n' +
      '\x1B[1;32m   3426\x1B[0m \n' +
      '\x1B[0;32m   (...)\x1B[0m\n' +
      "\x1B[1;32m   3437\x1B[0m \x1B[38;5;124;03m    '%% Creator: Matplotlib, PGF backend...\x1B[39;00m\n" +
      '\x1B[1;32m   3438\x1B[0m \x1B[38;5;124;03m"""\x1B[39;00m\n' +
      "\x1B[1;32m   3439\x1B[0m tmpfilename \x1B[38;5;241m=\x1B[39m tmp_filename(ext\x1B[38;5;241m=\x1B[39m\x1B[38;5;124m'\x1B[39m\x1B[38;5;124m.pgf\x1B[39m\x1B[38;5;124m'\x1B[39m)\n" +
      '\x1B[0;32m-> 3440\x1B[0m \x1B[38;5;28;43mself\x1B[39;49m\x1B[38;5;241;43m.\x1B[39;49m\x1B[43msave\x1B[49m\x1B[43m(\x1B[49m\x1B[43mfilename\x1B[49m\x1B[38;5;241;43m=\x1B[39;49m\x1B[43mtmpfilename\x1B[49m\x1B[43m,\x1B[49m\x1B[43m \x1B[49m\x1B[38;5;241;43m*\x1B[39;49m\x1B[38;5;241;43m*\x1B[39;49m\x1B[43mkwds\x1B[49m\x1B[43m)\x1B[49m\n' +
      '\x1B[1;32m   3441\x1B[0m \x1B[38;5;28;01mwith\x1B[39;00m \x1B[38;5;28mopen\x1B[39m(tmpfilename) \x1B[38;5;28;01mas\x1B[39;00m tmpfile:\n' +
      '\x1B[1;32m   3442\x1B[0m     latex_list \x1B[38;5;241m=\x1B[39m tmpfile\x1B[38;5;241m.\x1B[39mreadlines()\n',
    'File \x1B[0;32m/usr/lib/python3.13/site-packages/sage/misc/decorators.py:413\x1B[0m, in \x1B[0;36msuboptions.__call__.<locals>.wrapper\x1B[0;34m(*args, **kwds)\x1B[0m\n' +
      '\x1B[1;32m    409\x1B[0m         \x1B[38;5;28;01mdel\x1B[39;00m kwds[key]\n' +
      '\x1B[1;32m    411\x1B[0m kwds[\x1B[38;5;28mself\x1B[39m\x1B[38;5;241m.\x1B[39mname \x1B[38;5;241m+\x1B[39m \x1B[38;5;124m"\x1B[39m\x1B[38;5;124moptions\x1B[39m\x1B[38;5;124m"\x1B[39m] \x1B[38;5;241m=\x1B[39m suboptions\n' +
      '\x1B[0;32m--> 413\x1B[0m \x1B[38;5;28;01mreturn\x1B[39;00m \x1B[43mfunc\x1B[49m\x1B[43m(\x1B[49m\x1B[38;5;241;43m*\x1B[39;49m\x1B[43margs\x1B[49m\x1B[43m,\x1B[49m\x1B[43m \x1B[49m\x1B[38;5;241;43m*\x1B[39;49m\x1B[38;5;241;43m*\x1B[39;49m\x1B[43mkwds\x1B[49m\x1B[43m)\x1B[49m\n',
    'File \x1B[0;32m/usr/lib/python3.13/site-packages/sage/plot/graphics.py:3379\x1B[0m, in \x1B[0;36mGraphics.save\x1B[0;34m(self, filename, **kwds)\x1B[0m\n' +
      "\x1B[1;32m   3377\x1B[0m     latex_implementations\x1B[38;5;241m.\x1B[39mappend(\x1B[38;5;124m'\x1B[39m\x1B[38;5;124mlualatex\x1B[39m\x1B[38;5;124m'\x1B[39m)\n" +
      '\x1B[1;32m   3378\x1B[0m \x1B[38;5;28;01mif\x1B[39;00m \x1B[38;5;129;01mnot\x1B[39;00m latex_implementations:\n' +
      '\x1B[0;32m-> 3379\x1B[0m     \x1B[38;5;28;01mraise\x1B[39;00m \x1B[38;5;167;01mValueError\x1B[39;00m(\x1B[38;5;124m"\x1B[39m\x1B[38;5;124mMatplotlib requires either xelatex, \x1B[39m\x1B[38;5;124m"\x1B[39m\n' +
      '\x1B[1;32m   3380\x1B[0m                      \x1B[38;5;124m"\x1B[39m\x1B[38;5;124mlualatex, or pdflatex.\x1B[39m\x1B[38;5;124m"\x1B[39m)\n' +
      '\x1B[1;32m   3381\x1B[0m \x1B[38;5;28;01mif\x1B[39;00m latex_implementations[\x1B[38;5;241m0\x1B[39m] \x1B[38;5;241m==\x1B[39m \x1B[38;5;124m"\x1B[39m\x1B[38;5;124mpdflatex\x1B[39m\x1B[38;5;124m"\x1B[39m:\n' +
      '\x1B[1;32m   3382\x1B[0m     \x1B[38;5;66;03m# use pdflatex and set font encoding as per\x1B[39;00m\n' +
      '\x1B[1;32m   3383\x1B[0m     \x1B[38;5;66;03m# matplotlib documentation:\x1B[39;00m\n' +
      '\x1B[1;32m   3384\x1B[0m     \x1B[38;5;66;03m# https://matplotlib.org/users/pgf.html#pgf-tutorial\x1B[39;00m\n' +
      '\x1B[1;32m   3385\x1B[0m     pgf_options \x1B[38;5;241m=\x1B[39m {\x1B[38;5;124m"\x1B[39m\x1B[38;5;124mpgf.texsystem\x1B[39m\x1B[38;5;124m"\x1B[39m: \x1B[38;5;124m"\x1B[39m\x1B[38;5;124mpdflatex\x1B[39m\x1B[38;5;124m"\x1B[39m,\n' +
      '\x1B[1;32m   3386\x1B[0m                    \x1B[38;5;124m"\x1B[39m\x1B[38;5;124mpgf.preamble\x1B[39m\x1B[38;5;124m"\x1B[39m: [\n' +
      '\x1B[1;32m   3387\x1B[0m                        \x1B[38;5;124mr\x1B[39m\x1B[38;5;124m"\x1B[39m\x1B[38;5;124m\\\x1B[39m\x1B[38;5;124musepackage[utf8x]\x1B[39m\x1B[38;5;132;01m{inputenc}\x1B[39;00m\x1B[38;5;124m"\x1B[39m,\n' +
      '\x1B[1;32m   3388\x1B[0m                        \x1B[38;5;124mr\x1B[39m\x1B[38;5;124m"\x1B[39m\x1B[38;5;124m\\\x1B[39m\x1B[38;5;124musepackage[T1]\x1B[39m\x1B[38;5;132;01m{fontenc}\x1B[39;00m\x1B[38;5;124m"\x1B[39m]}\n',
    '\x1B[0;31mValueError\x1B[0m: Matplotlib requires either xelatex, lualatex, or pdflatex.'
  ]
}
14:08:57.720 [warn] Cell completed with errors [su [Error]: name 'f' is not defined
	at n.execute (/home/~/.vscode-oss/extensions/ms-toolsai.jupyter-2025.1.0-universal/dist/extension.node.js:297:4958)] {
  ename: 'NameError',
  evalue: "name 'f' is not defined",
  traceback: [
    '\x1B[0;31m---------------------------------------------------------------------------\x1B[0m',
    '\x1B[0;31mNameError\x1B[0m                                 Traceback (most recent call last)',
    'Cell \x1B[0;32mIn[14], line 41\x1B[0m\n' +
      '\x1B[1;32m     39\x1B[0m vB\x1B[38;5;241m=\x1B[39mdiff(xB,t)\n' +
      '\x1B[1;32m     40\x1B[0m \x1B[38;5;28mprint\x1B[39m(\x1B[38;5;124mf\x1B[39m\x1B[38;5;124m"\x1B[39m\x1B[38;5;124mPrędkość Basi = \x1B[39m\x1B[38;5;132;01m{\x1B[39;00mvB\x1B[38;5;132;01m}\x1B[39;00m\x1B[38;5;124m"\x1B[39m)\n' +
      '\x1B[0;32m---> 41\x1B[0m vC\x1B[38;5;241m=\x1B[39mdiff(\x1B[43mf\x1B[49m,t)\n' +
      '\x1B[1;32m     42\x1B[0m \x1B[38;5;28mprint\x1B[39m(\x1B[38;5;124mf\x1B[39m\x1B[38;5;124m"\x1B[39m\x1B[38;5;124mPrędkość Celiny = \x1B[39m\x1B[38;5;132;01m{\x1B[39;00mvC\x1B[38;5;132;01m}\x1B[39;00m\x1B[38;5;124m"\x1B[39m)\n' +
      '\x1B[1;32m     43\x1B[0m vD\x1B[38;5;241m=\x1B[39mdiff(xD,t)\n',
    "\x1B[0;31mNameError\x1B[0m: name 'f' is not defined"
  ]
}
14:23:29.610 [warn] Cell completed with errors [su [Error]: name 've' is not defined
	at n.execute (/home/~/.vscode-oss/extensions/ms-toolsai.jupyter-2025.1.0-universal/dist/extension.node.js:297:4958)] {
  ename: 'NameError',
  evalue: "name 've' is not defined",
  traceback: [
    '\x1B[0;31m---------------------------------------------------------------------------\x1B[0m',
    '\x1B[0;31mNameError\x1B[0m                                 Traceback (most recent call last)',
    'Cell \x1B[0;32mIn[22], line 67\x1B[0m\n' +
      '\x1B[1;32m     65\x1B[0m aD\x1B[38;5;241m=\x1B[39mdiff(vD,t)\n' +
      '\x1B[1;32m     66\x1B[0m \x1B[38;5;28mprint\x1B[39m(\x1B[38;5;124mf\x1B[39m\x1B[38;5;124m"\x1B[39m\x1B[38;5;124mPrzyspieszenie Darka = \x1B[39m\x1B[38;5;132;01m{\x1B[39;00maD\x1B[38;5;132;01m}\x1B[39;00m\x1B[38;5;124m"\x1B[39m)\n' +
      '\x1B[0;32m---> 67\x1B[0m aE\x1B[38;5;241m=\x1B[39mdiff(\x1B[43mve\x1B[49m,t)\n' +
      '\x1B[1;32m     68\x1B[0m \x1B[38;5;28mprint\x1B[39m(\x1B[38;5;124mf\x1B[39m\x1B[38;5;124m"\x1B[39m\x1B[38;5;124mPrzyspieszenie Emila = \x1B[39m\x1B[38;5;132;01m{\x1B[39;00maE\x1B[38;5;132;01m}\x1B[39;00m\x1B[38;5;124m"\x1B[39m)\n' +
      '\x1B[1;32m     70\x1B[0m show(\n' +
      `\x1B[1;32m     71\x1B[0m plot(aA, t, \x1B[38;5;241m-\x1B[39mInteger(\x1B[38;5;241m1\x1B[39m), Integer(\x1B[38;5;241m10\x1B[39m), ymax\x1B[38;5;241m=\x1B[39mInteger(\x1B[38;5;241m3\x1B[39m), ymin\x1B[38;5;241m=\x1B[39m\x1B[38;5;241m-\x1B[39mInteger(\x1B[38;5;241m3\x1B[39m), axes_labels\x1B[38;5;241m=\x1B[39m[\x1B[38;5;124m'\x1B[39m\x1B[38;5;124m$t[h]$\x1B[39m\x1B[38;5;124m'\x1B[39m, \x1B[38;5;124m'\x1B[39m\x1B[38;5;124m$V[km/h^2]$\x1B[39m\x1B[38;5;124m'\x1B[39m], figsize \x1B[38;5;241m=\x1B[39m Integer(\x1B[38;5;241m10\x1B[39m), legend_label\x1B[38;5;241m=\x1B[39m\x1B[38;5;124m"\x1B[39m\x1B[38;5;124mAnia\x1B[39m\x1B[38;5;124m"\x1B[39m, color\x1B[38;5;241m=\x1B[39m\x1B[38;5;124m"\x1B[39m\x1B[38;5;124mred\x1B[39m\x1B[38;5;124m"\x1B[39m) \x1B[38;5;241m+\x1B[39m\n` +
      `\x1B[1;32m     72\x1B[0m plot(aB, t, \x1B[38;5;241m-\x1B[39mInteger(\x1B[38;5;241m1\x1B[39m), Integer(\x1B[38;5;241m10\x1B[39m), ymax\x1B[38;5;241m=\x1B[39mInteger(\x1B[38;5;241m3\x1B[39m), ymin\x1B[38;5;241m=\x1B[39m\x1B[38;5;241m-\x1B[39mInteger(\x1B[38;5;241m3\x1B[39m), axes_labels\x1B[38;5;241m=\x1B[39m[\x1B[38;5;124m'\x1B[39m\x1B[38;5;124m$t[h]$\x1B[39m\x1B[38;5;124m'\x1B[39m, \x1B[38;5;124m'\x1B[39m\x1B[38;5;124m$V[km/h^2]$\x1B[39m\x1B[38;5;124m'\x1B[39m], figsize \x1B[38;5;241m=\x1B[39m Integer(\x1B[38;5;241m10\x1B[39m), legend_label\x1B[38;5;241m=\x1B[39m\x1B[38;5;124m"\x1B[39m\x1B[38;5;124mBasia\x1B[39m\x1B[38;5;124m"\x1B[39m, color\x1B[38;5;241m=\x1B[39m\x1B[38;5;124m"\x1B[39m\x1B[38;5;124mblue\x1B[39m\x1B[38;5;124m"\x1B[39m) \x1B[38;5;241m+\x1B[39m\n` +
      '\x1B[0;32m   (...)\x1B[0m\n' +
      '\x1B[1;32m     77\x1B[0m \n' +
      '\x1B[1;32m     78\x1B[0m )\n',
    "\x1B[0;31mNameError\x1B[0m: name 've' is not defined"
  ]
}
14:30:41.800 [info] Starting Kernel (SageMath 10.5) for 'Untitled-1' (disableUI=true)
14:30:41.811 [info] Launching Raw Kernel SageMath 10.5 # /usr/bin/sage
14:30:41.821 [info] Process Execution: /usr/bin/sage --python -m sage.repl.ipython_kernel -f /home/~/.local/share/jupyter/runtime/kernel-v3bf3c40674b8e7e46ba789d635a41e7e23179bc55.json
    > cwd: ~/programowanie
14:30:43.538 [warn] Kernel completions not enabled for 'SageMath 10.5'. 
To enable Kernel completion for this language please add the following setting 
jupyter.completionTriggerCharacters = {sage: [<List of characters that will trigger completions>]}. 
For more information please see https://aka.ms/vscodeJupyterCompletion
14:30:43.540 [info] Kernel successfully started
14:30:43.540 [warn] No nbextensions folder found for kernel .sagemath./usr/bin/sage././usr/bin/sage#--python#-m#sage.repl.ipython_kernel#-f#{connection_file}
14:31:08.867 [warn] Cell completed with errors [su [Error]: name 't' is not defined
	at n.execute (/home/~/.vscode-oss/extensions/ms-toolsai.jupyter-2025.1.0-universal/dist/extension.node.js:297:4958)] {
  ename: 'NameError',
  evalue: "name 't' is not defined",
  traceback: [
    '\x1B[0;31m---------------------------------------------------------------------------\x1B[0m',
    '\x1B[0;31mNameError\x1B[0m                                 Traceback (most recent call last)',
    'Cell \x1B[0;32mIn[1], line 1\x1B[0m\n' +
      '\x1B[0;32m----> 1\x1B[0m Xs \x1B[38;5;241m=\x1B[39m \x1B[43mt\x1B[49m\x1B[38;5;241m*\x1B[39m\x1B[38;5;241m*\x1B[39mInteger(\x1B[38;5;241m3\x1B[39m)\x1B[38;5;241m+\x1B[39mt\x1B[38;5;241m*\x1B[39m\x1B[38;5;241m*\x1B[39mInteger(\x1B[38;5;241m2\x1B[39m)\x1B[38;5;241m+\x1B[39mInteger(\x1B[38;5;241m50\x1B[39m)\n' +
      '\x1B[1;32m      2\x1B[0m Var(\x1B[38;5;124m"\x1B[39m\x1B[38;5;124mt\x1B[39m\x1B[38;5;124m"\x1B[39m)\n',
    "\x1B[0;31mNameError\x1B[0m: name 't' is not defined"
  ]
}
14:32:27.569 [warn] Cell completed with errors [su [Error]: name 'xA' is not defined
	at n.execute (/home/~/.vscode-oss/extensions/ms-toolsai.jupyter-2025.1.0-universal/dist/extension.node.js:297:4958)] {
  ename: 'NameError',
  evalue: "name 'xA' is not defined",
  traceback: [
    '\x1B[0;31m---------------------------------------------------------------------------\x1B[0m',
    '\x1B[0;31mNameError\x1B[0m                                 Traceback (most recent call last)',
    'Cell \x1B[0;32mIn[3], line 4\x1B[0m\n' +
      '\x1B[1;32m      1\x1B[0m var(\x1B[38;5;124m"\x1B[39m\x1B[38;5;124mt\x1B[39m\x1B[38;5;124m"\x1B[39m) \n' +
      '\x1B[1;32m      2\x1B[0m Xs \x1B[38;5;241m=\x1B[39m t\x1B[38;5;241m*\x1B[39m\x1B[38;5;241m*\x1B[39mInteger(\x1B[38;5;241m3\x1B[39m)\x1B[38;5;241m+\x1B[39mt\x1B[38;5;241m*\x1B[39m\x1B[38;5;241m*\x1B[39mInteger(\x1B[38;5;241m2\x1B[39m)\x1B[38;5;241m+\x1B[39mInteger(\x1B[38;5;241m50\x1B[39m)\n' +
      '\x1B[1;32m      3\x1B[0m show(\n' +
      `\x1B[0;32m----> 4\x1B[0m plot(\x1B[43mxA\x1B[49m, t, \x1B[38;5;241m-\x1B[39mInteger(\x1B[38;5;241m1\x1B[39m), Integer(\x1B[38;5;241m10\x1B[39m), ymax\x1B[38;5;241m=\x1B[39mInteger(\x1B[38;5;241m40\x1B[39m), ymin\x1B[38;5;241m=\x1B[39m\x1B[38;5;241m-\x1B[39mInteger(\x1B[38;5;241m20\x1B[39m), axes_labels\x1B[38;5;241m=\x1B[39m[\x1B[38;5;124m'\x1B[39m\x1B[38;5;124m$t[h]$\x1B[39m\x1B[38;5;124m'\x1B[39m, \x1B[38;5;124m'\x1B[39m\x1B[38;5;124m$x[km]$\x1B[39m\x1B[38;5;124m'\x1B[39m], figsize \x1B[38;5;241m=\x1B[39m Integer(\x1B[38;5;241m10\x1B[39m), legend_label\x1B[38;5;241m=\x1B[39m\x1B[38;5;124m"\x1B[39m\x1B[38;5;124mAnia\x1B[39m\x1B[38;5;124m"\x1B[39m, color\x1B[38;5;241m=\x1B[39m\x1B[38;5;124m"\x1B[39m\x1B[38;5;124mred\x1B[39m\x1B[38;5;124m"\x1B[39m)\n` +
      '\x1B[1;32m      5\x1B[0m )\n',
    "\x1B[0;31mNameError\x1B[0m: name 'xA' is not defined"
  ]
}
14:35:25.111 [warn] Cell completed with errors [su [Error]: plot start point and end point must be different
	at n.execute (/home/~/.vscode-oss/extensions/ms-toolsai.jupyter-2025.1.0-universal/dist/extension.node.js:297:4958)] {
  ename: 'ValueError',
  evalue: 'plot start point and end point must be different',
  traceback: [
    '\x1B[0;31m---------------------------------------------------------------------------\x1B[0m',
    '\x1B[0;31mValueError\x1B[0m                                Traceback (most recent call last)',
    'Cell \x1B[0;32mIn[11], line 6\x1B[0m\n' +
      '\x1B[1;32m      1\x1B[0m var(\x1B[38;5;124m"\x1B[39m\x1B[38;5;124mt\x1B[39m\x1B[38;5;124m"\x1B[39m) \n' +
      '\x1B[1;32m      2\x1B[0m Xs \x1B[38;5;241m=\x1B[39m t\x1B[38;5;241m*\x1B[39m\x1B[38;5;241m*\x1B[39mInteger(\x1B[38;5;241m3\x1B[39m)\x1B[38;5;241m+\x1B[39mt\x1B[38;5;241m*\x1B[39m\x1B[38;5;241m*\x1B[39mInteger(\x1B[38;5;241m2\x1B[39m)\x1B[38;5;241m+\x1B[39mInteger(\x1B[38;5;241m50\x1B[39m)\n' +
      '\x1B[1;32m      5\x1B[0m show(\n' +
      `\x1B[0;32m----> 6\x1B[0m \x1B[43mplot\x1B[49m\x1B[43m(\x1B[49m\x1B[43mXs\x1B[49m\x1B[43m,\x1B[49m\x1B[43m \x1B[49m\x1B[43mt\x1B[49m\x1B[43m,\x1B[49m\x1B[43m \x1B[49m\x1B[43mInteger\x1B[49m\x1B[43m(\x1B[49m\x1B[38;5;241;43m1\x1B[39;49m\x1B[43m)\x1B[49m\x1B[43m,\x1B[49m\x1B[43m \x1B[49m\x1B[43mInteger\x1B[49m\x1B[43m(\x1B[49m\x1B[38;5;241;43m1\x1B[39;49m\x1B[43m)\x1B[49m\x1B[43m,\x1B[49m\x1B[43m \x1B[49m\x1B[43mymax\x1B[49m\x1B[38;5;241;43m=\x1B[39;49m\x1B[43mInteger\x1B[49m\x1B[43m(\x1B[49m\x1B[38;5;241;43m100\x1B[39;49m\x1B[43m)\x1B[49m\x1B[43m,\x1B[49m\x1B[43m \x1B[49m\x1B[43mymin\x1B[49m\x1B[38;5;241;43m=\x1B[39;49m\x1B[43mInteger\x1B[49m\x1B[43m(\x1B[49m\x1B[38;5;241;43m0\x1B[39;49m\x1B[43m)\x1B[49m\x1B[43m,\x1B[49m\x1B[43m \x1B[49m\x1B[43maxes_labels\x1B[49m\x1B[38;5;241;43m=\x1B[39;49m\x1B[43m[\x1B[49m\x1B[38;5;124;43m'\x1B[39;49m\x1B[38;5;124;43m$t[h]$\x1B[39;49m\x1B[38;5;124;43m'\x1B[39;49m\x1B[43m,\x1B[49m\x1B[43m \x1B[49m\x1B[38;5;124;43m'\x1B[39;49m\x1B[38;5;124;43m$x[km]$\x1B[39;49m\x1B[38;5;124;43m'\x1B[39;49m\x1B[43m]\x1B[49m\x1B[43m,\x1B[49m\x1B[43m \x1B[49m\x1B[43mfigsize\x1B[49m\x1B[43m \x1B[49m\x1B[38;5;241;43m=\x1B[39;49m\x1B[43m \x1B[49m\x1B[43mInteger\x1B[49m\x1B[43m(\x1B[49m\x1B[38;5;241;43m10\x1B[39;49m\x1B[43m)\x1B[49m\x1B[43m,\x1B[49m\x1B[43m \x1B[49m\x1B[43mlegend_label\x1B[49m\x1B[38;5;241;43m=\x1B[39;49m\x1B[38;5;124;43m"\x1B[39;49m\x1B[38;5;124;43mSamolot\x1B[39;49m\x1B[38;5;124;43m"\x1B[39;49m\x1B[43m,\x1B[49m\x1B[43m \x1B[49m\x1B[43mcolor\x1B[49m\x1B[38;5;241;43m=\x1B[39;49m\x1B[38;5;124;43m"\x1B[39;49m\x1B[38;5;124;43mred\x1B[39;49m\x1B[38;5;124;43m"\x1B[39;49m\x1B[43m)\x1B[49m\n` +
      '\x1B[1;32m      7\x1B[0m )\n',
    'File \x1B[0;32m/usr/lib/python3.13/site-packages/sage/misc/decorators.py:495\x1B[0m, in \x1B[0;36moptions.__call__.<locals>.wrapper\x1B[0;34m(*args, **kwds)\x1B[0m\n' +
      "\x1B[1;32m    493\x1B[0m     options[\x1B[38;5;124m'\x1B[39m\x1B[38;5;124m__original_opts\x1B[39m\x1B[38;5;124m'\x1B[39m] \x1B[38;5;241m=\x1B[39m kwds\n" +
      '\x1B[1;32m    494\x1B[0m options\x1B[38;5;241m.\x1B[39mupdate(kwds)\n' +
      '\x1B[0;32m--> 495\x1B[0m \x1B[38;5;28;01mreturn\x1B[39;00m \x1B[43mfunc\x1B[49m\x1B[43m(\x1B[49m\x1B[38;5;241;43m*\x1B[39;49m\x1B[43margs\x1B[49m\x1B[43m,\x1B[49m\x1B[43m \x1B[49m\x1B[38;5;241;43m*\x1B[39;49m\x1B[38;5;241;43m*\x1B[39;49m\x1B[43moptions\x1B[49m\x1B[43m)\x1B[49m\n',
    'File \x1B[0;32m/usr/lib/python3.13/site-packages/sage/plot/plot.py:2033\x1B[0m, in \x1B[0;36mplot\x1B[0;34m(funcs, *args, **kwds)\x1B[0m\n' +
      '\x1B[1;32m   2030\x1B[0m     funcs \x1B[38;5;241m=\x1B[39m \x1B[38;5;28mtuple\x1B[39m(funcs)\n' +
      "\x1B[1;32m   2032\x1B[0m \x1B[38;5;28;01mif\x1B[39;00m \x1B[38;5;28mhasattr\x1B[39m(funcs, \x1B[38;5;124m'\x1B[39m\x1B[38;5;124mplot\x1B[39m\x1B[38;5;124m'\x1B[39m):\n" +
      '\x1B[0;32m-> 2033\x1B[0m     G \x1B[38;5;241m=\x1B[39m \x1B[43mfuncs\x1B[49m\x1B[38;5;241;43m.\x1B[39;49m\x1B[43mplot\x1B[49m\x1B[43m(\x1B[49m\x1B[38;5;241;43m*\x1B[39;49m\x1B[43margs\x1B[49m\x1B[43m,\x1B[49m\x1B[43m \x1B[49m\x1B[38;5;241;43m*\x1B[39;49m\x1B[38;5;241;43m*\x1B[39;49m\x1B[43moriginal_opts\x1B[49m\x1B[43m)\x1B[49m\n' +
      '\x1B[1;32m   2035\x1B[0m     \x1B[38;5;66;03m# If we have extra keywords already set, then update them\x1B[39;00m\n' +
      '\x1B[1;32m   2036\x1B[0m     \x1B[38;5;28;01mfor\x1B[39;00m ext \x1B[38;5;129;01min\x1B[39;00m G\x1B[38;5;241m.\x1B[39m_extra_kwds:\n',
    'File \x1B[0;32m/usr/lib/python3.13/site-packages/sage/symbolic/expression.pyx:12899\x1B[0m, in \x1B[0;36msage.symbolic.expression.Expression.plot (build/cythonized/sage/symbolic/expression.cpp:118800)\x1B[0;34m()\x1B[0m\n' +
      '\x1B[1;32m  12897\x1B[0m         except NotImplementedError:\n' +
      '\x1B[1;32m  12898\x1B[0m             return self.function(param)\n' +
      '\x1B[0;32m> 12899\x1B[0m     return plot(f, *args, **kwds)\n' +
      '\x1B[1;32m  12900\x1B[0m \n' +
      '\x1B[1;32m  12901\x1B[0m def _plot_fast_callable(self, *vars):\n',
    'File \x1B[0;32m/usr/lib/python3.13/site-packages/sage/misc/decorators.py:495\x1B[0m, in \x1B[0;36moptions.__call__.<locals>.wrapper\x1B[0;34m(*args, **kwds)\x1B[0m\n' +
      "\x1B[1;32m    493\x1B[0m     options[\x1B[38;5;124m'\x1B[39m\x1B[38;5;124m__original_opts\x1B[39m\x1B[38;5;124m'\x1B[39m] \x1B[38;5;241m=\x1B[39m kwds\n" +
      '\x1B[1;32m    494\x1B[0m options\x1B[38;5;241m.\x1B[39mupdate(kwds)\n' +
      '\x1B[0;32m--> 495\x1B[0m \x1B[38;5;28;01mreturn\x1B[39;00m \x1B[43mfunc\x1B[49m\x1B[43m(\x1B[49m\x1B[38;5;241;43m*\x1B[39;49m\x1B[43margs\x1B[49m\x1B[43m,\x1B[49m\x1B[43m \x1B[49m\x1B[38;5;241;43m*\x1B[39;49m\x1B[38;5;241;43m*\x1B[39;49m\x1B[43moptions\x1B[49m\x1B[43m)\x1B[49m\n',
    'File \x1B[0;32m/usr/lib/python3.13/site-packages/sage/plot/plot.py:2058\x1B[0m, in \x1B[0;36mplot\x1B[0;34m(funcs, *args, **kwds)\x1B[0m\n' +
      '\x1B[1;32m   2056\x1B[0m     xmax \x1B[38;5;241m=\x1B[39m args[\x1B[38;5;241m1\x1B[39m]\n' +
      '\x1B[1;32m   2057\x1B[0m     args \x1B[38;5;241m=\x1B[39m args[\x1B[38;5;241m2\x1B[39m:]\n' +
      '\x1B[0;32m-> 2058\x1B[0m     G \x1B[38;5;241m=\x1B[39m \x1B[43m_plot\x1B[49m\x1B[43m(\x1B[49m\x1B[43mfuncs\x1B[49m\x1B[43m,\x1B[49m\x1B[43m \x1B[49m\x1B[43m(\x1B[49m\x1B[43mxmin\x1B[49m\x1B[43m,\x1B[49m\x1B[43m \x1B[49m\x1B[43mxmax\x1B[49m\x1B[43m)\x1B[49m\x1B[43m,\x1B[49m\x1B[43m \x1B[49m\x1B[38;5;241;43m*\x1B[39;49m\x1B[43margs\x1B[49m\x1B[43m,\x1B[49m\x1B[43m \x1B[49m\x1B[38;5;241;43m*\x1B[39;49m\x1B[38;5;241;43m*\x1B[39;49m\x1B[43mkwds\x1B[49m\x1B[43m)\x1B[49m\n' +
      '\x1B[1;32m   2059\x1B[0m \x1B[38;5;28;01melif\x1B[39;00m n \x1B[38;5;241m==\x1B[39m \x1B[38;5;241m3\x1B[39m:\n' +
      '\x1B[1;32m   2060\x1B[0m \x1B[38;5;66;03m# if there are three extra args, then pull them out and pass them as a tuple\x1B[39;00m\n' +
      '\x1B[1;32m   2061\x1B[0m     var \x1B[38;5;241m=\x1B[39m args[\x1B[38;5;241m0\x1B[39m]\n',
    'File \x1B[0;32m/usr/lib/python3.13/site-packages/sage/plot/plot.py:2175\x1B[0m, in \x1B[0;36m_plot\x1B[0;34m(funcs, xrange, parametric, polar, fill, label, randomize, **options)\x1B[0m\n' +
      '\x1B[1;32m   2173\x1B[0m excluded_points \x1B[38;5;241m=\x1B[39m []\n' +
      '\x1B[1;32m   2174\x1B[0m imag_tol \x1B[38;5;241m=\x1B[39m options[\x1B[38;5;124m"\x1B[39m\x1B[38;5;124mimaginary_tolerance\x1B[39m\x1B[38;5;124m"\x1B[39m]\n' +
      '\x1B[0;32m-> 2175\x1B[0m funcs, ranges \x1B[38;5;241m=\x1B[39m \x1B[43msetup_for_eval_on_grid\x1B[49m\x1B[43m(\x1B[49m\x1B[43mfuncs\x1B[49m\x1B[43m,\x1B[49m\n' +
      '\x1B[1;32m   2176\x1B[0m \x1B[43m                                       \x1B[49m\x1B[43m[\x1B[49m\x1B[43mxrange\x1B[49m\x1B[43m]\x1B[49m\x1B[43m,\x1B[49m\n' +
      "\x1B[1;32m   2177\x1B[0m \x1B[43m                                       \x1B[49m\x1B[43moptions\x1B[49m\x1B[43m[\x1B[49m\x1B[38;5;124;43m'\x1B[39;49m\x1B[38;5;124;43mplot_points\x1B[39;49m\x1B[38;5;124;43m'\x1B[39;49m\x1B[43m]\x1B[49m\x1B[43m,\x1B[49m\n" +
      '\x1B[1;32m   2178\x1B[0m \x1B[43m                                       \x1B[49m\x1B[43mimaginary_tolerance\x1B[49m\x1B[38;5;241;43m=\x1B[39;49m\x1B[43mimag_tol\x1B[49m\x1B[43m)\x1B[49m\n' +
      '\x1B[1;32m   2179\x1B[0m xmin, xmax, delta \x1B[38;5;241m=\x1B[39m ranges[\x1B[38;5;241m0\x1B[39m]\n' +
      '\x1B[1;32m   2180\x1B[0m xrange \x1B[38;5;241m=\x1B[39m ranges[\x1B[38;5;241m0\x1B[39m][:\x1B[38;5;241m2\x1B[39m]\n',
    'File \x1B[0;32m/usr/lib/python3.13/site-packages/sage/plot/misc.py:167\x1B[0m, in \x1B[0;36msetup_for_eval_on_grid\x1B[0;34m(funcs, ranges, plot_points, return_vars, imaginary_tolerance)\x1B[0m\n' +
      '\x1B[1;32m    165\x1B[0m range_steps \x1B[38;5;241m=\x1B[39m [\x1B[38;5;28mabs\x1B[39m(\x1B[38;5;28mrange\x1B[39m[\x1B[38;5;241m1\x1B[39m] \x1B[38;5;241m-\x1B[39m \x1B[38;5;28mrange\x1B[39m[\x1B[38;5;241m0\x1B[39m])\x1B[38;5;241m/\x1B[39m(p\x1B[38;5;241m-\x1B[39m\x1B[38;5;241m1\x1B[39m) \x1B[38;5;28;01mfor\x1B[39;00m \x1B[38;5;28mrange\x1B[39m, p \x1B[38;5;129;01min\x1B[39;00m \x1B[38;5;28mzip\x1B[39m(ranges, plot_points)]\n' +
      '\x1B[1;32m    166\x1B[0m \x1B[38;5;28;01mif\x1B[39;00m \x1B[38;5;28mmin\x1B[39m(range_steps) \x1B[38;5;241m==\x1B[39m \x1B[38;5;28mfloat\x1B[39m(\x1B[38;5;241m0\x1B[39m):\n' +
      '\x1B[0;32m--> 167\x1B[0m     \x1B[38;5;28;01mraise\x1B[39;00m \x1B[38;5;167;01mValueError\x1B[39;00m(\x1B[38;5;124m"\x1B[39m\x1B[38;5;124mplot start point and end point must be different\x1B[39m\x1B[38;5;124m"\x1B[39m)\n' +
      '\x1B[1;32m    169\x1B[0m eov \x1B[38;5;241m=\x1B[39m \x1B[38;5;28;01mFalse\x1B[39;00m  \x1B[38;5;66;03m# eov = "expect one value"\x1B[39;00m\n' +
      '\x1B[1;32m    170\x1B[0m \x1B[38;5;28;01mif\x1B[39;00m nargs \x1B[38;5;241m==\x1B[39m \x1B[38;5;241m1\x1B[39m:\n',
    '\x1B[0;31mValueError\x1B[0m: plot start point and end point must be different'
  ]
}
14:37:37.737 [warn] Cell completed with errors [su [Error]: name 'XS' is not defined
	at n.execute (/home/~/.vscode-oss/extensions/ms-toolsai.jupyter-2025.1.0-universal/dist/extension.node.js:297:4958)] {
  ename: 'NameError',
  evalue: "name 'XS' is not defined",
  traceback: [
    '\x1B[0;31m---------------------------------------------------------------------------\x1B[0m',
    '\x1B[0;31mNameError\x1B[0m                                 Traceback (most recent call last)',
    'Cell \x1B[0;32mIn[20], line 9\x1B[0m\n' +
      '\x1B[1;32m      2\x1B[0m Xs \x1B[38;5;241m=\x1B[39m t\x1B[38;5;241m*\x1B[39m\x1B[38;5;241m*\x1B[39mInteger(\x1B[38;5;241m3\x1B[39m)\x1B[38;5;241m+\x1B[39mt\x1B[38;5;241m*\x1B[39m\x1B[38;5;241m*\x1B[39mInteger(\x1B[38;5;241m2\x1B[39m)\x1B[38;5;241m+\x1B[39mInteger(\x1B[38;5;241m50\x1B[39m)\n' +
      '\x1B[1;32m      5\x1B[0m show(\n' +
      `\x1B[1;32m      6\x1B[0m plot(Xs, t, Integer(\x1B[38;5;241m0\x1B[39m), Integer(\x1B[38;5;241m12\x1B[39m), ymax\x1B[38;5;241m=\x1B[39mInteger(\x1B[38;5;241m3000\x1B[39m), ymin\x1B[38;5;241m=\x1B[39mInteger(\x1B[38;5;241m0\x1B[39m), axes_labels\x1B[38;5;241m=\x1B[39m[\x1B[38;5;124m'\x1B[39m\x1B[38;5;124m$t[h]$\x1B[39m\x1B[38;5;124m'\x1B[39m, \x1B[38;5;124m'\x1B[39m\x1B[38;5;124m$x[km]$\x1B[39m\x1B[38;5;124m'\x1B[39m], figsize \x1B[38;5;241m=\x1B[39m Integer(\x1B[38;5;241m10\x1B[39m), legend_label\x1B[38;5;241m=\x1B[39m\x1B[38;5;124m"\x1B[39m\x1B[38;5;124mSamolot\x1B[39m\x1B[38;5;124m"\x1B[39m, color\x1B[38;5;241m=\x1B[39m\x1B[38;5;124m"\x1B[39m\x1B[38;5;124mred\x1B[39m\x1B[38;5;124m"\x1B[39m)\n` +
      '\x1B[1;32m      7\x1B[0m )\n' +
      '\x1B[0;32m----> 9\x1B[0m zad1 \x1B[38;5;241m=\x1B[39m solve(\x1B[43mXS\x1B[49m \x1B[38;5;241m==\x1B[39m Integer(\x1B[38;5;241m20\x1B[39m),t)\n' +
      '\x1B[1;32m     10\x1B[0m \x1B[38;5;28mprint\x1B[39m(zad1)\n',
    "\x1B[0;31mNameError\x1B[0m: name 'XS' is not defined"
  ]
}
14:39:45.927 [warn] Cell completed with errors [su [Error]: 2 is not a valid variable.
	at n.execute (/home/~/.vscode-oss/extensions/ms-toolsai.jupyter-2025.1.0-universal/dist/extension.node.js:297:4958)] {
  ename: 'TypeError',
  evalue: '2 is not a valid variable.',
  traceback: [
    '\x1B[0;31m---------------------------------------------------------------------------\x1B[0m',
    '\x1B[0;31mTypeError\x1B[0m                                 Traceback (most recent call last)',
    'Cell \x1B[0;32mIn[23], line 9\x1B[0m\n' +
      '\x1B[1;32m      2\x1B[0m Xs \x1B[38;5;241m=\x1B[39m t\x1B[38;5;241m*\x1B[39m\x1B[38;5;241m*\x1B[39mInteger(\x1B[38;5;241m3\x1B[39m)\x1B[38;5;241m+\x1B[39mt\x1B[38;5;241m*\x1B[39m\x1B[38;5;241m*\x1B[39mInteger(\x1B[38;5;241m2\x1B[39m)\x1B[38;5;241m+\x1B[39mInteger(\x1B[38;5;241m50\x1B[39m)\n' +
      '\x1B[1;32m      5\x1B[0m show(\n' +
      `\x1B[1;32m      6\x1B[0m plot(Xs, t, Integer(\x1B[38;5;241m0\x1B[39m), Integer(\x1B[38;5;241m12\x1B[39m), ymax\x1B[38;5;241m=\x1B[39mInteger(\x1B[38;5;241m3000\x1B[39m), ymin\x1B[38;5;241m=\x1B[39mInteger(\x1B[38;5;241m0\x1B[39m), axes_labels\x1B[38;5;241m=\x1B[39m[\x1B[38;5;124m'\x1B[39m\x1B[38;5;124m$t[h]$\x1B[39m\x1B[38;5;124m'\x1B[39m, \x1B[38;5;124m'\x1B[39m\x1B[38;5;124m$x[km]$\x1B[39m\x1B[38;5;124m'\x1B[39m], figsize \x1B[38;5;241m=\x1B[39m Integer(\x1B[38;5;241m10\x1B[39m), legend_label\x1B[38;5;241m=\x1B[39m\x1B[38;5;124m"\x1B[39m\x1B[38;5;124mSamolot\x1B[39m\x1B[38;5;124m"\x1B[39m, color\x1B[38;5;241m=\x1B[39m\x1B[38;5;124m"\x1B[39m\x1B[38;5;124mred\x1B[39m\x1B[38;5;124m"\x1B[39m)\n` +
      '\x1B[1;32m      7\x1B[0m )\n' +
      '\x1B[0;32m----> 9\x1B[0m zad1 \x1B[38;5;241m=\x1B[39m \x1B[43msolve\x1B[49m\x1B[43m(\x1B[49m\x1B[43mXs\x1B[49m\x1B[43m \x1B[49m\x1B[38;5;241;43m==\x1B[39;49m\x1B[43m \x1B[49m\x1B[43mx\x1B[49m\x1B[43m,\x1B[49m\x1B[43mInteger\x1B[49m\x1B[43m(\x1B[49m\x1B[38;5;241;43m2\x1B[39;49m\x1B[43m)\x1B[49m\x1B[43m)\x1B[49m\n' +
      '\x1B[1;32m     10\x1B[0m \x1B[38;5;28mprint\x1B[39m(zad1)\n',
    'File \x1B[0;32m/usr/lib/python3.13/site-packages/sage/symbolic/relation.py:1057\x1B[0m, in \x1B[0;36msolve\x1B[0;34m(f, *args, **kwds)\x1B[0m\n' +
      '\x1B[1;32m   1055\x1B[0m     x \x1B[38;5;241m=\x1B[39m \x1B[38;5;28mvars\x1B[39m[\x1B[38;5;241m0\x1B[39m]\n' +
      '\x1B[1;32m   1056\x1B[0m \x1B[38;5;28;01melif\x1B[39;00m \x1B[38;5;129;01mnot\x1B[39;00m \x1B[38;5;28misinstance\x1B[39m(x, Expression):\n' +
      '\x1B[0;32m-> 1057\x1B[0m     \x1B[38;5;28;01mraise\x1B[39;00m \x1B[38;5;167;01mTypeError\x1B[39;00m(\x1B[38;5;124m"\x1B[39m\x1B[38;5;132;01m%s\x1B[39;00m\x1B[38;5;124m is not a valid variable.\x1B[39m\x1B[38;5;124m"\x1B[39m \x1B[38;5;241m%\x1B[39m \x1B[38;5;28mrepr\x1B[39m(x))\n' +
      '\x1B[1;32m   1059\x1B[0m \x1B[38;5;28;01mif\x1B[39;00m \x1B[38;5;28misinstance\x1B[39m(f, (\x1B[38;5;28mlist\x1B[39m, \x1B[38;5;28mtuple\x1B[39m)) \x1B[38;5;129;01mand\x1B[39;00m \x1B[38;5;28mlen\x1B[39m(f) \x1B[38;5;241m==\x1B[39m \x1B[38;5;241m1\x1B[39m:\n' +
      '\x1B[1;32m   1060\x1B[0m     \x1B[38;5;66;03m# f is a list with a single element\x1B[39;00m\n' +
      '\x1B[1;32m   1061\x1B[0m     \x1B[38;5;28;01mif\x1B[39;00m \x1B[38;5;28misinstance\x1B[39m(f[\x1B[38;5;241m0\x1B[39m], Expression):\n',
    '\x1B[0;31mTypeError\x1B[0m: 2 is not a valid variable.'
  ]
}
14:44:15.605 [warn] Cell completed with errors [su [Error]: invalid syntax (2497789364.py, line 8)
	at n.execute (/home/~/.vscode-oss/extensions/ms-toolsai.jupyter-2025.1.0-universal/dist/extension.node.js:297:4958)] {
  ename: 'SyntaxError',
  evalue: 'invalid syntax (2497789364.py, line 8)',
  traceback: [
    '\x1B[0;36m  Cell \x1B[0;32mIn[28], line 8\x1B[0;36m\x1B[0m\n' +
      '\x1B[0;31m    )\x1B[0m\n' +
      '\x1B[0m    ^\x1B[0m\n' +
      '\x1B[0;31mSyntaxError\x1B[0m\x1B[0;31m:\x1B[0m invalid syntax\n'
  ]
}
14:45:08.937 [warn] Cell completed with errors [su [Error]: invalid syntax. Perhaps you forgot a comma? (3409726528.py, line 9)
	at n.execute (/home/~/.vscode-oss/extensions/ms-toolsai.jupyter-2025.1.0-universal/dist/extension.node.js:297:4958)] {
  ename: 'SyntaxError',
  evalue: 'invalid syntax. Perhaps you forgot a comma? (3409726528.py, line 9)',
  traceback: [
    '\x1B[0;36m  Cell \x1B[0;32mIn[30], line 9\x1B[0;36m\x1B[0m\n' +
      "\x1B[0;31m    point((Integer(2), Integer(62))Integer(6), size = Integer(25), color = 'orange', legend_label='8 Sekunda')\x1B[0m\n" +
      '\x1B[0m          ^\x1B[0m\n' +
      '\x1B[0;31mSyntaxError\x1B[0m\x1B[0;31m:\x1B[0m invalid syntax. Perhaps you forgot a comma?\n'
  ]
}
14:46:34.001 [warn] Cell completed with errors [su [Error]: name 'vA' is not defined
	at n.execute (/home/~/.vscode-oss/extensions/ms-toolsai.jupyter-2025.1.0-universal/dist/extension.node.js:297:4958)] {
  ename: 'NameError',
  evalue: "name 'vA' is not defined",
  traceback: [
    '\x1B[0;31m---------------------------------------------------------------------------\x1B[0m',
    '\x1B[0;31mNameError\x1B[0m                                 Traceback (most recent call last)',
    'Cell \x1B[0;32mIn[33], line 21\x1B[0m\n' +
      '\x1B[1;32m     17\x1B[0m \x1B[38;5;28mprint\x1B[39m(Xs(t\x1B[38;5;241m=\x1B[39mInteger(\x1B[38;5;241m8\x1B[39m)))\n' +
      '\x1B[1;32m     20\x1B[0m Xs\x1B[38;5;241m=\x1B[39mdiff(Xs,t)\n' +
      '\x1B[0;32m---> 21\x1B[0m \x1B[38;5;28mprint\x1B[39m(\x1B[38;5;124mf\x1B[39m\x1B[38;5;124m"\x1B[39m\x1B[38;5;130;01m\\n\x1B[39;00m\x1B[38;5;124mPrędkość Samolotu = \x1B[39m\x1B[38;5;132;01m{\x1B[39;00m\x1B[43mvA\x1B[49m\x1B[38;5;132;01m}\x1B[39;00m\x1B[38;5;124m"\x1B[39m)\n',
    "\x1B[0;31mNameError\x1B[0m: name 'vA' is not defined"
  ]
}
14:47:01.696 [warn] Cell completed with errors [su [Error]: derivative() got an unexpected keyword argument 't'
	at n.execute (/home/~/.vscode-oss/extensions/ms-toolsai.jupyter-2025.1.0-universal/dist/extension.node.js:297:4958)] {
  ename: 'TypeError',
  evalue: "derivative() got an unexpected keyword argument 't'",
  traceback: [
    '\x1B[0;31m---------------------------------------------------------------------------\x1B[0m',
    '\x1B[0;31mTypeError\x1B[0m                                 Traceback (most recent call last)',
    'Cell \x1B[0;32mIn[36], line 20\x1B[0m\n' +
      '\x1B[1;32m     16\x1B[0m \x1B[38;5;28mprint\x1B[39m(Xs(t\x1B[38;5;241m=\x1B[39mInteger(\x1B[38;5;241m4\x1B[39m)))\n' +
      '\x1B[1;32m     17\x1B[0m \x1B[38;5;28mprint\x1B[39m(Xs(t\x1B[38;5;241m=\x1B[39mInteger(\x1B[38;5;241m8\x1B[39m)))\n' +
      '\x1B[0;32m---> 20\x1B[0m Xs\x1B[38;5;241m=\x1B[39m\x1B[43mdiff\x1B[49m\x1B[43m(\x1B[49m\x1B[43mXs\x1B[49m\x1B[43m,\x1B[49m\x1B[43mt\x1B[49m\x1B[38;5;241;43m=\x1B[39;49m\x1B[43mInteger\x1B[49m\x1B[43m(\x1B[49m\x1B[38;5;241;43m2\x1B[39;49m\x1B[43m)\x1B[49m\x1B[43m)\x1B[49m\n' +
      '\x1B[1;32m     21\x1B[0m \x1B[38;5;28mprint\x1B[39m(\x1B[38;5;124mf\x1B[39m\x1B[38;5;124m"\x1B[39m\x1B[38;5;130;01m\\n\x1B[39;00m\x1B[38;5;124mPrędkość Samolotu = \x1B[39m\x1B[38;5;132;01m{\x1B[39;00mXs\x1B[38;5;132;01m}\x1B[39;00m\x1B[38;5;124m"\x1B[39m)\n',
    'File \x1B[0;32m/usr/lib/python3.13/site-packages/sage/calculus/functional.py:163\x1B[0m, in \x1B[0;36mderivative\x1B[0;34m(f, *args, **kwds)\x1B[0m\n' +
      '\x1B[1;32m     70\x1B[0m \x1B[38;5;250m\x1B[39m\x1B[38;5;124mr\x1B[39m\x1B[38;5;124;03m"""\x1B[39;00m\n' +
      '\x1B[1;32m     71\x1B[0m \x1B[38;5;124;03mThe derivative of `f`.\x1B[39;00m\n' +
      '\x1B[1;32m     72\x1B[0m \n' +
      '\x1B[0;32m   (...)\x1B[0m\n' +
      '\x1B[1;32m    160\x1B[0m \x1B[38;5;124;03m    da = 2 dx∧dy\x1B[39;00m\n' +
      '\x1B[1;32m    161\x1B[0m \x1B[38;5;124;03m"""\x1B[39;00m\n' +
      '\x1B[1;32m    162\x1B[0m \x1B[38;5;28;01mtry\x1B[39;00m:\n' +
      '\x1B[0;32m--> 163\x1B[0m     \x1B[38;5;28;01mreturn\x1B[39;00m \x1B[43mf\x1B[49m\x1B[38;5;241;43m.\x1B[39;49m\x1B[43mderivative\x1B[49m\x1B[43m(\x1B[49m\x1B[38;5;241;43m*\x1B[39;49m\x1B[43margs\x1B[49m\x1B[43m,\x1B[49m\x1B[43m \x1B[49m\x1B[38;5;241;43m*\x1B[39;49m\x1B[38;5;241;43m*\x1B[39;49m\x1B[43mkwds\x1B[49m\x1B[43m)\x1B[49m\n' +
      '\x1B[1;32m    164\x1B[0m \x1B[38;5;28;01mexcept\x1B[39;00m \x1B[38;5;167;01mAttributeError\x1B[39;00m:\n' +
      '\x1B[1;32m    165\x1B[0m     \x1B[38;5;28;01mpass\x1B[39;00m\n',
    "\x1B[0;31mTypeError\x1B[0m: derivative() got an unexpected keyword argument 't'"
  ]
}
14:48:29.073 [warn] Cell completed with errors [su [Error]: 'sage.rings.integer.Integer' object is not subscriptable
	at n.execute (/home/~/.vscode-oss/extensions/ms-toolsai.jupyter-2025.1.0-universal/dist/extension.node.js:297:4958)] {
  ename: 'TypeError',
  evalue: "'sage.rings.integer.Integer' object is not subscriptable",
  traceback: [
    '\x1B[0;31m---------------------------------------------------------------------------\x1B[0m',
    '\x1B[0;31mTypeError\x1B[0m                                 Traceback (most recent call last)',
    'File \x1B[0;32m/usr/lib/python3.13/site-packages/sage/symbolic/expression.pyx:1965\x1B[0m, in \x1B[0;36msage.symbolic.expression.Expression.__complex__ (build/cythonized/sage/symbolic/expression.cpp:53053)\x1B[0;34m()\x1B[0m\n' +
      '\x1B[1;32m   1964\x1B[0m try:\n' +
      '\x1B[0;32m-> 1965\x1B[0m     return self._eval_self(complex)\n' +
      '\x1B[1;32m   1966\x1B[0m except TypeError:\n',
    'File \x1B[0;32m/usr/lib/python3.13/site-packages/sage/symbolic/expression.pyx:1627\x1B[0m, in \x1B[0;36msage.symbolic.expression.Expression._eval_self (build/cythonized/sage/symbolic/expression.cpp:49724)\x1B[0;34m()\x1B[0m\n' +
      '\x1B[1;32m   1626\x1B[0m else:\n' +
      '\x1B[0;32m-> 1627\x1B[0m     raise TypeError("cannot evaluate symbolic expression to a numeric value")\n' +
      '\x1B[1;32m   1628\x1B[0m \n',
    '\x1B[0;31mTypeError\x1B[0m: cannot evaluate symbolic expression to a numeric value',
    '\nDuring handling of the above exception, another exception occurred:\n',
    '\x1B[0;31mTypeError\x1B[0m                                 Traceback (most recent call last)',
    'File \x1B[0;32m/usr/lib/python3.13/site-packages/sage/plot/point.py:391\x1B[0m, in \x1B[0;36mpoint\x1B[0;34m(points, **kwds)\x1B[0m\n' +
      '\x1B[1;32m    390\x1B[0m \x1B[38;5;28;01mtry\x1B[39;00m:\n' +
      '\x1B[0;32m--> 391\x1B[0m     \x1B[38;5;28;01mreturn\x1B[39;00m \x1B[43mpoint2d\x1B[49m\x1B[43m(\x1B[49m\x1B[43mpoints\x1B[49m\x1B[43m,\x1B[49m\x1B[43m \x1B[49m\x1B[38;5;241;43m*\x1B[39;49m\x1B[38;5;241;43m*\x1B[39;49m\x1B[43mkwds\x1B[49m\x1B[43m)\x1B[49m\n' +
      '\x1B[1;32m    392\x1B[0m \x1B[38;5;28;01mexcept\x1B[39;00m (\x1B[38;5;167;01mValueError\x1B[39;00m, \x1B[38;5;167;01mTypeError\x1B[39;00m):\n',
    'File \x1B[0;32m/usr/lib/python3.13/site-packages/sage/misc/decorators.py:656\x1B[0m, in \x1B[0;36mrename_keyword.__call__.<locals>.wrapper\x1B[0;34m(*args, **kwds)\x1B[0m\n' +
      '\x1B[1;32m    655\x1B[0m         \x1B[38;5;28;01mdel\x1B[39;00m kwds[old_name]\n' +
      '\x1B[0;32m--> 656\x1B[0m \x1B[38;5;28;01mreturn\x1B[39;00m \x1B[43mfunc\x1B[49m\x1B[43m(\x1B[49m\x1B[38;5;241;43m*\x1B[39;49m\x1B[43margs\x1B[49m\x1B[43m,\x1B[49m\x1B[43m \x1B[49m\x1B[38;5;241;43m*\x1B[39;49m\x1B[38;5;241;43m*\x1B[39;49m\x1B[43mkwds\x1B[49m\x1B[43m)\x1B[49m\n',
    'File \x1B[0;32m/usr/lib/python3.13/site-packages/sage/misc/decorators.py:495\x1B[0m, in \x1B[0;36moptions.__call__.<locals>.wrapper\x1B[0;34m(*args, **kwds)\x1B[0m\n' +
      '\x1B[1;32m    494\x1B[0m options\x1B[38;5;241m.\x1B[39mupdate(kwds)\n' +
      '\x1B[0;32m--> 495\x1B[0m \x1B[38;5;28;01mreturn\x1B[39;00m \x1B[43mfunc\x1B[49m\x1B[43m(\x1B[49m\x1B[38;5;241;43m*\x1B[39;49m\x1B[43margs\x1B[49m\x1B[43m,\x1B[49m\x1B[43m \x1B[49m\x1B[38;5;241;43m*\x1B[39;49m\x1B[38;5;241;43m*\x1B[39;49m\x1B[43moptions\x1B[49m\x1B[43m)\x1B[49m\n',
    'File \x1B[0;32m/usr/lib/python3.13/site-packages/sage/plot/point.py:603\x1B[0m, in \x1B[0;36mpoint2d\x1B[0;34m(points, **options)\x1B[0m\n' +
      '\x1B[1;32m    602\x1B[0m \x1B[38;5;28;01melif\x1B[39;00m l \x1B[38;5;241m==\x1B[39m \x1B[38;5;241m2\x1B[39m:  \x1B[38;5;66;03m# special case for a single 2D point\x1B[39;00m\n' +
      '\x1B[0;32m--> 603\x1B[0m     \x1B[38;5;28;01mif\x1B[39;00m \x1B[38;5;28;43mall\x1B[39;49m\x1B[43m(\x1B[49m\x1B[38;5;28;43misinstance\x1B[39;49m\x1B[43m(\x1B[49m\x1B[43mz\x1B[49m\x1B[43m,\x1B[49m\x1B[43m \x1B[49m\x1B[43mnumbers\x1B[49m\x1B[38;5;241;43m.\x1B[39;49m\x1B[43mReal\x1B[49m\x1B[43m)\x1B[49m\n' +
      '\x1B[1;32m    604\x1B[0m \x1B[43m           \x1B[49m\x1B[38;5;129;43;01mor\x1B[39;49;00m\x1B[43m \x1B[49m\x1B[43m(\x1B[49m\x1B[38;5;28;43misinstance\x1B[39;49m\x1B[43m(\x1B[49m\x1B[43mz\x1B[49m\x1B[43m,\x1B[49m\x1B[43m \x1B[49m\x1B[43mExpression\x1B[49m\x1B[43m)\x1B[49m\x1B[43m \x1B[49m\x1B[38;5;129;43;01mand\x1B[39;49;00m\x1B[43m \x1B[49m\x1B[38;5;129;43;01mnot\x1B[39;49;00m\x1B[43m \x1B[49m\x1B[38;5;28;43mcomplex\x1B[39;49m\x1B[43m(\x1B[49m\x1B[43mz\x1B[49m\x1B[43m)\x1B[49m\x1B[38;5;241;43m.\x1B[39;49m\x1B[43mimag\x1B[49m\x1B[43m)\x1B[49m\n' +
      '\x1B[1;32m    605\x1B[0m \x1B[43m           \x1B[49m\x1B[38;5;28;43;01mfor\x1B[39;49;00m\x1B[43m \x1B[49m\x1B[43mz\x1B[49m\x1B[43m \x1B[49m\x1B[38;5;129;43;01min\x1B[39;49;00m\x1B[43m \x1B[49m\x1B[43mpoints\x1B[49m\x1B[43m)\x1B[49m:\n' +
      '\x1B[1;32m    606\x1B[0m         points \x1B[38;5;241m=\x1B[39m [points]\n',
    'File \x1B[0;32m/usr/lib/python3.13/site-packages/sage/plot/point.py:604\x1B[0m, in \x1B[0;36m<genexpr>\x1B[0;34m(.0)\x1B[0m\n' +
      '\x1B[1;32m    602\x1B[0m \x1B[38;5;28;01melif\x1B[39;00m l \x1B[38;5;241m==\x1B[39m \x1B[38;5;241m2\x1B[39m:  \x1B[38;5;66;03m# special case for a single 2D point\x1B[39;00m\n' +
      '\x1B[1;32m    603\x1B[0m     \x1B[38;5;28;01mif\x1B[39;00m \x1B[38;5;28mall\x1B[39m(\x1B[38;5;28misinstance\x1B[39m(z, numbers\x1B[38;5;241m.\x1B[39mReal)\n' +
      '\x1B[0;32m--> 604\x1B[0m            \x1B[38;5;129;01mor\x1B[39;00m (\x1B[38;5;28misinstance\x1B[39m(z, Expression) \x1B[38;5;129;01mand\x1B[39;00m \x1B[38;5;129;01mnot\x1B[39;00m \x1B[38;5;28;43mcomplex\x1B[39;49m\x1B[43m(\x1B[49m\x1B[43mz\x1B[49m\x1B[43m)\x1B[49m\x1B[38;5;241m.\x1B[39mimag)\n' +
      '\x1B[1;32m    605\x1B[0m            \x1B[38;5;28;01mfor\x1B[39;00m z \x1B[38;5;129;01min\x1B[39;00m points):\n' +
      '\x1B[1;32m    606\x1B[0m         points \x1B[38;5;241m=\x1B[39m [points]\n',
    'File \x1B[0;32m/usr/lib/python3.13/site-packages/sage/symbolic/expression.pyx:1967\x1B[0m, in \x1B[0;36msage.symbolic.expression.Expression.__complex__ (build/cythonized/sage/symbolic/expression.cpp:53096)\x1B[0;34m()\x1B[0m\n' +
      '\x1B[1;32m   1966\x1B[0m except TypeError:\n' +
      '\x1B[0;32m-> 1967\x1B[0m     raise TypeError("unable to simplify to complex approximation")\n' +
      '\x1B[1;32m   1968\x1B[0m \n',
    '\x1B[0;31mTypeError\x1B[0m: unable to simplify to complex approximation',
    '\nDuring handling of the above exception, another exception occurred:\n',
    '\x1B[0;31mTypeError\x1B[0m                                 Traceback (most recent call last)',
    'Cell \x1B[0;32mIn[39], line 25\x1B[0m\n' +
      '\x1B[1;32m     20\x1B[0m Vs\x1B[38;5;241m=\x1B[39mdiff(Xs,Integer(\x1B[38;5;241m2\x1B[39m))\n' +
      '\x1B[1;32m     21\x1B[0m \x1B[38;5;28mprint\x1B[39m(\x1B[38;5;124mf\x1B[39m\x1B[38;5;124m"\x1B[39m\x1B[38;5;130;01m\\n\x1B[39;00m\x1B[38;5;124mPrędkość Samolotu = \x1B[39m\x1B[38;5;132;01m{\x1B[39;00mVs\x1B[38;5;132;01m}\x1B[39;00m\x1B[38;5;124m"\x1B[39m)\n' +
      '\x1B[1;32m     23\x1B[0m show(\n' +
      `\x1B[1;32m     24\x1B[0m plot(Vs, t, Integer(\x1B[38;5;241m0\x1B[39m), Integer(\x1B[38;5;241m12\x1B[39m), ymax\x1B[38;5;241m=\x1B[39mInteger(\x1B[38;5;241m3000\x1B[39m), ymin\x1B[38;5;241m=\x1B[39mInteger(\x1B[38;5;241m0\x1B[39m), axes_labels\x1B[38;5;241m=\x1B[39m[\x1B[38;5;124m'\x1B[39m\x1B[38;5;124m$t[h]$\x1B[39m\x1B[38;5;124m'\x1B[39m, \x1B[38;5;124m'\x1B[39m\x1B[38;5;124m$x[km]$\x1B[39m\x1B[38;5;124m'\x1B[39m], figsize \x1B[38;5;241m=\x1B[39m Integer(\x1B[38;5;241m10\x1B[39m), legend_label\x1B[38;5;241m=\x1B[39m\x1B[38;5;124m"\x1B[39m\x1B[38;5;124mSamolot\x1B[39m\x1B[38;5;124m"\x1B[39m, color\x1B[38;5;241m=\x1B[39m\x1B[38;5;124m"\x1B[39m\x1B[38;5;124mred\x1B[39m\x1B[38;5;124m"\x1B[39m) \x1B[38;5;241m+\x1B[39m\n` +
      "\x1B[0;32m---> 25\x1B[0m \x1B[43mpoint\x1B[49m\x1B[43m(\x1B[49m\x1B[43m(\x1B[49m\x1B[43mInteger\x1B[49m\x1B[43m(\x1B[49m\x1B[38;5;241;43m2\x1B[39;49m\x1B[43m)\x1B[49m\x1B[43m,\x1B[49m\x1B[43m \x1B[49m\x1B[43mVs\x1B[49m\x1B[43m)\x1B[49m\x1B[43m,\x1B[49m\x1B[43m \x1B[49m\x1B[43msize\x1B[49m\x1B[43m \x1B[49m\x1B[38;5;241;43m=\x1B[39;49m\x1B[43m \x1B[49m\x1B[43mInteger\x1B[49m\x1B[43m(\x1B[49m\x1B[38;5;241;43m25\x1B[39;49m\x1B[43m)\x1B[49m\x1B[43m,\x1B[49m\x1B[43m \x1B[49m\x1B[43mcolor\x1B[49m\x1B[43m \x1B[49m\x1B[38;5;241;43m=\x1B[39;49m\x1B[43m \x1B[49m\x1B[38;5;124;43m'\x1B[39;49m\x1B[38;5;124;43morange\x1B[39;49m\x1B[38;5;124;43m'\x1B[39;49m\x1B[43m,\x1B[49m\x1B[43m \x1B[49m\x1B[43mlegend_label\x1B[49m\x1B[38;5;241;43m=\x1B[39;49m\x1B[38;5;124;43m'\x1B[39;49m\x1B[38;5;124;43m2 Sekunda\x1B[39;49m\x1B[38;5;124;43m'\x1B[39;49m\x1B[43m)\x1B[49m \x1B[38;5;241m+\x1B[39m\n" +
      "\x1B[1;32m     26\x1B[0m point((Integer(\x1B[38;5;241m4\x1B[39m), Vs), size \x1B[38;5;241m=\x1B[39m Integer(\x1B[38;5;241m25\x1B[39m), color \x1B[38;5;241m=\x1B[39m \x1B[38;5;124m'\x1B[39m\x1B[38;5;124morange\x1B[39m\x1B[38;5;124m'\x1B[39m, legend_label\x1B[38;5;241m=\x1B[39m\x1B[38;5;124m'\x1B[39m\x1B[38;5;124m4 Sekunda\x1B[39m\x1B[38;5;124m'\x1B[39m) \x1B[38;5;241m+\x1B[39m\n" +
      "\x1B[1;32m     27\x1B[0m point((Integer(\x1B[38;5;241m8\x1B[39m), Vs), size \x1B[38;5;241m=\x1B[39m Integer(\x1B[38;5;241m25\x1B[39m), color \x1B[38;5;241m=\x1B[39m \x1B[38;5;124m'\x1B[39m\x1B[38;5;124morange\x1B[39m\x1B[38;5;124m'\x1B[39m, legend_label\x1B[38;5;241m=\x1B[39m\x1B[38;5;124m'\x1B[39m\x1B[38;5;124m8 Sekunda\x1B[39m\x1B[38;5;124m'\x1B[39m) \n" +
      '\x1B[1;32m     28\x1B[0m \n' +
      '\x1B[1;32m     29\x1B[0m )\n',
    'File \x1B[0;32m/usr/lib/python3.13/site-packages/sage/plot/point.py:394\x1B[0m, in \x1B[0;36mpoint\x1B[0;34m(points, **kwds)\x1B[0m\n' +
      '\x1B[1;32m    392\x1B[0m \x1B[38;5;28;01mexcept\x1B[39;00m (\x1B[38;5;167;01mValueError\x1B[39;00m, \x1B[38;5;167;01mTypeError\x1B[39;00m):\n' +
      '\x1B[1;32m    393\x1B[0m     \x1B[38;5;28;01mfrom\x1B[39;00m\x1B[38;5;250m \x1B[39m\x1B[38;5;21;01msage\x1B[39;00m\x1B[38;5;21;01m.\x1B[39;00m\x1B[38;5;21;01mplot\x1B[39;00m\x1B[38;5;21;01m.\x1B[39;00m\x1B[38;5;21;01mplot3d\x1B[39;00m\x1B[38;5;21;01m.\x1B[39;00m\x1B[38;5;21;01mshapes2\x1B[39;00m\x1B[38;5;250m \x1B[39m\x1B[38;5;28;01mimport\x1B[39;00m point3d\n' +
      '\x1B[0;32m--> 394\x1B[0m     \x1B[38;5;28;01mreturn\x1B[39;00m \x1B[43mpoint3d\x1B[49m\x1B[43m(\x1B[49m\x1B[43mpoints\x1B[49m\x1B[43m,\x1B[49m\x1B[43m \x1B[49m\x1B[38;5;241;43m*\x1B[39;49m\x1B[38;5;241;43m*\x1B[39;49m\x1B[43mkwds\x1B[49m\x1B[43m)\x1B[49m\n',
    'File \x1B[0;32m/usr/lib/python3.13/site-packages/sage/misc/decorators.py:656\x1B[0m, in \x1B[0;36mrename_keyword.__call__.<locals>.wrapper\x1B[0;34m(*args, **kwds)\x1B[0m\n' +
      '\x1B[1;32m    654\x1B[0m         kwds[new_name] \x1B[38;5;241m=\x1B[39m kwds[old_name]\n' +
      '\x1B[1;32m    655\x1B[0m         \x1B[38;5;28;01mdel\x1B[39;00m kwds[old_name]\n' +
      '\x1B[0;32m--> 656\x1B[0m \x1B[38;5;28;01mreturn\x1B[39;00m \x1B[43mfunc\x1B[49m\x1B[43m(\x1B[49m\x1B[38;5;241;43m*\x1B[39;49m\x1B[43margs\x1B[49m\x1B[43m,\x1B[49m\x1B[43m \x1B[49m\x1B[38;5;241;43m*\x1B[39;49m\x1B[38;5;241;43m*\x1B[39;49m\x1B[43mkwds\x1B[49m\x1B[43m)\x1B[49m\n',
    'File \x1B[0;32m/usr/lib/python3.13/site-packages/sage/plot/plot3d/shapes2.py:1507\x1B[0m, in \x1B[0;36mpoint3d\x1B[0;34m(v, size, **kwds)\x1B[0m\n' +
      '\x1B[1;32m   1504\x1B[0m     \x1B[38;5;28;01mexcept\x1B[39;00m \x1B[38;5;167;01mTypeError\x1B[39;00m:\n' +
      '\x1B[1;32m   1505\x1B[0m         \x1B[38;5;28;01mpass\x1B[39;00m\n' +
      '\x1B[0;32m-> 1507\x1B[0m A \x1B[38;5;241m=\x1B[39m \x1B[38;5;28msum\x1B[39m([\x1B[43mPoint\x1B[49m\x1B[43m(\x1B[49m\x1B[43mz\x1B[49m\x1B[43m,\x1B[49m\x1B[43m \x1B[49m\x1B[43msize\x1B[49m\x1B[43m,\x1B[49m\x1B[43m \x1B[49m\x1B[38;5;241;43m*\x1B[39;49m\x1B[38;5;241;43m*\x1B[39;49m\x1B[43mkwds\x1B[49m\x1B[43m)\x1B[49m \x1B[38;5;28;01mfor\x1B[39;00m z \x1B[38;5;129;01min\x1B[39;00m v])\n' +
      '\x1B[1;32m   1508\x1B[0m A\x1B[38;5;241m.\x1B[39m_set_extra_kwds(kwds)\n' +
      '\x1B[1;32m   1509\x1B[0m \x1B[38;5;28;01mreturn\x1B[39;00m A\n',
    'File \x1B[0;32m/usr/lib/python3.13/site-packages/sage/plot/plot3d/shapes2.py:907\x1B[0m, in \x1B[0;36mPoint.__init__\x1B[0;34m(self, center, size, **kwds)\x1B[0m\n' +
      '\x1B[1;32m    894\x1B[0m \x1B[38;5;250m\x1B[39m\x1B[38;5;124;03m"""\x1B[39;00m\n' +
      '\x1B[1;32m    895\x1B[0m \x1B[38;5;124;03mCreate the graphics primitive :class:`Point` in 3-D.\x1B[39;00m\n' +
      '\x1B[1;32m    896\x1B[0m \n' +
      '\x1B[0;32m   (...)\x1B[0m\n' +
      '\x1B[1;32m    904\x1B[0m \x1B[38;5;124;03m    (1.0, 2.0, 3.0)\x1B[39;00m\n' +
      '\x1B[1;32m    905\x1B[0m \x1B[38;5;124;03m"""\x1B[39;00m\n' +
      '\x1B[1;32m    906\x1B[0m PrimitiveObject\x1B[38;5;241m.\x1B[39m\x1B[38;5;21m__init__\x1B[39m(\x1B[38;5;28mself\x1B[39m, \x1B[38;5;241m*\x1B[39m\x1B[38;5;241m*\x1B[39mkwds)\n' +
      '\x1B[0;32m--> 907\x1B[0m \x1B[38;5;28mself\x1B[39m\x1B[38;5;241m.\x1B[39mloc \x1B[38;5;241m=\x1B[39m (\x1B[38;5;28mfloat\x1B[39m(\x1B[43mcenter\x1B[49m\x1B[43m[\x1B[49m\x1B[38;5;241;43m0\x1B[39;49m\x1B[43m]\x1B[49m), \x1B[38;5;28mfloat\x1B[39m(center[\x1B[38;5;241m1\x1B[39m]), \x1B[38;5;28mfloat\x1B[39m(center[\x1B[38;5;241m2\x1B[39m]))\n' +
      '\x1B[1;32m    908\x1B[0m \x1B[38;5;28mself\x1B[39m\x1B[38;5;241m.\x1B[39msize \x1B[38;5;241m=\x1B[39m size\n' +
      '\x1B[1;32m    909\x1B[0m \x1B[38;5;28mself\x1B[39m\x1B[38;5;241m.\x1B[39m_set_extra_kwds(kwds)\n',
    "\x1B[0;31mTypeError\x1B[0m: 'sage.rings.integer.Integer' object is not subscriptable"
  ]
}
14:49:05.400 [warn] Cell completed with errors [su [Error]: 'sage.rings.integer.Integer' object is not subscriptable
	at n.execute (/home/~/.vscode-oss/extensions/ms-toolsai.jupyter-2025.1.0-universal/dist/extension.node.js:297:4958)] {
  ename: 'TypeError',
  evalue: "'sage.rings.integer.Integer' object is not subscriptable",
  traceback: [
    '\x1B[0;31m---------------------------------------------------------------------------\x1B[0m',
    '\x1B[0;31mTypeError\x1B[0m                                 Traceback (most recent call last)',
    'File \x1B[0;32m/usr/lib/python3.13/site-packages/sage/symbolic/expression.pyx:1965\x1B[0m, in \x1B[0;36msage.symbolic.expression.Expression.__complex__ (build/cythonized/sage/symbolic/expression.cpp:53053)\x1B[0;34m()\x1B[0m\n' +
      '\x1B[1;32m   1964\x1B[0m try:\n' +
      '\x1B[0;32m-> 1965\x1B[0m     return self._eval_self(complex)\n' +
      '\x1B[1;32m   1966\x1B[0m except TypeError:\n',
    'File \x1B[0;32m/usr/lib/python3.13/site-packages/sage/symbolic/expression.pyx:1627\x1B[0m, in \x1B[0;36msage.symbolic.expression.Expression._eval_self (build/cythonized/sage/symbolic/expression.cpp:49724)\x1B[0;34m()\x1B[0m\n' +
      '\x1B[1;32m   1626\x1B[0m else:\n' +
      '\x1B[0;32m-> 1627\x1B[0m     raise TypeError("cannot evaluate symbolic expression to a numeric value")\n' +
      '\x1B[1;32m   1628\x1B[0m \n',
    '\x1B[0;31mTypeError\x1B[0m: cannot evaluate symbolic expression to a numeric value',
    '\nDuring handling of the above exception, another exception occurred:\n',
    '\x1B[0;31mTypeError\x1B[0m                                 Traceback (most recent call last)',
    'File \x1B[0;32m/usr/lib/python3.13/site-packages/sage/plot/point.py:391\x1B[0m, in \x1B[0;36mpoint\x1B[0;34m(points, **kwds)\x1B[0m\n' +
      '\x1B[1;32m    390\x1B[0m \x1B[38;5;28;01mtry\x1B[39;00m:\n' +
      '\x1B[0;32m--> 391\x1B[0m     \x1B[38;5;28;01mreturn\x1B[39;00m \x1B[43mpoint2d\x1B[49m\x1B[43m(\x1B[49m\x1B[43mpoints\x1B[49m\x1B[43m,\x1B[49m\x1B[43m \x1B[49m\x1B[38;5;241;43m*\x1B[39;49m\x1B[38;5;241;43m*\x1B[39;49m\x1B[43mkwds\x1B[49m\x1B[43m)\x1B[49m\n' +
      '\x1B[1;32m    392\x1B[0m \x1B[38;5;28;01mexcept\x1B[39;00m (\x1B[38;5;167;01mValueError\x1B[39;00m, \x1B[38;5;167;01mTypeError\x1B[39;00m):\n',
    'File \x1B[0;32m/usr/lib/python3.13/site-packages/sage/misc/decorators.py:656\x1B[0m, in \x1B[0;36mrename_keyword.__call__.<locals>.wrapper\x1B[0;34m(*args, **kwds)\x1B[0m\n' +
      '\x1B[1;32m    655\x1B[0m         \x1B[38;5;28;01mdel\x1B[39;00m kwds[old_name]\n' +
      '\x1B[0;32m--> 656\x1B[0m \x1B[38;5;28;01mreturn\x1B[39;00m \x1B[43mfunc\x1B[49m\x1B[43m(\x1B[49m\x1B[38;5;241;43m*\x1B[39;49m\x1B[43margs\x1B[49m\x1B[43m,\x1B[49m\x1B[43m \x1B[49m\x1B[38;5;241;43m*\x1B[39;49m\x1B[38;5;241;43m*\x1B[39;49m\x1B[43mkwds\x1B[49m\x1B[43m)\x1B[49m\n',
    'File \x1B[0;32m/usr/lib/python3.13/site-packages/sage/misc/decorators.py:495\x1B[0m, in \x1B[0;36moptions.__call__.<locals>.wrapper\x1B[0;34m(*args, **kwds)\x1B[0m\n' +
      '\x1B[1;32m    494\x1B[0m options\x1B[38;5;241m.\x1B[39mupdate(kwds)\n' +
      '\x1B[0;32m--> 495\x1B[0m \x1B[38;5;28;01mreturn\x1B[39;00m \x1B[43mfunc\x1B[49m\x1B[43m(\x1B[49m\x1B[38;5;241;43m*\x1B[39;49m\x1B[43margs\x1B[49m\x1B[43m,\x1B[49m\x1B[43m \x1B[49m\x1B[38;5;241;43m*\x1B[39;49m\x1B[38;5;241;43m*\x1B[39;49m\x1B[43moptions\x1B[49m\x1B[43m)\x1B[49m\n',
    'File \x1B[0;32m/usr/lib/python3.13/site-packages/sage/plot/point.py:603\x1B[0m, in \x1B[0;36mpoint2d\x1B[0;34m(points, **options)\x1B[0m\n' +
      '\x1B[1;32m    602\x1B[0m \x1B[38;5;28;01melif\x1B[39;00m l \x1B[38;5;241m==\x1B[39m \x1B[38;5;241m2\x1B[39m:  \x1B[38;5;66;03m# special case for a single 2D point\x1B[39;00m\n' +
      '\x1B[0;32m--> 603\x1B[0m     \x1B[38;5;28;01mif\x1B[39;00m \x1B[38;5;28;43mall\x1B[39;49m\x1B[43m(\x1B[49m\x1B[38;5;28;43misinstance\x1B[39;49m\x1B[43m(\x1B[49m\x1B[43mz\x1B[49m\x1B[43m,\x1B[49m\x1B[43m \x1B[49m\x1B[43mnumbers\x1B[49m\x1B[38;5;241;43m.\x1B[39;49m\x1B[43mReal\x1B[49m\x1B[43m)\x1B[49m\n' +
      '\x1B[1;32m    604\x1B[0m \x1B[43m           \x1B[49m\x1B[38;5;129;43;01mor\x1B[39;49;00m\x1B[43m \x1B[49m\x1B[43m(\x1B[49m\x1B[38;5;28;43misinstance\x1B[39;49m\x1B[43m(\x1B[49m\x1B[43mz\x1B[49m\x1B[43m,\x1B[49m\x1B[43m \x1B[49m\x1B[43mExpression\x1B[49m\x1B[43m)\x1B[49m\x1B[43m \x1B[49m\x1B[38;5;129;43;01mand\x1B[39;49;00m\x1B[43m \x1B[49m\x1B[38;5;129;43;01mnot\x1B[39;49;00m\x1B[43m \x1B[49m\x1B[38;5;28;43mcomplex\x1B[39;49m\x1B[43m(\x1B[49m\x1B[43mz\x1B[49m\x1B[43m)\x1B[49m\x1B[38;5;241;43m.\x1B[39;49m\x1B[43mimag\x1B[49m\x1B[43m)\x1B[49m\n' +
      '\x1B[1;32m    605\x1B[0m \x1B[43m           \x1B[49m\x1B[38;5;28;43;01mfor\x1B[39;49;00m\x1B[43m \x1B[49m\x1B[43mz\x1B[49m\x1B[43m \x1B[49m\x1B[38;5;129;43;01min\x1B[39;49;00m\x1B[43m \x1B[49m\x1B[43mpoints\x1B[49m\x1B[43m)\x1B[49m:\n' +
      '\x1B[1;32m    606\x1B[0m         points \x1B[38;5;241m=\x1B[39m [points]\n',
    'File \x1B[0;32m/usr/lib/python3.13/site-packages/sage/plot/point.py:604\x1B[0m, in \x1B[0;36m<genexpr>\x1B[0;34m(.0)\x1B[0m\n' +
      '\x1B[1;32m    602\x1B[0m \x1B[38;5;28;01melif\x1B[39;00m l \x1B[38;5;241m==\x1B[39m \x1B[38;5;241m2\x1B[39m:  \x1B[38;5;66;03m# special case for a single 2D point\x1B[39;00m\n' +
      '\x1B[1;32m    603\x1B[0m     \x1B[38;5;28;01mif\x1B[39;00m \x1B[38;5;28mall\x1B[39m(\x1B[38;5;28misinstance\x1B[39m(z, numbers\x1B[38;5;241m.\x1B[39mReal)\n' +
      '\x1B[0;32m--> 604\x1B[0m            \x1B[38;5;129;01mor\x1B[39;00m (\x1B[38;5;28misinstance\x1B[39m(z, Expression) \x1B[38;5;129;01mand\x1B[39;00m \x1B[38;5;129;01mnot\x1B[39;00m \x1B[38;5;28;43mcomplex\x1B[39;49m\x1B[43m(\x1B[49m\x1B[43mz\x1B[49m\x1B[43m)\x1B[49m\x1B[38;5;241m.\x1B[39mimag)\n' +
      '\x1B[1;32m    605\x1B[0m            \x1B[38;5;28;01mfor\x1B[39;00m z \x1B[38;5;129;01min\x1B[39;00m points):\n' +
      '\x1B[1;32m    606\x1B[0m         points \x1B[38;5;241m=\x1B[39m [points]\n',
    'File \x1B[0;32m/usr/lib/python3.13/site-packages/sage/symbolic/expression.pyx:1967\x1B[0m, in \x1B[0;36msage.symbolic.expression.Expression.__complex__ (build/cythonized/sage/symbolic/expression.cpp:53096)\x1B[0;34m()\x1B[0m\n' +
      '\x1B[1;32m   1966\x1B[0m except TypeError:\n' +
      '\x1B[0;32m-> 1967\x1B[0m     raise TypeError("unable to simplify to complex approximation")\n' +
      '\x1B[1;32m   1968\x1B[0m \n',
    '\x1B[0;31mTypeError\x1B[0m: unable to simplify to complex approximation',
    '\nDuring handling of the above exception, another exception occurred:\n',
    '\x1B[0;31mTypeError\x1B[0m                                 Traceback (most recent call last)',
    'Cell \x1B[0;32mIn[40], line 25\x1B[0m\n' +
      '\x1B[1;32m     20\x1B[0m Vs\x1B[38;5;241m=\x1B[39mdiff(Xs,Integer(\x1B[38;5;241m2\x1B[39m))\n' +
      '\x1B[1;32m     21\x1B[0m \x1B[38;5;28mprint\x1B[39m(\x1B[38;5;124mf\x1B[39m\x1B[38;5;124m"\x1B[39m\x1B[38;5;130;01m\\n\x1B[39;00m\x1B[38;5;124mPrędkość Samolotu = \x1B[39m\x1B[38;5;132;01m{\x1B[39;00mVs\x1B[38;5;132;01m}\x1B[39;00m\x1B[38;5;124m"\x1B[39m)\n' +
      '\x1B[1;32m     23\x1B[0m show(\n' +
      `\x1B[1;32m     24\x1B[0m plot(Vs, t, Integer(\x1B[38;5;241m0\x1B[39m), Integer(\x1B[38;5;241m12\x1B[39m), ymax\x1B[38;5;241m=\x1B[39mInteger(\x1B[38;5;241m3000\x1B[39m), ymin\x1B[38;5;241m=\x1B[39mInteger(\x1B[38;5;241m0\x1B[39m), axes_labels\x1B[38;5;241m=\x1B[39m[\x1B[38;5;124m'\x1B[39m\x1B[38;5;124m$t[h]$\x1B[39m\x1B[38;5;124m'\x1B[39m, \x1B[38;5;124m'\x1B[39m\x1B[38;5;124m$x[km/h]$\x1B[39m\x1B[38;5;124m'\x1B[39m], figsize \x1B[38;5;241m=\x1B[39m Integer(\x1B[38;5;241m10\x1B[39m), legend_label\x1B[38;5;241m=\x1B[39m\x1B[38;5;124m"\x1B[39m\x1B[38;5;124mSamolot\x1B[39m\x1B[38;5;124m"\x1B[39m, color\x1B[38;5;241m=\x1B[39m\x1B[38;5;124m"\x1B[39m\x1B[38;5;124mred\x1B[39m\x1B[38;5;124m"\x1B[39m) \x1B[38;5;241m+\x1B[39m\n` +
      "\x1B[0;32m---> 25\x1B[0m \x1B[43mpoint\x1B[49m\x1B[43m(\x1B[49m\x1B[43m(\x1B[49m\x1B[43mInteger\x1B[49m\x1B[43m(\x1B[49m\x1B[38;5;241;43m2\x1B[39;49m\x1B[43m)\x1B[49m\x1B[43m,\x1B[49m\x1B[43m \x1B[49m\x1B[43mt\x1B[49m\x1B[43m)\x1B[49m\x1B[43m,\x1B[49m\x1B[43m \x1B[49m\x1B[43msize\x1B[49m\x1B[43m \x1B[49m\x1B[38;5;241;43m=\x1B[39;49m\x1B[43m \x1B[49m\x1B[43mInteger\x1B[49m\x1B[43m(\x1B[49m\x1B[38;5;241;43m25\x1B[39;49m\x1B[43m)\x1B[49m\x1B[43m,\x1B[49m\x1B[43m \x1B[49m\x1B[43mcolor\x1B[49m\x1B[43m \x1B[49m\x1B[38;5;241;43m=\x1B[39;49m\x1B[43m \x1B[49m\x1B[38;5;124;43m'\x1B[39;49m\x1B[38;5;124;43morange\x1B[39;49m\x1B[38;5;124;43m'\x1B[39;49m\x1B[43m,\x1B[49m\x1B[43m \x1B[49m\x1B[43mlegend_label\x1B[49m\x1B[38;5;241;43m=\x1B[39;49m\x1B[38;5;124;43m'\x1B[39;49m\x1B[38;5;124;43m2 Sekunda\x1B[39;49m\x1B[38;5;124;43m'\x1B[39;49m\x1B[43m)\x1B[49m \x1B[38;5;241m+\x1B[39m\n" +
      "\x1B[1;32m     26\x1B[0m point((Integer(\x1B[38;5;241m4\x1B[39m), t), size \x1B[38;5;241m=\x1B[39m Integer(\x1B[38;5;241m25\x1B[39m), color \x1B[38;5;241m=\x1B[39m \x1B[38;5;124m'\x1B[39m\x1B[38;5;124morange\x1B[39m\x1B[38;5;124m'\x1B[39m, legend_label\x1B[38;5;241m=\x1B[39m\x1B[38;5;124m'\x1B[39m\x1B[38;5;124m4 Sekunda\x1B[39m\x1B[38;5;124m'\x1B[39m) \x1B[38;5;241m+\x1B[39m\n" +
      "\x1B[1;32m     27\x1B[0m point((Integer(\x1B[38;5;241m8\x1B[39m), t), size \x1B[38;5;241m=\x1B[39m Integer(\x1B[38;5;241m25\x1B[39m), color \x1B[38;5;241m=\x1B[39m \x1B[38;5;124m'\x1B[39m\x1B[38;5;124morange\x1B[39m\x1B[38;5;124m'\x1B[39m, legend_label\x1B[38;5;241m=\x1B[39m\x1B[38;5;124m'\x1B[39m\x1B[38;5;124m8 Sekunda\x1B[39m\x1B[38;5;124m'\x1B[39m) \n" +
      '\x1B[1;32m     28\x1B[0m \n' +
      '\x1B[1;32m     29\x1B[0m )\n',
    'File \x1B[0;32m/usr/lib/python3.13/site-packages/sage/plot/point.py:394\x1B[0m, in \x1B[0;36mpoint\x1B[0;34m(points, **kwds)\x1B[0m\n' +
      '\x1B[1;32m    392\x1B[0m \x1B[38;5;28;01mexcept\x1B[39;00m (\x1B[38;5;167;01mValueError\x1B[39;00m, \x1B[38;5;167;01mTypeError\x1B[39;00m):\n' +
      '\x1B[1;32m    393\x1B[0m     \x1B[38;5;28;01mfrom\x1B[39;00m\x1B[38;5;250m \x1B[39m\x1B[38;5;21;01msage\x1B[39;00m\x1B[38;5;21;01m.\x1B[39;00m\x1B[38;5;21;01mplot\x1B[39;00m\x1B[38;5;21;01m.\x1B[39;00m\x1B[38;5;21;01mplot3d\x1B[39;00m\x1B[38;5;21;01m.\x1B[39;00m\x1B[38;5;21;01mshapes2\x1B[39;00m\x1B[38;5;250m \x1B[39m\x1B[38;5;28;01mimport\x1B[39;00m point3d\n' +
      '\x1B[0;32m--> 394\x1B[0m     \x1B[38;5;28;01mreturn\x1B[39;00m \x1B[43mpoint3d\x1B[49m\x1B[43m(\x1B[49m\x1B[43mpoints\x1B[49m\x1B[43m,\x1B[49m\x1B[43m \x1B[49m\x1B[38;5;241;43m*\x1B[39;49m\x1B[38;5;241;43m*\x1B[39;49m\x1B[43mkwds\x1B[49m\x1B[43m)\x1B[49m\n',
    'File \x1B[0;32m/usr/lib/python3.13/site-packages/sage/misc/decorators.py:656\x1B[0m, in \x1B[0;36mrename_keyword.__call__.<locals>.wrapper\x1B[0;34m(*args, **kwds)\x1B[0m\n' +
      '\x1B[1;32m    654\x1B[0m         kwds[new_name] \x1B[38;5;241m=\x1B[39m kwds[old_name]\n' +
      '\x1B[1;32m    655\x1B[0m         \x1B[38;5;28;01mdel\x1B[39;00m kwds[old_name]\n' +
      '\x1B[0;32m--> 656\x1B[0m \x1B[38;5;28;01mreturn\x1B[39;00m \x1B[43mfunc\x1B[49m\x1B[43m(\x1B[49m\x1B[38;5;241;43m*\x1B[39;49m\x1B[43margs\x1B[49m\x1B[43m,\x1B[49m\x1B[43m \x1B[49m\x1B[38;5;241;43m*\x1B[39;49m\x1B[38;5;241;43m*\x1B[39;49m\x1B[43mkwds\x1B[49m\x1B[43m)\x1B[49m\n',
    'File \x1B[0;32m/usr/lib/python3.13/site-packages/sage/plot/plot3d/shapes2.py:1507\x1B[0m, in \x1B[0;36mpoint3d\x1B[0;34m(v, size, **kwds)\x1B[0m\n' +
      '\x1B[1;32m   1504\x1B[0m     \x1B[38;5;28;01mexcept\x1B[39;00m \x1B[38;5;167;01mTypeError\x1B[39;00m:\n' +
      '\x1B[1;32m   1505\x1B[0m         \x1B[38;5;28;01mpass\x1B[39;00m\n' +
      '\x1B[0;32m-> 1507\x1B[0m A \x1B[38;5;241m=\x1B[39m \x1B[38;5;28msum\x1B[39m([\x1B[43mPoint\x1B[49m\x1B[43m(\x1B[49m\x1B[43mz\x1B[49m\x1B[43m,\x1B[49m\x1B[43m \x1B[49m\x1B[43msize\x1B[49m\x1B[43m,\x1B[49m\x1B[43m \x1B[49m\x1B[38;5;241;43m*\x1B[39;49m\x1B[38;5;241;43m*\x1B[39;49m\x1B[43mkwds\x1B[49m\x1B[43m)\x1B[49m \x1B[38;5;28;01mfor\x1B[39;00m z \x1B[38;5;129;01min\x1B[39;00m v])\n' +
      '\x1B[1;32m   1508\x1B[0m A\x1B[38;5;241m.\x1B[39m_set_extra_kwds(kwds)\n' +
      '\x1B[1;32m   1509\x1B[0m \x1B[38;5;28;01mreturn\x1B[39;00m A\n',
    'File \x1B[0;32m/usr/lib/python3.13/site-packages/sage/plot/plot3d/shapes2.py:907\x1B[0m, in \x1B[0;36mPoint.__init__\x1B[0;34m(self, center, size, **kwds)\x1B[0m\n' +
      '\x1B[1;32m    894\x1B[0m \x1B[38;5;250m\x1B[39m\x1B[38;5;124;03m"""\x1B[39;00m\n' +
      '\x1B[1;32m    895\x1B[0m \x1B[38;5;124;03mCreate the graphics primitive :class:`Point` in 3-D.\x1B[39;00m\n' +
      '\x1B[1;32m    896\x1B[0m \n' +
      '\x1B[0;32m   (...)\x1B[0m\n' +
      '\x1B[1;32m    904\x1B[0m \x1B[38;5;124;03m    (1.0, 2.0, 3.0)\x1B[39;00m\n' +
      '\x1B[1;32m    905\x1B[0m \x1B[38;5;124;03m"""\x1B[39;00m\n' +
      '\x1B[1;32m    906\x1B[0m PrimitiveObject\x1B[38;5;241m.\x1B[39m\x1B[38;5;21m__init__\x1B[39m(\x1B[38;5;28mself\x1B[39m, \x1B[38;5;241m*\x1B[39m\x1B[38;5;241m*\x1B[39mkwds)\n' +
      '\x1B[0;32m--> 907\x1B[0m \x1B[38;5;28mself\x1B[39m\x1B[38;5;241m.\x1B[39mloc \x1B[38;5;241m=\x1B[39m (\x1B[38;5;28mfloat\x1B[39m(\x1B[43mcenter\x1B[49m\x1B[43m[\x1B[49m\x1B[38;5;241;43m0\x1B[39;49m\x1B[43m]\x1B[49m), \x1B[38;5;28mfloat\x1B[39m(center[\x1B[38;5;241m1\x1B[39m]), \x1B[38;5;28mfloat\x1B[39m(center[\x1B[38;5;241m2\x1B[39m]))\n' +
      '\x1B[1;32m    908\x1B[0m \x1B[38;5;28mself\x1B[39m\x1B[38;5;241m.\x1B[39msize \x1B[38;5;241m=\x1B[39m size\n' +
      '\x1B[1;32m    909\x1B[0m \x1B[38;5;28mself\x1B[39m\x1B[38;5;241m.\x1B[39m_set_extra_kwds(kwds)\n',
    "\x1B[0;31mTypeError\x1B[0m: 'sage.rings.integer.Integer' object is not subscriptable"
  ]
}
14:49:24.398 [warn] Cell completed with errors [su [Error]: 'sage.rings.integer.Integer' object is not subscriptable
	at n.execute (/home/~/.vscode-oss/extensions/ms-toolsai.jupyter-2025.1.0-universal/dist/extension.node.js:297:4958)] {
  ename: 'TypeError',
  evalue: "'sage.rings.integer.Integer' object is not subscriptable",
  traceback: [
    '\x1B[0;31m---------------------------------------------------------------------------\x1B[0m',
    '\x1B[0;31mTypeError\x1B[0m                                 Traceback (most recent call last)',
    'File \x1B[0;32m/usr/lib/python3.13/site-packages/sage/symbolic/expression.pyx:1965\x1B[0m, in \x1B[0;36msage.symbolic.expression.Expression.__complex__ (build/cythonized/sage/symbolic/expression.cpp:53053)\x1B[0;34m()\x1B[0m\n' +
      '\x1B[1;32m   1964\x1B[0m try:\n' +
      '\x1B[0;32m-> 1965\x1B[0m     return self._eval_self(complex)\n' +
      '\x1B[1;32m   1966\x1B[0m except TypeError:\n',
    'File \x1B[0;32m/usr/lib/python3.13/site-packages/sage/symbolic/expression.pyx:1627\x1B[0m, in \x1B[0;36msage.symbolic.expression.Expression._eval_self (build/cythonized/sage/symbolic/expression.cpp:49724)\x1B[0;34m()\x1B[0m\n' +
      '\x1B[1;32m   1626\x1B[0m else:\n' +
      '\x1B[0;32m-> 1627\x1B[0m     raise TypeError("cannot evaluate symbolic expression to a numeric value")\n' +
      '\x1B[1;32m   1628\x1B[0m \n',
    '\x1B[0;31mTypeError\x1B[0m: cannot evaluate symbolic expression to a numeric value',
    '\nDuring handling of the above exception, another exception occurred:\n',
    '\x1B[0;31mTypeError\x1B[0m                                 Traceback (most recent call last)',
    'File \x1B[0;32m/usr/lib/python3.13/site-packages/sage/plot/point.py:391\x1B[0m, in \x1B[0;36mpoint\x1B[0;34m(points, **kwds)\x1B[0m\n' +
      '\x1B[1;32m    390\x1B[0m \x1B[38;5;28;01mtry\x1B[39;00m:\n' +
      '\x1B[0;32m--> 391\x1B[0m     \x1B[38;5;28;01mreturn\x1B[39;00m \x1B[43mpoint2d\x1B[49m\x1B[43m(\x1B[49m\x1B[43mpoints\x1B[49m\x1B[43m,\x1B[49m\x1B[43m \x1B[49m\x1B[38;5;241;43m*\x1B[39;49m\x1B[38;5;241;43m*\x1B[39;49m\x1B[43mkwds\x1B[49m\x1B[43m)\x1B[49m\n' +
      '\x1B[1;32m    392\x1B[0m \x1B[38;5;28;01mexcept\x1B[39;00m (\x1B[38;5;167;01mValueError\x1B[39;00m, \x1B[38;5;167;01mTypeError\x1B[39;00m):\n',
    'File \x1B[0;32m/usr/lib/python3.13/site-packages/sage/misc/decorators.py:656\x1B[0m, in \x1B[0;36mrename_keyword.__call__.<locals>.wrapper\x1B[0;34m(*args, **kwds)\x1B[0m\n' +
      '\x1B[1;32m    655\x1B[0m         \x1B[38;5;28;01mdel\x1B[39;00m kwds[old_name]\n' +
      '\x1B[0;32m--> 656\x1B[0m \x1B[38;5;28;01mreturn\x1B[39;00m \x1B[43mfunc\x1B[49m\x1B[43m(\x1B[49m\x1B[38;5;241;43m*\x1B[39;49m\x1B[43margs\x1B[49m\x1B[43m,\x1B[49m\x1B[43m \x1B[49m\x1B[38;5;241;43m*\x1B[39;49m\x1B[38;5;241;43m*\x1B[39;49m\x1B[43mkwds\x1B[49m\x1B[43m)\x1B[49m\n',
    'File \x1B[0;32m/usr/lib/python3.13/site-packages/sage/misc/decorators.py:495\x1B[0m, in \x1B[0;36moptions.__call__.<locals>.wrapper\x1B[0;34m(*args, **kwds)\x1B[0m\n' +
      '\x1B[1;32m    494\x1B[0m options\x1B[38;5;241m.\x1B[39mupdate(kwds)\n' +
      '\x1B[0;32m--> 495\x1B[0m \x1B[38;5;28;01mreturn\x1B[39;00m \x1B[43mfunc\x1B[49m\x1B[43m(\x1B[49m\x1B[38;5;241;43m*\x1B[39;49m\x1B[43margs\x1B[49m\x1B[43m,\x1B[49m\x1B[43m \x1B[49m\x1B[38;5;241;43m*\x1B[39;49m\x1B[38;5;241;43m*\x1B[39;49m\x1B[43moptions\x1B[49m\x1B[43m)\x1B[49m\n',
    'File \x1B[0;32m/usr/lib/python3.13/site-packages/sage/plot/point.py:603\x1B[0m, in \x1B[0;36mpoint2d\x1B[0;34m(points, **options)\x1B[0m\n' +
      '\x1B[1;32m    602\x1B[0m \x1B[38;5;28;01melif\x1B[39;00m l \x1B[38;5;241m==\x1B[39m \x1B[38;5;241m2\x1B[39m:  \x1B[38;5;66;03m# special case for a single 2D point\x1B[39;00m\n' +
      '\x1B[0;32m--> 603\x1B[0m     \x1B[38;5;28;01mif\x1B[39;00m \x1B[38;5;28;43mall\x1B[39;49m\x1B[43m(\x1B[49m\x1B[38;5;28;43misinstance\x1B[39;49m\x1B[43m(\x1B[49m\x1B[43mz\x1B[49m\x1B[43m,\x1B[49m\x1B[43m \x1B[49m\x1B[43mnumbers\x1B[49m\x1B[38;5;241;43m.\x1B[39;49m\x1B[43mReal\x1B[49m\x1B[43m)\x1B[49m\n' +
      '\x1B[1;32m    604\x1B[0m \x1B[43m           \x1B[49m\x1B[38;5;129;43;01mor\x1B[39;49;00m\x1B[43m \x1B[49m\x1B[43m(\x1B[49m\x1B[38;5;28;43misinstance\x1B[39;49m\x1B[43m(\x1B[49m\x1B[43mz\x1B[49m\x1B[43m,\x1B[49m\x1B[43m \x1B[49m\x1B[43mExpression\x1B[49m\x1B[43m)\x1B[49m\x1B[43m \x1B[49m\x1B[38;5;129;43;01mand\x1B[39;49;00m\x1B[43m \x1B[49m\x1B[38;5;129;43;01mnot\x1B[39;49;00m\x1B[43m \x1B[49m\x1B[38;5;28;43mcomplex\x1B[39;49m\x1B[43m(\x1B[49m\x1B[43mz\x1B[49m\x1B[43m)\x1B[49m\x1B[38;5;241;43m.\x1B[39;49m\x1B[43mimag\x1B[49m\x1B[43m)\x1B[49m\n' +
      '\x1B[1;32m    605\x1B[0m \x1B[43m           \x1B[49m\x1B[38;5;28;43;01mfor\x1B[39;49;00m\x1B[43m \x1B[49m\x1B[43mz\x1B[49m\x1B[43m \x1B[49m\x1B[38;5;129;43;01min\x1B[39;49;00m\x1B[43m \x1B[49m\x1B[43mpoints\x1B[49m\x1B[43m)\x1B[49m:\n' +
      '\x1B[1;32m    606\x1B[0m         points \x1B[38;5;241m=\x1B[39m [points]\n',
    'File \x1B[0;32m/usr/lib/python3.13/site-packages/sage/plot/point.py:604\x1B[0m, in \x1B[0;36m<genexpr>\x1B[0;34m(.0)\x1B[0m\n' +
      '\x1B[1;32m    602\x1B[0m \x1B[38;5;28;01melif\x1B[39;00m l \x1B[38;5;241m==\x1B[39m \x1B[38;5;241m2\x1B[39m:  \x1B[38;5;66;03m# special case for a single 2D point\x1B[39;00m\n' +
      '\x1B[1;32m    603\x1B[0m     \x1B[38;5;28;01mif\x1B[39;00m \x1B[38;5;28mall\x1B[39m(\x1B[38;5;28misinstance\x1B[39m(z, numbers\x1B[38;5;241m.\x1B[39mReal)\n' +
      '\x1B[0;32m--> 604\x1B[0m            \x1B[38;5;129;01mor\x1B[39;00m (\x1B[38;5;28misinstance\x1B[39m(z, Expression) \x1B[38;5;129;01mand\x1B[39;00m \x1B[38;5;129;01mnot\x1B[39;00m \x1B[38;5;28;43mcomplex\x1B[39;49m\x1B[43m(\x1B[49m\x1B[43mz\x1B[49m\x1B[43m)\x1B[49m\x1B[38;5;241m.\x1B[39mimag)\n' +
      '\x1B[1;32m    605\x1B[0m            \x1B[38;5;28;01mfor\x1B[39;00m z \x1B[38;5;129;01min\x1B[39;00m points):\n' +
      '\x1B[1;32m    606\x1B[0m         points \x1B[38;5;241m=\x1B[39m [points]\n',
    'File \x1B[0;32m/usr/lib/python3.13/site-packages/sage/symbolic/expression.pyx:1967\x1B[0m, in \x1B[0;36msage.symbolic.expression.Expression.__complex__ (build/cythonized/sage/symbolic/expression.cpp:53096)\x1B[0;34m()\x1B[0m\n' +
      '\x1B[1;32m   1966\x1B[0m except TypeError:\n' +
      '\x1B[0;32m-> 1967\x1B[0m     raise TypeError("unable to simplify to complex approximation")\n' +
      '\x1B[1;32m   1968\x1B[0m \n',
    '\x1B[0;31mTypeError\x1B[0m: unable to simplify to complex approximation',
    '\nDuring handling of the above exception, another exception occurred:\n',
    '\x1B[0;31mTypeError\x1B[0m                                 Traceback (most recent call last)',
    'Cell \x1B[0;32mIn[41], line 25\x1B[0m\n' +
      '\x1B[1;32m     20\x1B[0m Vs\x1B[38;5;241m=\x1B[39mdiff(Xs,t)\n' +
      '\x1B[1;32m     21\x1B[0m \x1B[38;5;28mprint\x1B[39m(\x1B[38;5;124mf\x1B[39m\x1B[38;5;124m"\x1B[39m\x1B[38;5;130;01m\\n\x1B[39;00m\x1B[38;5;124mPrędkość Samolotu = \x1B[39m\x1B[38;5;132;01m{\x1B[39;00mVs\x1B[38;5;132;01m}\x1B[39;00m\x1B[38;5;124m"\x1B[39m)\n' +
      '\x1B[1;32m     23\x1B[0m show(\n' +
      `\x1B[1;32m     24\x1B[0m plot(Vs, t, Integer(\x1B[38;5;241m0\x1B[39m), Integer(\x1B[38;5;241m12\x1B[39m), ymax\x1B[38;5;241m=\x1B[39mInteger(\x1B[38;5;241m3000\x1B[39m), ymin\x1B[38;5;241m=\x1B[39mInteger(\x1B[38;5;241m0\x1B[39m), axes_labels\x1B[38;5;241m=\x1B[39m[\x1B[38;5;124m'\x1B[39m\x1B[38;5;124m$t[h]$\x1B[39m\x1B[38;5;124m'\x1B[39m, \x1B[38;5;124m'\x1B[39m\x1B[38;5;124m$x[km/h]$\x1B[39m\x1B[38;5;124m'\x1B[39m], figsize \x1B[38;5;241m=\x1B[39m Integer(\x1B[38;5;241m10\x1B[39m), legend_label\x1B[38;5;241m=\x1B[39m\x1B[38;5;124m"\x1B[39m\x1B[38;5;124mSamolot\x1B[39m\x1B[38;5;124m"\x1B[39m, color\x1B[38;5;241m=\x1B[39m\x1B[38;5;124m"\x1B[39m\x1B[38;5;124mred\x1B[39m\x1B[38;5;124m"\x1B[39m) \x1B[38;5;241m+\x1B[39m\n` +
      "\x1B[0;32m---> 25\x1B[0m \x1B[43mpoint\x1B[49m\x1B[43m(\x1B[49m\x1B[43m(\x1B[49m\x1B[43mInteger\x1B[49m\x1B[43m(\x1B[49m\x1B[38;5;241;43m2\x1B[39;49m\x1B[43m)\x1B[49m\x1B[43m,\x1B[49m\x1B[43m \x1B[49m\x1B[43mt\x1B[49m\x1B[43m)\x1B[49m\x1B[43m,\x1B[49m\x1B[43m \x1B[49m\x1B[43msize\x1B[49m\x1B[43m \x1B[49m\x1B[38;5;241;43m=\x1B[39;49m\x1B[43m \x1B[49m\x1B[43mInteger\x1B[49m\x1B[43m(\x1B[49m\x1B[38;5;241;43m25\x1B[39;49m\x1B[43m)\x1B[49m\x1B[43m,\x1B[49m\x1B[43m \x1B[49m\x1B[43mcolor\x1B[49m\x1B[43m \x1B[49m\x1B[38;5;241;43m=\x1B[39;49m\x1B[43m \x1B[49m\x1B[38;5;124;43m'\x1B[39;49m\x1B[38;5;124;43morange\x1B[39;49m\x1B[38;5;124;43m'\x1B[39;49m\x1B[43m,\x1B[49m\x1B[43m \x1B[49m\x1B[43mlegend_label\x1B[49m\x1B[38;5;241;43m=\x1B[39;49m\x1B[38;5;124;43m'\x1B[39;49m\x1B[38;5;124;43m2 Sekunda\x1B[39;49m\x1B[38;5;124;43m'\x1B[39;49m\x1B[43m)\x1B[49m \x1B[38;5;241m+\x1B[39m\n" +
      "\x1B[1;32m     26\x1B[0m point((Integer(\x1B[38;5;241m4\x1B[39m), t), size \x1B[38;5;241m=\x1B[39m Integer(\x1B[38;5;241m25\x1B[39m), color \x1B[38;5;241m=\x1B[39m \x1B[38;5;124m'\x1B[39m\x1B[38;5;124morange\x1B[39m\x1B[38;5;124m'\x1B[39m, legend_label\x1B[38;5;241m=\x1B[39m\x1B[38;5;124m'\x1B[39m\x1B[38;5;124m4 Sekunda\x1B[39m\x1B[38;5;124m'\x1B[39m) \x1B[38;5;241m+\x1B[39m\n" +
      "\x1B[1;32m     27\x1B[0m point((Integer(\x1B[38;5;241m8\x1B[39m), t), size \x1B[38;5;241m=\x1B[39m Integer(\x1B[38;5;241m25\x1B[39m), color \x1B[38;5;241m=\x1B[39m \x1B[38;5;124m'\x1B[39m\x1B[38;5;124morange\x1B[39m\x1B[38;5;124m'\x1B[39m, legend_label\x1B[38;5;241m=\x1B[39m\x1B[38;5;124m'\x1B[39m\x1B[38;5;124m8 Sekunda\x1B[39m\x1B[38;5;124m'\x1B[39m) \n" +
      '\x1B[1;32m     28\x1B[0m \n' +
      '\x1B[1;32m     29\x1B[0m )\n',
    'File \x1B[0;32m/usr/lib/python3.13/site-packages/sage/plot/point.py:394\x1B[0m, in \x1B[0;36mpoint\x1B[0;34m(points, **kwds)\x1B[0m\n' +
      '\x1B[1;32m    392\x1B[0m \x1B[38;5;28;01mexcept\x1B[39;00m (\x1B[38;5;167;01mValueError\x1B[39;00m, \x1B[38;5;167;01mTypeError\x1B[39;00m):\n' +
      '\x1B[1;32m    393\x1B[0m     \x1B[38;5;28;01mfrom\x1B[39;00m\x1B[38;5;250m \x1B[39m\x1B[38;5;21;01msage\x1B[39;00m\x1B[38;5;21;01m.\x1B[39;00m\x1B[38;5;21;01mplot\x1B[39;00m\x1B[38;5;21;01m.\x1B[39;00m\x1B[38;5;21;01mplot3d\x1B[39;00m\x1B[38;5;21;01m.\x1B[39;00m\x1B[38;5;21;01mshapes2\x1B[39;00m\x1B[38;5;250m \x1B[39m\x1B[38;5;28;01mimport\x1B[39;00m point3d\n' +
      '\x1B[0;32m--> 394\x1B[0m     \x1B[38;5;28;01mreturn\x1B[39;00m \x1B[43mpoint3d\x1B[49m\x1B[43m(\x1B[49m\x1B[43mpoints\x1B[49m\x1B[43m,\x1B[49m\x1B[43m \x1B[49m\x1B[38;5;241;43m*\x1B[39;49m\x1B[38;5;241;43m*\x1B[39;49m\x1B[43mkwds\x1B[49m\x1B[43m)\x1B[49m\n',
    'File \x1B[0;32m/usr/lib/python3.13/site-packages/sage/misc/decorators.py:656\x1B[0m, in \x1B[0;36mrename_keyword.__call__.<locals>.wrapper\x1B[0;34m(*args, **kwds)\x1B[0m\n' +
      '\x1B[1;32m    654\x1B[0m         kwds[new_name] \x1B[38;5;241m=\x1B[39m kwds[old_name]\n' +
      '\x1B[1;32m    655\x1B[0m         \x1B[38;5;28;01mdel\x1B[39;00m kwds[old_name]\n' +
      '\x1B[0;32m--> 656\x1B[0m \x1B[38;5;28;01mreturn\x1B[39;00m \x1B[43mfunc\x1B[49m\x1B[43m(\x1B[49m\x1B[38;5;241;43m*\x1B[39;49m\x1B[43margs\x1B[49m\x1B[43m,\x1B[49m\x1B[43m \x1B[49m\x1B[38;5;241;43m*\x1B[39;49m\x1B[38;5;241;43m*\x1B[39;49m\x1B[43mkwds\x1B[49m\x1B[43m)\x1B[49m\n',
    'File \x1B[0;32m/usr/lib/python3.13/site-packages/sage/plot/plot3d/shapes2.py:1507\x1B[0m, in \x1B[0;36mpoint3d\x1B[0;34m(v, size, **kwds)\x1B[0m\n' +
      '\x1B[1;32m   1504\x1B[0m     \x1B[38;5;28;01mexcept\x1B[39;00m \x1B[38;5;167;01mTypeError\x1B[39;00m:\n' +
      '\x1B[1;32m   1505\x1B[0m         \x1B[38;5;28;01mpass\x1B[39;00m\n' +
      '\x1B[0;32m-> 1507\x1B[0m A \x1B[38;5;241m=\x1B[39m \x1B[38;5;28msum\x1B[39m([\x1B[43mPoint\x1B[49m\x1B[43m(\x1B[49m\x1B[43mz\x1B[49m\x1B[43m,\x1B[49m\x1B[43m \x1B[49m\x1B[43msize\x1B[49m\x1B[43m,\x1B[49m\x1B[43m \x1B[49m\x1B[38;5;241;43m*\x1B[39;49m\x1B[38;5;241;43m*\x1B[39;49m\x1B[43mkwds\x1B[49m\x1B[43m)\x1B[49m \x1B[38;5;28;01mfor\x1B[39;00m z \x1B[38;5;129;01min\x1B[39;00m v])\n' +
      '\x1B[1;32m   1508\x1B[0m A\x1B[38;5;241m.\x1B[39m_set_extra_kwds(kwds)\n' +
      '\x1B[1;32m   1509\x1B[0m \x1B[38;5;28;01mreturn\x1B[39;00m A\n',
    'File \x1B[0;32m/usr/lib/python3.13/site-packages/sage/plot/plot3d/shapes2.py:907\x1B[0m, in \x1B[0;36mPoint.__init__\x1B[0;34m(self, center, size, **kwds)\x1B[0m\n' +
      '\x1B[1;32m    894\x1B[0m \x1B[38;5;250m\x1B[39m\x1B[38;5;124;03m"""\x1B[39;00m\n' +
      '\x1B[1;32m    895\x1B[0m \x1B[38;5;124;03mCreate the graphics primitive :class:`Point` in 3-D.\x1B[39;00m\n' +
      '\x1B[1;32m    896\x1B[0m \n' +
      '\x1B[0;32m   (...)\x1B[0m\n' +
      '\x1B[1;32m    904\x1B[0m \x1B[38;5;124;03m    (1.0, 2.0, 3.0)\x1B[39;00m\n' +
      '\x1B[1;32m    905\x1B[0m \x1B[38;5;124;03m"""\x1B[39;00m\n' +
      '\x1B[1;32m    906\x1B[0m PrimitiveObject\x1B[38;5;241m.\x1B[39m\x1B[38;5;21m__init__\x1B[39m(\x1B[38;5;28mself\x1B[39m, \x1B[38;5;241m*\x1B[39m\x1B[38;5;241m*\x1B[39mkwds)\n' +
      '\x1B[0;32m--> 907\x1B[0m \x1B[38;5;28mself\x1B[39m\x1B[38;5;241m.\x1B[39mloc \x1B[38;5;241m=\x1B[39m (\x1B[38;5;28mfloat\x1B[39m(\x1B[43mcenter\x1B[49m\x1B[43m[\x1B[49m\x1B[38;5;241;43m0\x1B[39;49m\x1B[43m]\x1B[49m), \x1B[38;5;28mfloat\x1B[39m(center[\x1B[38;5;241m1\x1B[39m]), \x1B[38;5;28mfloat\x1B[39m(center[\x1B[38;5;241m2\x1B[39m]))\n' +
      '\x1B[1;32m    908\x1B[0m \x1B[38;5;28mself\x1B[39m\x1B[38;5;241m.\x1B[39msize \x1B[38;5;241m=\x1B[39m size\n' +
      '\x1B[1;32m    909\x1B[0m \x1B[38;5;28mself\x1B[39m\x1B[38;5;241m.\x1B[39m_set_extra_kwds(kwds)\n',
    "\x1B[0;31mTypeError\x1B[0m: 'sage.rings.integer.Integer' object is not subscriptable"
  ]
}
14:50:24.441 [warn] Cell completed with errors [su [Error]: 'sage.rings.integer.Integer' object is not subscriptable
	at n.execute (/home/~/.vscode-oss/extensions/ms-toolsai.jupyter-2025.1.0-universal/dist/extension.node.js:297:4958)] {
  ename: 'TypeError',
  evalue: "'sage.rings.integer.Integer' object is not subscriptable",
  traceback: [
    '\x1B[0;31m---------------------------------------------------------------------------\x1B[0m',
    '\x1B[0;31mTypeError\x1B[0m                                 Traceback (most recent call last)',
    'File \x1B[0;32m/usr/lib/python3.13/site-packages/sage/symbolic/expression.pyx:1965\x1B[0m, in \x1B[0;36msage.symbolic.expression.Expression.__complex__ (build/cythonized/sage/symbolic/expression.cpp:53053)\x1B[0;34m()\x1B[0m\n' +
      '\x1B[1;32m   1964\x1B[0m try:\n' +
      '\x1B[0;32m-> 1965\x1B[0m     return self._eval_self(complex)\n' +
      '\x1B[1;32m   1966\x1B[0m except TypeError:\n',
    'File \x1B[0;32m/usr/lib/python3.13/site-packages/sage/symbolic/expression.pyx:1627\x1B[0m, in \x1B[0;36msage.symbolic.expression.Expression._eval_self (build/cythonized/sage/symbolic/expression.cpp:49724)\x1B[0;34m()\x1B[0m\n' +
      '\x1B[1;32m   1626\x1B[0m else:\n' +
      '\x1B[0;32m-> 1627\x1B[0m     raise TypeError("cannot evaluate symbolic expression to a numeric value")\n' +
      '\x1B[1;32m   1628\x1B[0m \n',
    '\x1B[0;31mTypeError\x1B[0m: cannot evaluate symbolic expression to a numeric value',
    '\nDuring handling of the above exception, another exception occurred:\n',
    '\x1B[0;31mTypeError\x1B[0m                                 Traceback (most recent call last)',
    'File \x1B[0;32m/usr/lib/python3.13/site-packages/sage/plot/point.py:391\x1B[0m, in \x1B[0;36mpoint\x1B[0;34m(points, **kwds)\x1B[0m\n' +
      '\x1B[1;32m    390\x1B[0m \x1B[38;5;28;01mtry\x1B[39;00m:\n' +
      '\x1B[0;32m--> 391\x1B[0m     \x1B[38;5;28;01mreturn\x1B[39;00m \x1B[43mpoint2d\x1B[49m\x1B[43m(\x1B[49m\x1B[43mpoints\x1B[49m\x1B[43m,\x1B[49m\x1B[43m \x1B[49m\x1B[38;5;241;43m*\x1B[39;49m\x1B[38;5;241;43m*\x1B[39;49m\x1B[43mkwds\x1B[49m\x1B[43m)\x1B[49m\n' +
      '\x1B[1;32m    392\x1B[0m \x1B[38;5;28;01mexcept\x1B[39;00m (\x1B[38;5;167;01mValueError\x1B[39;00m, \x1B[38;5;167;01mTypeError\x1B[39;00m):\n',
    'File \x1B[0;32m/usr/lib/python3.13/site-packages/sage/misc/decorators.py:656\x1B[0m, in \x1B[0;36mrename_keyword.__call__.<locals>.wrapper\x1B[0;34m(*args, **kwds)\x1B[0m\n' +
      '\x1B[1;32m    655\x1B[0m         \x1B[38;5;28;01mdel\x1B[39;00m kwds[old_name]\n' +
      '\x1B[0;32m--> 656\x1B[0m \x1B[38;5;28;01mreturn\x1B[39;00m \x1B[43mfunc\x1B[49m\x1B[43m(\x1B[49m\x1B[38;5;241;43m*\x1B[39;49m\x1B[43margs\x1B[49m\x1B[43m,\x1B[49m\x1B[43m \x1B[49m\x1B[38;5;241;43m*\x1B[39;49m\x1B[38;5;241;43m*\x1B[39;49m\x1B[43mkwds\x1B[49m\x1B[43m)\x1B[49m\n',
    'File \x1B[0;32m/usr/lib/python3.13/site-packages/sage/misc/decorators.py:495\x1B[0m, in \x1B[0;36moptions.__call__.<locals>.wrapper\x1B[0;34m(*args, **kwds)\x1B[0m\n' +
      '\x1B[1;32m    494\x1B[0m options\x1B[38;5;241m.\x1B[39mupdate(kwds)\n' +
      '\x1B[0;32m--> 495\x1B[0m \x1B[38;5;28;01mreturn\x1B[39;00m \x1B[43mfunc\x1B[49m\x1B[43m(\x1B[49m\x1B[38;5;241;43m*\x1B[39;49m\x1B[43margs\x1B[49m\x1B[43m,\x1B[49m\x1B[43m \x1B[49m\x1B[38;5;241;43m*\x1B[39;49m\x1B[38;5;241;43m*\x1B[39;49m\x1B[43moptions\x1B[49m\x1B[43m)\x1B[49m\n',
    'File \x1B[0;32m/usr/lib/python3.13/site-packages/sage/plot/point.py:603\x1B[0m, in \x1B[0;36mpoint2d\x1B[0;34m(points, **options)\x1B[0m\n' +
      '\x1B[1;32m    602\x1B[0m \x1B[38;5;28;01melif\x1B[39;00m l \x1B[38;5;241m==\x1B[39m \x1B[38;5;241m2\x1B[39m:  \x1B[38;5;66;03m# special case for a single 2D point\x1B[39;00m\n' +
      '\x1B[0;32m--> 603\x1B[0m     \x1B[38;5;28;01mif\x1B[39;00m \x1B[38;5;28;43mall\x1B[39;49m\x1B[43m(\x1B[49m\x1B[38;5;28;43misinstance\x1B[39;49m\x1B[43m(\x1B[49m\x1B[43mz\x1B[49m\x1B[43m,\x1B[49m\x1B[43m \x1B[49m\x1B[43mnumbers\x1B[49m\x1B[38;5;241;43m.\x1B[39;49m\x1B[43mReal\x1B[49m\x1B[43m)\x1B[49m\n' +
      '\x1B[1;32m    604\x1B[0m \x1B[43m           \x1B[49m\x1B[38;5;129;43;01mor\x1B[39;49;00m\x1B[43m \x1B[49m\x1B[43m(\x1B[49m\x1B[38;5;28;43misinstance\x1B[39;49m\x1B[43m(\x1B[49m\x1B[43mz\x1B[49m\x1B[43m,\x1B[49m\x1B[43m \x1B[49m\x1B[43mExpression\x1B[49m\x1B[43m)\x1B[49m\x1B[43m \x1B[49m\x1B[38;5;129;43;01mand\x1B[39;49;00m\x1B[43m \x1B[49m\x1B[38;5;129;43;01mnot\x1B[39;49;00m\x1B[43m \x1B[49m\x1B[38;5;28;43mcomplex\x1B[39;49m\x1B[43m(\x1B[49m\x1B[43mz\x1B[49m\x1B[43m)\x1B[49m\x1B[38;5;241;43m.\x1B[39;49m\x1B[43mimag\x1B[49m\x1B[43m)\x1B[49m\n' +
      '\x1B[1;32m    605\x1B[0m \x1B[43m           \x1B[49m\x1B[38;5;28;43;01mfor\x1B[39;49;00m\x1B[43m \x1B[49m\x1B[43mz\x1B[49m\x1B[43m \x1B[49m\x1B[38;5;129;43;01min\x1B[39;49;00m\x1B[43m \x1B[49m\x1B[43mpoints\x1B[49m\x1B[43m)\x1B[49m:\n' +
      '\x1B[1;32m    606\x1B[0m         points \x1B[38;5;241m=\x1B[39m [points]\n',
    'File \x1B[0;32m/usr/lib/python3.13/site-packages/sage/plot/point.py:604\x1B[0m, in \x1B[0;36m<genexpr>\x1B[0;34m(.0)\x1B[0m\n' +
      '\x1B[1;32m    602\x1B[0m \x1B[38;5;28;01melif\x1B[39;00m l \x1B[38;5;241m==\x1B[39m \x1B[38;5;241m2\x1B[39m:  \x1B[38;5;66;03m# special case for a single 2D point\x1B[39;00m\n' +
      '\x1B[1;32m    603\x1B[0m     \x1B[38;5;28;01mif\x1B[39;00m \x1B[38;5;28mall\x1B[39m(\x1B[38;5;28misinstance\x1B[39m(z, numbers\x1B[38;5;241m.\x1B[39mReal)\n' +
      '\x1B[0;32m--> 604\x1B[0m            \x1B[38;5;129;01mor\x1B[39;00m (\x1B[38;5;28misinstance\x1B[39m(z, Expression) \x1B[38;5;129;01mand\x1B[39;00m \x1B[38;5;129;01mnot\x1B[39;00m \x1B[38;5;28;43mcomplex\x1B[39;49m\x1B[43m(\x1B[49m\x1B[43mz\x1B[49m\x1B[43m)\x1B[49m\x1B[38;5;241m.\x1B[39mimag)\n' +
      '\x1B[1;32m    605\x1B[0m            \x1B[38;5;28;01mfor\x1B[39;00m z \x1B[38;5;129;01min\x1B[39;00m points):\n' +
      '\x1B[1;32m    606\x1B[0m         points \x1B[38;5;241m=\x1B[39m [points]\n',
    'File \x1B[0;32m/usr/lib/python3.13/site-packages/sage/symbolic/expression.pyx:1967\x1B[0m, in \x1B[0;36msage.symbolic.expression.Expression.__complex__ (build/cythonized/sage/symbolic/expression.cpp:53096)\x1B[0;34m()\x1B[0m\n' +
      '\x1B[1;32m   1966\x1B[0m except TypeError:\n' +
      '\x1B[0;32m-> 1967\x1B[0m     raise TypeError("unable to simplify to complex approximation")\n' +
      '\x1B[1;32m   1968\x1B[0m \n',
    '\x1B[0;31mTypeError\x1B[0m: unable to simplify to complex approximation',
    '\nDuring handling of the above exception, another exception occurred:\n',
    '\x1B[0;31mTypeError\x1B[0m                                 Traceback (most recent call last)',
    'Cell \x1B[0;32mIn[42], line 25\x1B[0m\n' +
      '\x1B[1;32m     20\x1B[0m Vs\x1B[38;5;241m=\x1B[39mdiff(Xs,t)\n' +
      '\x1B[1;32m     21\x1B[0m \x1B[38;5;28mprint\x1B[39m(\x1B[38;5;124mf\x1B[39m\x1B[38;5;124m"\x1B[39m\x1B[38;5;130;01m\\n\x1B[39;00m\x1B[38;5;124mPrędkość Samolotu = \x1B[39m\x1B[38;5;132;01m{\x1B[39;00mVs\x1B[38;5;132;01m}\x1B[39;00m\x1B[38;5;124m"\x1B[39m)\n' +
      '\x1B[1;32m     23\x1B[0m show(\n' +
      `\x1B[1;32m     24\x1B[0m plot(Vs, t, Integer(\x1B[38;5;241m0\x1B[39m), Integer(\x1B[38;5;241m12\x1B[39m), ymax\x1B[38;5;241m=\x1B[39mInteger(\x1B[38;5;241m3000\x1B[39m), ymin\x1B[38;5;241m=\x1B[39mInteger(\x1B[38;5;241m0\x1B[39m), axes_labels\x1B[38;5;241m=\x1B[39m[\x1B[38;5;124m'\x1B[39m\x1B[38;5;124m$t[h]$\x1B[39m\x1B[38;5;124m'\x1B[39m, \x1B[38;5;124m'\x1B[39m\x1B[38;5;124m$x[km/h]$\x1B[39m\x1B[38;5;124m'\x1B[39m], figsize \x1B[38;5;241m=\x1B[39m Integer(\x1B[38;5;241m10\x1B[39m), legend_label\x1B[38;5;241m=\x1B[39m\x1B[38;5;124m"\x1B[39m\x1B[38;5;124mSamolot\x1B[39m\x1B[38;5;124m"\x1B[39m, color\x1B[38;5;241m=\x1B[39m\x1B[38;5;124m"\x1B[39m\x1B[38;5;124mred\x1B[39m\x1B[38;5;124m"\x1B[39m) \x1B[38;5;241m+\x1B[39m\n` +
      "\x1B[0;32m---> 25\x1B[0m \x1B[43mpoint\x1B[49m\x1B[43m(\x1B[49m\x1B[43m(\x1B[49m\x1B[43mInteger\x1B[49m\x1B[43m(\x1B[49m\x1B[38;5;241;43m2\x1B[39;49m\x1B[43m)\x1B[49m\x1B[43m,\x1B[49m\x1B[43m \x1B[49m\x1B[43mt\x1B[49m\x1B[43m)\x1B[49m\x1B[43m,\x1B[49m\x1B[43m \x1B[49m\x1B[43msize\x1B[49m\x1B[43m \x1B[49m\x1B[38;5;241;43m=\x1B[39;49m\x1B[43m \x1B[49m\x1B[43mInteger\x1B[49m\x1B[43m(\x1B[49m\x1B[38;5;241;43m25\x1B[39;49m\x1B[43m)\x1B[49m\x1B[43m,\x1B[49m\x1B[43m \x1B[49m\x1B[43mcolor\x1B[49m\x1B[43m \x1B[49m\x1B[38;5;241;43m=\x1B[39;49m\x1B[43m \x1B[49m\x1B[38;5;124;43m'\x1B[39;49m\x1B[38;5;124;43morange\x1B[39;49m\x1B[38;5;124;43m'\x1B[39;49m\x1B[43m,\x1B[49m\x1B[43m \x1B[49m\x1B[43mlegend_label\x1B[49m\x1B[38;5;241;43m=\x1B[39;49m\x1B[38;5;124;43m'\x1B[39;49m\x1B[38;5;124;43m2 Sekunda\x1B[39;49m\x1B[38;5;124;43m'\x1B[39;49m\x1B[43m)\x1B[49m \x1B[38;5;241m+\x1B[39m\n" +
      "\x1B[1;32m     26\x1B[0m point((Integer(\x1B[38;5;241m4\x1B[39m), t), size \x1B[38;5;241m=\x1B[39m Integer(\x1B[38;5;241m25\x1B[39m), color \x1B[38;5;241m=\x1B[39m \x1B[38;5;124m'\x1B[39m\x1B[38;5;124morange\x1B[39m\x1B[38;5;124m'\x1B[39m, legend_label\x1B[38;5;241m=\x1B[39m\x1B[38;5;124m'\x1B[39m\x1B[38;5;124m4 Sekunda\x1B[39m\x1B[38;5;124m'\x1B[39m) \x1B[38;5;241m+\x1B[39m\n" +
      "\x1B[1;32m     27\x1B[0m point((Integer(\x1B[38;5;241m8\x1B[39m), t), size \x1B[38;5;241m=\x1B[39m Integer(\x1B[38;5;241m25\x1B[39m), color \x1B[38;5;241m=\x1B[39m \x1B[38;5;124m'\x1B[39m\x1B[38;5;124morange\x1B[39m\x1B[38;5;124m'\x1B[39m, legend_label\x1B[38;5;241m=\x1B[39m\x1B[38;5;124m'\x1B[39m\x1B[38;5;124m8 Sekunda\x1B[39m\x1B[38;5;124m'\x1B[39m) \n" +
      '\x1B[1;32m     28\x1B[0m )\n' +
      '\x1B[1;32m     30\x1B[0m pochodna\x1B[38;5;241m=\x1B[39mdiff(Vs,t)\n' +
      '\x1B[1;32m     31\x1B[0m \x1B[38;5;28mprint\x1B[39m(solve(pochodna,t))\n',
    'File \x1B[0;32m/usr/lib/python3.13/site-packages/sage/plot/point.py:394\x1B[0m, in \x1B[0;36mpoint\x1B[0;34m(points, **kwds)\x1B[0m\n' +
      '\x1B[1;32m    392\x1B[0m \x1B[38;5;28;01mexcept\x1B[39;00m (\x1B[38;5;167;01mValueError\x1B[39;00m, \x1B[38;5;167;01mTypeError\x1B[39;00m):\n' +
      '\x1B[1;32m    393\x1B[0m     \x1B[38;5;28;01mfrom\x1B[39;00m\x1B[38;5;250m \x1B[39m\x1B[38;5;21;01msage\x1B[39;00m\x1B[38;5;21;01m.\x1B[39;00m\x1B[38;5;21;01mplot\x1B[39;00m\x1B[38;5;21;01m.\x1B[39;00m\x1B[38;5;21;01mplot3d\x1B[39;00m\x1B[38;5;21;01m.\x1B[39;00m\x1B[38;5;21;01mshapes2\x1B[39;00m\x1B[38;5;250m \x1B[39m\x1B[38;5;28;01mimport\x1B[39;00m point3d\n' +
      '\x1B[0;32m--> 394\x1B[0m     \x1B[38;5;28;01mreturn\x1B[39;00m \x1B[43mpoint3d\x1B[49m\x1B[43m(\x1B[49m\x1B[43mpoints\x1B[49m\x1B[43m,\x1B[49m\x1B[43m \x1B[49m\x1B[38;5;241;43m*\x1B[39;49m\x1B[38;5;241;43m*\x1B[39;49m\x1B[43mkwds\x1B[49m\x1B[43m)\x1B[49m\n',
    'File \x1B[0;32m/usr/lib/python3.13/site-packages/sage/misc/decorators.py:656\x1B[0m, in \x1B[0;36mrename_keyword.__call__.<locals>.wrapper\x1B[0;34m(*args, **kwds)\x1B[0m\n' +
      '\x1B[1;32m    654\x1B[0m         kwds[new_name] \x1B[38;5;241m=\x1B[39m kwds[old_name]\n' +
      '\x1B[1;32m    655\x1B[0m         \x1B[38;5;28;01mdel\x1B[39;00m kwds[old_name]\n' +
      '\x1B[0;32m--> 656\x1B[0m \x1B[38;5;28;01mreturn\x1B[39;00m \x1B[43mfunc\x1B[49m\x1B[43m(\x1B[49m\x1B[38;5;241;43m*\x1B[39;49m\x1B[43margs\x1B[49m\x1B[43m,\x1B[49m\x1B[43m \x1B[49m\x1B[38;5;241;43m*\x1B[39;49m\x1B[38;5;241;43m*\x1B[39;49m\x1B[43mkwds\x1B[49m\x1B[43m)\x1B[49m\n',
    'File \x1B[0;32m/usr/lib/python3.13/site-packages/sage/plot/plot3d/shapes2.py:1507\x1B[0m, in \x1B[0;36mpoint3d\x1B[0;34m(v, size, **kwds)\x1B[0m\n' +
      '\x1B[1;32m   1504\x1B[0m     \x1B[38;5;28;01mexcept\x1B[39;00m \x1B[38;5;167;01mTypeError\x1B[39;00m:\n' +
      '\x1B[1;32m   1505\x1B[0m         \x1B[38;5;28;01mpass\x1B[39;00m\n' +
      '\x1B[0;32m-> 1507\x1B[0m A \x1B[38;5;241m=\x1B[39m \x1B[38;5;28msum\x1B[39m([\x1B[43mPoint\x1B[49m\x1B[43m(\x1B[49m\x1B[43mz\x1B[49m\x1B[43m,\x1B[49m\x1B[43m \x1B[49m\x1B[43msize\x1B[49m\x1B[43m,\x1B[49m\x1B[43m \x1B[49m\x1B[38;5;241;43m*\x1B[39;49m\x1B[38;5;241;43m*\x1B[39;49m\x1B[43mkwds\x1B[49m\x1B[43m)\x1B[49m \x1B[38;5;28;01mfor\x1B[39;00m z \x1B[38;5;129;01min\x1B[39;00m v])\n' +
      '\x1B[1;32m   1508\x1B[0m A\x1B[38;5;241m.\x1B[39m_set_extra_kwds(kwds)\n' +
      '\x1B[1;32m   1509\x1B[0m \x1B[38;5;28;01mreturn\x1B[39;00m A\n',
    'File \x1B[0;32m/usr/lib/python3.13/site-packages/sage/plot/plot3d/shapes2.py:907\x1B[0m, in \x1B[0;36mPoint.__init__\x1B[0;34m(self, center, size, **kwds)\x1B[0m\n' +
      '\x1B[1;32m    894\x1B[0m \x1B[38;5;250m\x1B[39m\x1B[38;5;124;03m"""\x1B[39;00m\n' +
      '\x1B[1;32m    895\x1B[0m \x1B[38;5;124;03mCreate the graphics primitive :class:`Point` in 3-D.\x1B[39;00m\n' +
      '\x1B[1;32m    896\x1B[0m \n' +
      '\x1B[0;32m   (...)\x1B[0m\n' +
      '\x1B[1;32m    904\x1B[0m \x1B[38;5;124;03m    (1.0, 2.0, 3.0)\x1B[39;00m\n' +
      '\x1B[1;32m    905\x1B[0m \x1B[38;5;124;03m"""\x1B[39;00m\n' +
      '\x1B[1;32m    906\x1B[0m PrimitiveObject\x1B[38;5;241m.\x1B[39m\x1B[38;5;21m__init__\x1B[39m(\x1B[38;5;28mself\x1B[39m, \x1B[38;5;241m*\x1B[39m\x1B[38;5;241m*\x1B[39mkwds)\n' +
      '\x1B[0;32m--> 907\x1B[0m \x1B[38;5;28mself\x1B[39m\x1B[38;5;241m.\x1B[39mloc \x1B[38;5;241m=\x1B[39m (\x1B[38;5;28mfloat\x1B[39m(\x1B[43mcenter\x1B[49m\x1B[43m[\x1B[49m\x1B[38;5;241;43m0\x1B[39;49m\x1B[43m]\x1B[49m), \x1B[38;5;28mfloat\x1B[39m(center[\x1B[38;5;241m1\x1B[39m]), \x1B[38;5;28mfloat\x1B[39m(center[\x1B[38;5;241m2\x1B[39m]))\n' +
      '\x1B[1;32m    908\x1B[0m \x1B[38;5;28mself\x1B[39m\x1B[38;5;241m.\x1B[39msize \x1B[38;5;241m=\x1B[39m size\n' +
      '\x1B[1;32m    909\x1B[0m \x1B[38;5;28mself\x1B[39m\x1B[38;5;241m.\x1B[39m_set_extra_kwds(kwds)\n',
    "\x1B[0;31mTypeError\x1B[0m: 'sage.rings.integer.Integer' object is not subscriptable"
  ]
}
14:53:43.083 [warn] Cell completed with errors [su [Error]: invalid syntax (2013690195.py, line 37)
	at n.execute (/home/~/.vscode-oss/extensions/ms-toolsai.jupyter-2025.1.0-universal/dist/extension.node.js:297:4958)] {
  ename: 'SyntaxError',
  evalue: 'invalid syntax (2013690195.py, line 37)',
  traceback: [
    '\x1B[0;36m  Cell \x1B[0;32mIn[46], line 37\x1B[0;36m\x1B[0m\n' +
      '\x1B[0;31m    as=diff(Vs,t)\x1B[0m\n' +
      '\x1B[0m    ^\x1B[0m\n' +
      '\x1B[0;31mSyntaxError\x1B[0m\x1B[0;31m:\x1B[0m invalid syntax\n'
  ]
}
14:59:03.670 [info] Disposing kernel .sagemath./usr/bin/sage././usr/bin/sage#--python#-m#sage.repl.ipython_kernel#-f#{connection_file} for notebook Untitled-1 due to selection of another kernel or closing of the notebook
14:59:03.671 [info] Dispose Kernel 'Untitled-1' associated with 'Untitled-1'
14:59:03.735 [info] Disposing request as the cell (0) was deleted Untitled-1
14:59:03.735 [info] Disposing request as the cell (0) was deleted Untitled-1
14:59:03.735 [info] Disposing request as the cell (0) was deleted Untitled-1
14:59:03.735 [info] Disposing request as the cell (0) was deleted Untitled-1
14:59:03.735 [info] Disposing request as the cell (0) was deleted Untitled-1
14:59:03.735 [info] Disposing request as the cell (0) was deleted Untitled-1
14:59:03.735 [info] Disposing request as the cell (0) was deleted Untitled-1
14:59:03.735 [info] Disposing request as the cell (0) was deleted Untitled-1
14:59:03.735 [info] Disposing request as the cell (0) was deleted Untitled-1
14:59:03.735 [info] Disposing request as the cell (0) was deleted Untitled-1
14:59:03.735 [info] Disposing request as the cell (0) was deleted Untitled-1
14:59:03.735 [info] Disposing request as the cell (0) was deleted Untitled-1
14:59:03.735 [info] Disposing request as the cell (0) was deleted Untitled-1
14:59:03.735 [info] Disposing request as the cell (0) was deleted Untitled-1
14:59:55.889 [info] Starting Kernel (SageMath 10.5) for '~/programowanie/pythonowa_nauka/matmo-fizyka_sage.ipynb' (disableUI=true)
14:59:55.897 [info] Launching Raw Kernel SageMath 10.5 # /usr/bin/sage
14:59:55.905 [info] Process Execution: /usr/bin/sage --python -m sage.repl.ipython_kernel -f /home/~/.local/share/jupyter/runtime/kernel-v3a9153ef3b59ef6ab9357270a7a371746730f21e3.json
    > cwd: ~/programowanie/pythonowa_nauka
14:59:57.590 [warn] Kernel completions not enabled for 'SageMath 10.5'. 
To enable Kernel completion for this language please add the following setting 
jupyter.completionTriggerCharacters = {sage: [<List of characters that will trigger completions>]}. 
For more information please see https://aka.ms/vscodeJupyterCompletion
14:59:57.590 [info] Kernel successfully started
14:59:57.590 [warn] No nbextensions folder found for kernel .sagemath./usr/bin/sage././usr/bin/sage#--python#-m#sage.repl.ipython_kernel#-f#{connection_file}
15:00:52.887 [info] Disposing request as the cell (0) was deleted ~/programowanie/pythonowa_nauka/matmo-fizyka_sage.ipynb
15:00:52.887 [info] Dispose Kernel '~/programowanie/pythonowa_nauka/matmo-fizyka_sage.ipynb' associated with '~/programowanie/pythonowa_nauka/matmo-fizyka_sage.ipynb'
15:01:49.482 [info] Starting Kernel (SageMath 10.5) for '~/programowanie/pythonowa_nauka/matmo-fizyka_sage.ipynb' (disableUI=true)
15:01:49.488 [info] Launching Raw Kernel SageMath 10.5 # /usr/bin/sage
15:01:49.494 [info] Process Execution: /usr/bin/sage --python -m sage.repl.ipython_kernel -f /home/~/.local/share/jupyter/runtime/kernel-v3d25c8e1b741d2e93e79c76e84876a0c39b624856.json
    > cwd: ~/programowanie/pythonowa_nauka
15:01:51.429 [warn] Kernel completions not enabled for 'SageMath 10.5'. 
To enable Kernel completion for this language please add the following setting 
jupyter.completionTriggerCharacters = {sage: [<List of characters that will trigger completions>]}. 
For more information please see https://aka.ms/vscodeJupyterCompletion
15:01:51.429 [info] Kernel successfully started
15:01:51.429 [warn] No nbextensions folder found for kernel .sagemath./usr/bin/sage././usr/bin/sage#--python#-m#sage.repl.ipython_kernel#-f#{connection_file}
15:04:07.429 [info] Dispose Kernel '~/programowanie/pythonowa_nauka/matmo-fizyka_sage.ipynb' associated with '~/programowanie/pythonowa_nauka/matmo-fizyka_sage.ipynb'
15:19:42.468 [warn] Cell completed with errors [su [Error]: The name "2" is not a valid Python identifier.
	at n.execute (/home/~/.vscode-oss/extensions/ms-toolsai.jupyter-2025.1.0-universal/dist/extension.node.js:297:4958)] {
  ename: 'ValueError',
  evalue: 'The name "2" is not a valid Python identifier.',
  traceback: [
    '\x1B[0;31m---------------------------------------------------------------------------\x1B[0m',
    '\x1B[0;31mValueError\x1B[0m                                Traceback (most recent call last)',
    'Cell \x1B[0;32mIn[28], line 8\x1B[0m\n' +
      '\x1B[1;32m      1\x1B[0m \x1B[38;5;66;03m# V = 100km/h\x1B[39;00m\n' +
      '\x1B[1;32m      2\x1B[0m \x1B[38;5;66;03m# Średn. czas reakcji = 0,5s - 2s\x1B[39;00m\n' +
      '\x1B[1;32m      3\x1B[0m \x1B[38;5;66;03m# l = 50m (tu jest sarna)\x1B[39;00m\n' +
      '\x1B[1;32m      4\x1B[0m \x1B[38;5;66;03m# opóźnienie -> a = 4,9 m/s^2\x1B[39;00m\n' +
      '\x1B[1;32m      6\x1B[0m V \x1B[38;5;241m=\x1B[39m Integer(\x1B[38;5;241m100\x1B[39m)\n' +
      `\x1B[0;32m----> 8\x1B[0m \x1B[43mplot\x1B[49m\x1B[43m(\x1B[49m\x1B[43mV\x1B[49m\x1B[43m,\x1B[49m\x1B[43m \x1B[49m\x1B[43mInteger\x1B[49m\x1B[43m(\x1B[49m\x1B[38;5;241;43m2\x1B[39;49m\x1B[43m)\x1B[49m\x1B[43m,\x1B[49m\x1B[43m \x1B[49m\x1B[43mInteger\x1B[49m\x1B[43m(\x1B[49m\x1B[38;5;241;43m0\x1B[39;49m\x1B[43m)\x1B[49m\x1B[43m,\x1B[49m\x1B[43m \x1B[49m\x1B[43mInteger\x1B[49m\x1B[43m(\x1B[49m\x1B[38;5;241;43m100\x1B[39;49m\x1B[43m)\x1B[49m\x1B[43m,\x1B[49m\x1B[43m \x1B[49m\x1B[43mymax\x1B[49m\x1B[38;5;241;43m=\x1B[39;49m\x1B[43mInteger\x1B[49m\x1B[43m(\x1B[49m\x1B[38;5;241;43m200\x1B[39;49m\x1B[43m)\x1B[49m\x1B[43m,\x1B[49m\x1B[43m \x1B[49m\x1B[43mymin\x1B[49m\x1B[38;5;241;43m=\x1B[39;49m\x1B[43mInteger\x1B[49m\x1B[43m(\x1B[49m\x1B[38;5;241;43m0\x1B[39;49m\x1B[43m)\x1B[49m\x1B[43m,\x1B[49m\x1B[43m \x1B[49m\x1B[43maxes_labels\x1B[49m\x1B[38;5;241;43m=\x1B[39;49m\x1B[43m[\x1B[49m\x1B[38;5;124;43m'\x1B[39;49m\x1B[38;5;124;43m$S[km]$\x1B[39;49m\x1B[38;5;124;43m'\x1B[39;49m\x1B[43m,\x1B[49m\x1B[43m \x1B[49m\x1B[38;5;124;43m'\x1B[39;49m\x1B[38;5;124;43m$V[km/h]$\x1B[39;49m\x1B[38;5;124;43m'\x1B[39;49m\x1B[43m]\x1B[49m\x1B[43m,\x1B[49m\x1B[43m \x1B[49m\x1B[43mfigsize\x1B[49m\x1B[43m \x1B[49m\x1B[38;5;241;43m=\x1B[39;49m\x1B[43m \x1B[49m\x1B[43mInteger\x1B[49m\x1B[43m(\x1B[49m\x1B[38;5;241;43m10\x1B[39;49m\x1B[43m)\x1B[49m\x1B[43m,\x1B[49m\x1B[43m \x1B[49m\x1B[43mlegend_label\x1B[49m\x1B[38;5;241;43m=\x1B[39;49m\x1B[38;5;124;43m"\x1B[39;49m\x1B[38;5;124;43mSamochód\x1B[39;49m\x1B[38;5;124;43m"\x1B[39;49m\x1B[43m,\x1B[49m\x1B[43m \x1B[49m\x1B[43mcolor\x1B[49m\x1B[38;5;241;43m=\x1B[39;49m\x1B[38;5;124;43m"\x1B[39;49m\x1B[38;5;124;43mred\x1B[39;49m\x1B[38;5;124;43m"\x1B[39;49m\x1B[43m)\x1B[49m \n`,
    'File \x1B[0;32m/usr/lib/python3.13/site-packages/sage/misc/decorators.py:495\x1B[0m, in \x1B[0;36moptions.__call__.<locals>.wrapper\x1B[0;34m(*args, **kwds)\x1B[0m\n' +
      "\x1B[1;32m    493\x1B[0m     options[\x1B[38;5;124m'\x1B[39m\x1B[38;5;124m__original_opts\x1B[39m\x1B[38;5;124m'\x1B[39m] \x1B[38;5;241m=\x1B[39m kwds\n" +
      '\x1B[1;32m    494\x1B[0m options\x1B[38;5;241m.\x1B[39mupdate(kwds)\n' +
      '\x1B[0;32m--> 495\x1B[0m \x1B[38;5;28;01mreturn\x1B[39;00m \x1B[43mfunc\x1B[49m\x1B[43m(\x1B[49m\x1B[38;5;241;43m*\x1B[39;49m\x1B[43margs\x1B[49m\x1B[43m,\x1B[49m\x1B[43m \x1B[49m\x1B[38;5;241;43m*\x1B[39;49m\x1B[38;5;241;43m*\x1B[39;49m\x1B[43moptions\x1B[49m\x1B[43m)\x1B[49m\n',
    'File \x1B[0;32m/usr/lib/python3.13/site-packages/sage/plot/plot.py:2065\x1B[0m, in \x1B[0;36mplot\x1B[0;34m(funcs, *args, **kwds)\x1B[0m\n' +
      '\x1B[1;32m   2063\x1B[0m     xmax \x1B[38;5;241m=\x1B[39m args[\x1B[38;5;241m2\x1B[39m]\n' +
      '\x1B[1;32m   2064\x1B[0m     args \x1B[38;5;241m=\x1B[39m args[\x1B[38;5;241m3\x1B[39m:]\n' +
      '\x1B[0;32m-> 2065\x1B[0m     G \x1B[38;5;241m=\x1B[39m \x1B[43m_plot\x1B[49m\x1B[43m(\x1B[49m\x1B[43mfuncs\x1B[49m\x1B[43m,\x1B[49m\x1B[43m \x1B[49m\x1B[43m(\x1B[49m\x1B[43mvar\x1B[49m\x1B[43m,\x1B[49m\x1B[43m \x1B[49m\x1B[43mxmin\x1B[49m\x1B[43m,\x1B[49m\x1B[43m \x1B[49m\x1B[43mxmax\x1B[49m\x1B[43m)\x1B[49m\x1B[43m,\x1B[49m\x1B[43m \x1B[49m\x1B[38;5;241;43m*\x1B[39;49m\x1B[43margs\x1B[49m\x1B[43m,\x1B[49m\x1B[43m \x1B[49m\x1B[38;5;241;43m*\x1B[39;49m\x1B[38;5;241;43m*\x1B[39;49m\x1B[43mkwds\x1B[49m\x1B[43m)\x1B[49m\n' +
      "\x1B[1;32m   2066\x1B[0m \x1B[38;5;28;01melif\x1B[39;00m (\x1B[38;5;124m'\x1B[39m\x1B[38;5;124mxmin\x1B[39m\x1B[38;5;124m'\x1B[39m \x1B[38;5;129;01min\x1B[39;00m kwds) \x1B[38;5;129;01mor\x1B[39;00m (\x1B[38;5;124m'\x1B[39m\x1B[38;5;124mxmax\x1B[39m\x1B[38;5;124m'\x1B[39m \x1B[38;5;129;01min\x1B[39;00m kwds):\n" +
      "\x1B[1;32m   2067\x1B[0m     xmin \x1B[38;5;241m=\x1B[39m kwds\x1B[38;5;241m.\x1B[39mpop(\x1B[38;5;124m'\x1B[39m\x1B[38;5;124mxmin\x1B[39m\x1B[38;5;124m'\x1B[39m, \x1B[38;5;241m-\x1B[39m\x1B[38;5;241m1\x1B[39m)\n",
    'File \x1B[0;32m/usr/lib/python3.13/site-packages/sage/plot/plot.py:2175\x1B[0m, in \x1B[0;36m_plot\x1B[0;34m(funcs, xrange, parametric, polar, fill, label, randomize, **options)\x1B[0m\n' +
      '\x1B[1;32m   2173\x1B[0m excluded_points \x1B[38;5;241m=\x1B[39m []\n' +
      '\x1B[1;32m   2174\x1B[0m imag_tol \x1B[38;5;241m=\x1B[39m options[\x1B[38;5;124m"\x1B[39m\x1B[38;5;124mimaginary_tolerance\x1B[39m\x1B[38;5;124m"\x1B[39m]\n' +
      '\x1B[0;32m-> 2175\x1B[0m funcs, ranges \x1B[38;5;241m=\x1B[39m \x1B[43msetup_for_eval_on_grid\x1B[49m\x1B[43m(\x1B[49m\x1B[43mfuncs\x1B[49m\x1B[43m,\x1B[49m\n' +
      '\x1B[1;32m   2176\x1B[0m \x1B[43m                                       \x1B[49m\x1B[43m[\x1B[49m\x1B[43mxrange\x1B[49m\x1B[43m]\x1B[49m\x1B[43m,\x1B[49m\n' +
      "\x1B[1;32m   2177\x1B[0m \x1B[43m                                       \x1B[49m\x1B[43moptions\x1B[49m\x1B[43m[\x1B[49m\x1B[38;5;124;43m'\x1B[39;49m\x1B[38;5;124;43mplot_points\x1B[39;49m\x1B[38;5;124;43m'\x1B[39;49m\x1B[43m]\x1B[49m\x1B[43m,\x1B[49m\n" +
      '\x1B[1;32m   2178\x1B[0m \x1B[43m                                       \x1B[49m\x1B[43mimaginary_tolerance\x1B[49m\x1B[38;5;241;43m=\x1B[39;49m\x1B[43mimag_tol\x1B[49m\x1B[43m)\x1B[49m\n' +
      '\x1B[1;32m   2179\x1B[0m xmin, xmax, delta \x1B[38;5;241m=\x1B[39m ranges[\x1B[38;5;241m0\x1B[39m]\n' +
      '\x1B[1;32m   2180\x1B[0m xrange \x1B[38;5;241m=\x1B[39m ranges[\x1B[38;5;241m0\x1B[39m][:\x1B[38;5;241m2\x1B[39m]\n',
    'File \x1B[0;32m/usr/lib/python3.13/site-packages/sage/plot/misc.py:211\x1B[0m, in \x1B[0;36msetup_for_eval_on_grid\x1B[0;34m(funcs, ranges, plot_points, return_vars, imaginary_tolerance)\x1B[0m\n' +
      '\x1B[1;32m    209\x1B[0m     funcs \x1B[38;5;241m=\x1B[39m \x1B[38;5;28mtuple\x1B[39m( try_make_fast(f) \x1B[38;5;28;01mfor\x1B[39;00m f \x1B[38;5;129;01min\x1B[39;00m funcs )\n' +
      '\x1B[1;32m    210\x1B[0m \x1B[38;5;28;01melse\x1B[39;00m:\n' +
      '\x1B[0;32m--> 211\x1B[0m     funcs \x1B[38;5;241m=\x1B[39m \x1B[43mtry_make_fast\x1B[49m\x1B[43m(\x1B[49m\x1B[43mfuncs\x1B[49m\x1B[43m)\x1B[49m\n' +
      '\x1B[1;32m    213\x1B[0m \x1B[38;5;66;03m#TODO: raise an error if there is a function/method in funcs that takes more values than we have ranges\x1B[39;00m\n' +
      '\x1B[1;32m    215\x1B[0m \x1B[38;5;28;01mif\x1B[39;00m return_vars:\n',
    'File \x1B[0;32m/usr/lib/python3.13/site-packages/sage/plot/misc.py:201\x1B[0m, in \x1B[0;36msetup_for_eval_on_grid.<locals>.try_make_fast\x1B[0;34m(f)\x1B[0m\n' +
      '\x1B[1;32m    198\x1B[0m \x1B[38;5;28;01melse\x1B[39;00m:\n' +
      '\x1B[1;32m    199\x1B[0m     \x1B[38;5;66;03m# Convert things like ZZ(0) into constant functions.\x1B[39;00m\n' +
      '\x1B[1;32m    200\x1B[0m     \x1B[38;5;28;01mfrom\x1B[39;00m\x1B[38;5;250m \x1B[39m\x1B[38;5;21;01msage\x1B[39;00m\x1B[38;5;21;01m.\x1B[39;00m\x1B[38;5;21;01msymbolic\x1B[39;00m\x1B[38;5;21;01m.\x1B[39;00m\x1B[38;5;21;01mring\x1B[39;00m\x1B[38;5;250m \x1B[39m\x1B[38;5;28;01mimport\x1B[39;00m SR\n' +
      '\x1B[0;32m--> 201\x1B[0m     ff \x1B[38;5;241m=\x1B[39m \x1B[43mfast_callable\x1B[49m\x1B[43m(\x1B[49m\x1B[43mSR\x1B[49m\x1B[43m(\x1B[49m\x1B[43mf\x1B[49m\x1B[43m)\x1B[49m\x1B[43m,\x1B[49m\n' +
      '\x1B[1;32m    202\x1B[0m \x1B[43m                       \x1B[49m\x1B[38;5;28;43mvars\x1B[39;49m\x1B[38;5;241;43m=\x1B[39;49m\x1B[38;5;28;43mvars\x1B[39;49m\x1B[43m,\x1B[49m\n' +
      '\x1B[1;32m    203\x1B[0m \x1B[43m                       \x1B[49m\x1B[43mexpect_one_var\x1B[49m\x1B[38;5;241;43m=\x1B[39;49m\x1B[43meov\x1B[49m\x1B[43m,\x1B[49m\n' +
      '\x1B[1;32m    204\x1B[0m \x1B[43m                       \x1B[49m\x1B[43mdomain\x1B[49m\x1B[38;5;241;43m=\x1B[39;49m\x1B[43mCDF\x1B[49m\x1B[43m)\x1B[49m\n' +
      '\x1B[1;32m    205\x1B[0m     \x1B[38;5;28;01mreturn\x1B[39;00m FastCallablePlotWrapper(ff, imag_tol\x1B[38;5;241m=\x1B[39mimaginary_tolerance)\n',
    'File \x1B[0;32m/usr/lib/python3.13/site-packages/sage/ext/fast_callable.pyx:473\x1B[0m, in \x1B[0;36msage.ext.fast_callable.fast_callable (build/cythonized/sage/ext/fast_callable.c:7467)\x1B[0;34m()\x1B[0m\n' +
      '\x1B[1;32m    471\x1B[0m     from sage.symbolic.ring import SR\n' +
      '\x1B[1;32m    472\x1B[0m     return SR.var(var)\n' +
      '\x1B[0;32m--> 473\x1B[0m vars = [to_var(var) for var in vars]\n' +
      '\x1B[1;32m    474\x1B[0m # Convert to a callable symbolic expression\n' +
      '\x1B[1;32m    475\x1B[0m x = x.function(*vars)\n',
    'File \x1B[0;32m/usr/lib/python3.13/site-packages/sage/ext/fast_callable.pyx:472\x1B[0m, in \x1B[0;36msage.ext.fast_callable.fast_callable.to_var (build/cythonized/sage/ext/fast_callable.c:6934)\x1B[0;34m()\x1B[0m\n' +
      '\x1B[1;32m    470\x1B[0m         return var\n' +
      '\x1B[1;32m    471\x1B[0m     from sage.symbolic.ring import SR\n' +
      '\x1B[0;32m--> 472\x1B[0m     return SR.var(var)\n' +
      '\x1B[1;32m    473\x1B[0m vars = [to_var(var) for var in vars]\n' +
      '\x1B[1;32m    474\x1B[0m # Convert to a callable symbolic expression\n',
    'File \x1B[0;32m/usr/lib/python3.13/site-packages/sage/symbolic/ring.pyx:884\x1B[0m, in \x1B[0;36msage.symbolic.ring.SymbolicRing.var (build/cythonized/sage/symbolic/ring.c:11950)\x1B[0;34m()\x1B[0m\n' +
      '\x1B[1;32m    882\x1B[0m for s in names_list:\n' +
      '\x1B[1;32m    883\x1B[0m     if not isidentifier(s):\n' +
      `\x1B[0;32m--> 884\x1B[0m         raise ValueError(f'The name "{s}" is not a valid Python identifier.')\n` +
      '\x1B[1;32m    885\x1B[0m     # warn on bad symbol names, but only once\n' +
      '\x1B[1;32m    886\x1B[0m     # symbol... names are temporary variables created with\n',
    '\x1B[0;31mValueError\x1B[0m: The name "2" is not a valid Python identifier.'
  ]
}
15:21:57.789 [warn] Cell completed with errors [su [Error]: unknown color 'GREEN'
	at n.execute (/home/~/.vscode-oss/extensions/ms-toolsai.jupyter-2025.1.0-universal/dist/extension.node.js:297:4958)] {
  ename: 'ValueError',
  evalue: "unknown color 'GREEN'",
  traceback: [
    '\x1B[0;31m---------------------------------------------------------------------------\x1B[0m',
    '\x1B[0;31mKeyError\x1B[0m                                  Traceback (most recent call last)',
    'File \x1B[0;32m/usr/lib/python3.13/site-packages/sage/plot/colors.py:329\x1B[0m, in \x1B[0;36mrgbcolor\x1B[0;34m(c, space)\x1B[0m\n' +
      '\x1B[1;32m    328\x1B[0m \x1B[38;5;28;01mtry\x1B[39;00m:\n' +
      '\x1B[0;32m--> 329\x1B[0m     \x1B[38;5;28;01mreturn\x1B[39;00m \x1B[43mcolors\x1B[49m\x1B[43m[\x1B[49m\x1B[43mc\x1B[49m\x1B[43m]\x1B[49m\x1B[38;5;241m.\x1B[39mrgb()\n' +
      '\x1B[1;32m    330\x1B[0m \x1B[38;5;28;01mexcept\x1B[39;00m \x1B[38;5;167;01mKeyError\x1B[39;00m:\n',
    "\x1B[0;31mKeyError\x1B[0m: 'GREEN'",
    '\nDuring handling of the above exception, another exception occurred:\n',
    '\x1B[0;31mValueError\x1B[0m                                Traceback (most recent call last)',
    'Cell \x1B[0;32mIn[32], line 8\x1B[0m\n' +
      '\x1B[1;32m      1\x1B[0m \x1B[38;5;66;03m# V = 100km/h\x1B[39;00m\n' +
      '\x1B[1;32m      2\x1B[0m \x1B[38;5;66;03m# Średn. czas reakcji = 0,5s - 2s\x1B[39;00m\n' +
      '\x1B[1;32m      3\x1B[0m \x1B[38;5;66;03m# l = 50m (tu jest sarna)\x1B[39;00m\n' +
      '\x1B[1;32m      4\x1B[0m \x1B[38;5;66;03m# opóźnienie -> a = 4,9 m/s^2\x1B[39;00m\n' +
      '\x1B[1;32m      6\x1B[0m V \x1B[38;5;241m=\x1B[39m Integer(\x1B[38;5;241m100\x1B[39m)\n' +
      '\x1B[0;32m----> 8\x1B[0m \x1B[43mshow\x1B[49m\x1B[43m(\x1B[49m\n' +
      `\x1B[1;32m      9\x1B[0m \x1B[43mplot\x1B[49m\x1B[43m(\x1B[49m\x1B[43mV\x1B[49m\x1B[43m,\x1B[49m\x1B[43m \x1B[49m\x1B[43mt\x1B[49m\x1B[43m,\x1B[49m\x1B[43m \x1B[49m\x1B[43mInteger\x1B[49m\x1B[43m(\x1B[49m\x1B[38;5;241;43m0\x1B[39;49m\x1B[43m)\x1B[49m\x1B[43m,\x1B[49m\x1B[43m \x1B[49m\x1B[43mInteger\x1B[49m\x1B[43m(\x1B[49m\x1B[38;5;241;43m100\x1B[39;49m\x1B[43m)\x1B[49m\x1B[43m,\x1B[49m\x1B[43m \x1B[49m\x1B[43mymax\x1B[49m\x1B[38;5;241;43m=\x1B[39;49m\x1B[43mInteger\x1B[49m\x1B[43m(\x1B[49m\x1B[38;5;241;43m200\x1B[39;49m\x1B[43m)\x1B[49m\x1B[43m,\x1B[49m\x1B[43m \x1B[49m\x1B[43mymin\x1B[49m\x1B[38;5;241;43m=\x1B[39;49m\x1B[43mInteger\x1B[49m\x1B[43m(\x1B[49m\x1B[38;5;241;43m0\x1B[39;49m\x1B[43m)\x1B[49m\x1B[43m,\x1B[49m\x1B[43m \x1B[49m\x1B[43maxes_labels\x1B[49m\x1B[38;5;241;43m=\x1B[39;49m\x1B[43m[\x1B[49m\x1B[38;5;124;43m'\x1B[39;49m\x1B[38;5;124;43m$S[m]$\x1B[39;49m\x1B[38;5;124;43m'\x1B[39;49m\x1B[43m,\x1B[49m\x1B[43m \x1B[49m\x1B[38;5;124;43m'\x1B[39;49m\x1B[38;5;124;43m$V[km/h]$\x1B[39;49m\x1B[38;5;124;43m'\x1B[39;49m\x1B[43m]\x1B[49m\x1B[43m,\x1B[49m\x1B[43m \x1B[49m\x1B[43mfigsize\x1B[49m\x1B[43m \x1B[49m\x1B[38;5;241;43m=\x1B[39;49m\x1B[43m \x1B[49m\x1B[43mInteger\x1B[49m\x1B[43m(\x1B[49m\x1B[38;5;241;43m10\x1B[39;49m\x1B[43m)\x1B[49m\x1B[43m,\x1B[49m\x1B[43m \x1B[49m\x1B[43mlegend_label\x1B[49m\x1B[38;5;241;43m=\x1B[39;49m\x1B[38;5;124;43m"\x1B[39;49m\x1B[38;5;124;43mSamochód\x1B[39;49m\x1B[38;5;124;43m"\x1B[39;49m\x1B[43m,\x1B[49m\x1B[43m \x1B[49m\x1B[43mcolor\x1B[49m\x1B[38;5;241;43m=\x1B[39;49m\x1B[38;5;124;43m"\x1B[39;49m\x1B[38;5;124;43mGREEN\x1B[39;49m\x1B[38;5;124;43m"\x1B[39;49m\x1B[43m)\x1B[49m\x1B[43m \x1B[49m\x1B[38;5;241;43m+\x1B[39;49m\n` +
      "\x1B[1;32m     10\x1B[0m \x1B[43mpoint\x1B[49m\x1B[43m(\x1B[49m\x1B[43m(\x1B[49m\x1B[43mInteger\x1B[49m\x1B[43m(\x1B[49m\x1B[38;5;241;43m50\x1B[39;49m\x1B[43m)\x1B[49m\x1B[43m,\x1B[49m\x1B[43m \x1B[49m\x1B[43mInteger\x1B[49m\x1B[43m(\x1B[49m\x1B[38;5;241;43m100\x1B[39;49m\x1B[43m)\x1B[49m\x1B[43m)\x1B[49m\x1B[43m,\x1B[49m\x1B[43m \x1B[49m\x1B[43msize\x1B[49m\x1B[43m \x1B[49m\x1B[38;5;241;43m=\x1B[39;49m\x1B[43m \x1B[49m\x1B[43mInteger\x1B[49m\x1B[43m(\x1B[49m\x1B[38;5;241;43m25\x1B[39;49m\x1B[43m)\x1B[49m\x1B[43m,\x1B[49m\x1B[43m \x1B[49m\x1B[43mcolor\x1B[49m\x1B[43m \x1B[49m\x1B[38;5;241;43m=\x1B[39;49m\x1B[43m \x1B[49m\x1B[38;5;124;43m'\x1B[39;49m\x1B[38;5;124;43mred\x1B[39;49m\x1B[38;5;124;43m'\x1B[39;49m\x1B[43m,\x1B[49m\x1B[43m \x1B[49m\x1B[43mlegend_label\x1B[49m\x1B[38;5;241;43m=\x1B[39;49m\x1B[38;5;124;43m'\x1B[39;49m\x1B[38;5;124;43mSARNA UWAŻAJ\x1B[39;49m\x1B[38;5;124;43m'\x1B[39;49m\x1B[43m)\x1B[49m\x1B[43m \x1B[49m\n" +
      '\x1B[1;32m     11\x1B[0m \x1B[43m)\x1B[49m\n',
    'File \x1B[0;32m/usr/lib/python3.13/site-packages/sage/repl/rich_output/pretty_print.py:339\x1B[0m, in \x1B[0;36mshow\x1B[0;34m(*args, **kwds)\x1B[0m\n' +
      '\x1B[1;32m    337\x1B[0m     args[\x1B[38;5;241m0\x1B[39m]\x1B[38;5;241m.\x1B[39mshow()\n' +
      '\x1B[1;32m    338\x1B[0m     \x1B[38;5;28;01mreturn\x1B[39;00m\n' +
      '\x1B[0;32m--> 339\x1B[0m \x1B[43mpretty_print\x1B[49m\x1B[43m(\x1B[49m\x1B[38;5;241;43m*\x1B[39;49m\x1B[43margs\x1B[49m\x1B[43m,\x1B[49m\x1B[43m \x1B[49m\x1B[38;5;241;43m*\x1B[39;49m\x1B[38;5;241;43m*\x1B[39;49m\x1B[43mkwds\x1B[49m\x1B[43m)\x1B[49m\n',
    'File \x1B[0;32m/usr/lib/python3.13/site-packages/sage/repl/rich_output/pretty_print.py:307\x1B[0m, in \x1B[0;36mpretty_print\x1B[0;34m(*args, **kwds)\x1B[0m\n' +
      '\x1B[1;32m    305\x1B[0m     \x1B[38;5;28;01mpass\x1B[39;00m\n' +
      '\x1B[1;32m    306\x1B[0m \x1B[38;5;28;01melif\x1B[39;00m \x1B[38;5;28mlen\x1B[39m(args) \x1B[38;5;241m==\x1B[39m \x1B[38;5;241m1\x1B[39m:\n' +
      '\x1B[0;32m--> 307\x1B[0m     \x1B[43mdm\x1B[49m\x1B[38;5;241;43m.\x1B[39;49m\x1B[43mdisplay_immediately\x1B[49m\x1B[43m(\x1B[49m\x1B[38;5;241;43m*\x1B[39;49m\x1B[43margs\x1B[49m\x1B[43m,\x1B[49m\x1B[43m \x1B[49m\x1B[38;5;241;43m*\x1B[39;49m\x1B[38;5;241;43m*\x1B[39;49m\x1B[43mkwds\x1B[49m\x1B[43m)\x1B[49m\n' +
      '\x1B[1;32m    308\x1B[0m \x1B[38;5;28;01melse\x1B[39;00m:\n' +
      '\x1B[1;32m    309\x1B[0m     SequencePrettyPrinter(\x1B[38;5;241m*\x1B[39margs, \x1B[38;5;241m*\x1B[39m\x1B[38;5;241m*\x1B[39mkwds)\x1B[38;5;241m.\x1B[39mpretty_print()\n',
    'File \x1B[0;32m/usr/lib/python3.13/site-packages/sage/repl/rich_output/display_manager.py:825\x1B[0m, in \x1B[0;36mDisplayManager.display_immediately\x1B[0;34m(self, obj, **rich_repr_kwds)\x1B[0m\n' +
      '\x1B[1;32m    802\x1B[0m \x1B[38;5;28;01mdef\x1B[39;00m\x1B[38;5;250m \x1B[39m\x1B[38;5;21mdisplay_immediately\x1B[39m(\x1B[38;5;28mself\x1B[39m, obj, \x1B[38;5;241m*\x1B[39m\x1B[38;5;241m*\x1B[39mrich_repr_kwds):\n' +
      '\x1B[1;32m    803\x1B[0m \x1B[38;5;250m    \x1B[39m\x1B[38;5;124;03m"""\x1B[39;00m\n' +
      '\x1B[1;32m    804\x1B[0m \x1B[38;5;124;03m    Show output without going back to the command line prompt.\x1B[39;00m\n' +
      '\x1B[1;32m    805\x1B[0m \n' +
      '\x1B[0;32m   (...)\x1B[0m\n' +
      '\x1B[1;32m    823\x1B[0m \x1B[38;5;124;03m        1/2\x1B[39;00m\n' +
      '\x1B[1;32m    824\x1B[0m \x1B[38;5;124;03m    """\x1B[39;00m\n' +
      '\x1B[0;32m--> 825\x1B[0m     plain_text, rich_output \x1B[38;5;241m=\x1B[39m \x1B[38;5;28;43mself\x1B[39;49m\x1B[38;5;241;43m.\x1B[39;49m\x1B[43m_rich_output_formatter\x1B[49m\x1B[43m(\x1B[49m\x1B[43mobj\x1B[49m\x1B[43m,\x1B[49m\x1B[43m \x1B[49m\x1B[43mrich_repr_kwds\x1B[49m\x1B[43m)\x1B[49m\n' +
      '\x1B[1;32m    826\x1B[0m     \x1B[38;5;28mself\x1B[39m\x1B[38;5;241m.\x1B[39m_backend\x1B[38;5;241m.\x1B[39mdisplay_immediately(plain_text, rich_output)\n',
    'File \x1B[0;32m/usr/lib/python3.13/site-packages/sage/repl/rich_output/display_manager.py:630\x1B[0m, in \x1B[0;36mDisplayManager._rich_output_formatter\x1B[0;34m(self, obj, rich_repr_kwds)\x1B[0m\n' +
      '\x1B[1;32m    628\x1B[0m     plain_text \x1B[38;5;241m=\x1B[39m \x1B[38;5;28mself\x1B[39m\x1B[38;5;241m.\x1B[39m_backend\x1B[38;5;241m.\x1B[39mplain_text_formatter(obj, \x1B[38;5;241m*\x1B[39m\x1B[38;5;241m*\x1B[39mrich_repr_kwds)\n' +
      '\x1B[1;32m    629\x1B[0m \x1B[38;5;28;01mif\x1B[39;00m rich_output \x1B[38;5;129;01mis\x1B[39;00m \x1B[38;5;28;01mNone\x1B[39;00m:\n' +
      '\x1B[0;32m--> 630\x1B[0m     rich_output \x1B[38;5;241m=\x1B[39m \x1B[38;5;28;43mself\x1B[39;49m\x1B[38;5;241;43m.\x1B[39;49m\x1B[43m_preferred_text_formatter\x1B[49m\x1B[43m(\x1B[49m\n' +
      '\x1B[1;32m    631\x1B[0m \x1B[43m        \x1B[49m\x1B[43mobj\x1B[49m\x1B[43m,\x1B[49m\x1B[43m \x1B[49m\x1B[43mplain_text\x1B[49m\x1B[38;5;241;43m=\x1B[39;49m\x1B[43mplain_text\x1B[49m\x1B[43m,\x1B[49m\x1B[43m \x1B[49m\x1B[38;5;241;43m*\x1B[39;49m\x1B[38;5;241;43m*\x1B[39;49m\x1B[43mrich_repr_kwds\x1B[49m\x1B[43m)\x1B[49m\n' +
      '\x1B[1;32m    632\x1B[0m \x1B[38;5;66;03m# promote output container types to backend-specific containers\x1B[39;00m\n' +
      '\x1B[1;32m    633\x1B[0m plain_text \x1B[38;5;241m=\x1B[39m \x1B[38;5;28mself\x1B[39m\x1B[38;5;241m.\x1B[39m_promote_output(plain_text)\n',
    'File \x1B[0;32m/usr/lib/python3.13/site-packages/sage/repl/rich_output/display_manager.py:533\x1B[0m, in \x1B[0;36mDisplayManager._preferred_text_formatter\x1B[0;34m(self, obj, plain_text, **kwds)\x1B[0m\n' +
      '\x1B[1;32m    531\x1B[0m     \x1B[38;5;28;01mreturn\x1B[39;00m out\n' +
      "\x1B[1;32m    532\x1B[0m \x1B[38;5;28;01mif\x1B[39;00m want \x1B[38;5;241m==\x1B[39m \x1B[38;5;124m'\x1B[39m\x1B[38;5;124mlatex\x1B[39m\x1B[38;5;124m'\x1B[39m \x1B[38;5;129;01mand\x1B[39;00m OutputHtml \x1B[38;5;129;01min\x1B[39;00m supported:\n" +
      '\x1B[0;32m--> 533\x1B[0m     out \x1B[38;5;241m=\x1B[39m \x1B[38;5;28;43mself\x1B[39;49m\x1B[38;5;241;43m.\x1B[39;49m\x1B[43m_backend\x1B[49m\x1B[38;5;241;43m.\x1B[39;49m\x1B[43mlatex_formatter\x1B[49m\x1B[43m(\x1B[49m\x1B[43mobj\x1B[49m\x1B[43m,\x1B[49m\x1B[43m \x1B[49m\x1B[38;5;241;43m*\x1B[39;49m\x1B[38;5;241;43m*\x1B[39;49m\x1B[43mkwds\x1B[49m\x1B[43m)\x1B[49m\n' +
      '\x1B[1;32m    534\x1B[0m     \x1B[38;5;28;01mif\x1B[39;00m \x1B[38;5;28mtype\x1B[39m(out) \x1B[38;5;129;01mis\x1B[39;00m \x1B[38;5;129;01mnot\x1B[39;00m OutputHtml:\n' +
      "\x1B[1;32m    535\x1B[0m         \x1B[38;5;28;01mraise\x1B[39;00m OutputTypeException(\x1B[38;5;124m'\x1B[39m\x1B[38;5;124mbackend returned wrong output type, require Html\x1B[39m\x1B[38;5;124m'\x1B[39m)\n",
    'File \x1B[0;32m/usr/lib/python3.13/site-packages/sage/repl/rich_output/backend_base.py:470\x1B[0m, in \x1B[0;36mBackendBase.latex_formatter\x1B[0;34m(self, obj, **kwds)\x1B[0m\n' +
      '\x1B[1;32m    468\x1B[0m \x1B[38;5;28;01mfrom\x1B[39;00m\x1B[38;5;250m \x1B[39m\x1B[38;5;21;01msage\x1B[39;00m\x1B[38;5;21;01m.\x1B[39;00m\x1B[38;5;21;01mmisc\x1B[39;00m\x1B[38;5;21;01m.\x1B[39;00m\x1B[38;5;21;01mhtml\x1B[39;00m\x1B[38;5;250m \x1B[39m\x1B[38;5;28;01mimport\x1B[39;00m html\n' +
      '\x1B[1;32m    469\x1B[0m \x1B[38;5;28;01mfrom\x1B[39;00m\x1B[38;5;250m \x1B[39m\x1B[38;5;21;01msage\x1B[39;00m\x1B[38;5;21;01m.\x1B[39;00m\x1B[38;5;21;01mrepl\x1B[39;00m\x1B[38;5;21;01m.\x1B[39;00m\x1B[38;5;21;01mrich_output\x1B[39;00m\x1B[38;5;21;01m.\x1B[39;00m\x1B[38;5;21;01moutput_browser\x1B[39;00m\x1B[38;5;250m \x1B[39m\x1B[38;5;28;01mimport\x1B[39;00m OutputHtml\n' +
      '\x1B[0;32m--> 470\x1B[0m \x1B[38;5;28;01mreturn\x1B[39;00m OutputHtml(\x1B[43mhtml\x1B[49m\x1B[43m(\x1B[49m\x1B[43mobj\x1B[49m\x1B[43m,\x1B[49m\x1B[43m \x1B[49m\x1B[43mconcatenate\x1B[49m\x1B[38;5;241;43m=\x1B[39;49m\x1B[43mconcatenate\x1B[49m\x1B[43m,\x1B[49m\x1B[43m \x1B[49m\x1B[43mstrict\x1B[49m\x1B[38;5;241;43m=\x1B[39;49m\x1B[38;5;28;43;01mTrue\x1B[39;49;00m\x1B[43m)\x1B[49m)\n',
    'File \x1B[0;32m/usr/lib/python3.13/site-packages/sage/misc/html.py:470\x1B[0m, in \x1B[0;36mHTMLFragmentFactory.__call__\x1B[0;34m(self, obj, concatenate, strict)\x1B[0m\n' +
      '\x1B[1;32m    468\x1B[0m     result \x1B[38;5;241m=\x1B[39m MathJax()\x1B[38;5;241m.\x1B[39meval(obj, mode\x1B[38;5;241m=\x1B[39mmode, combine_all\x1B[38;5;241m=\x1B[39m\x1B[38;5;28;01mTrue\x1B[39;00m)\n' +
      '\x1B[1;32m    469\x1B[0m \x1B[38;5;28;01melse\x1B[39;00m:\n' +
      '\x1B[0;32m--> 470\x1B[0m     result \x1B[38;5;241m=\x1B[39m \x1B[43mMathJax\x1B[49m\x1B[43m(\x1B[49m\x1B[43m)\x1B[49m\x1B[38;5;241;43m.\x1B[39;49m\x1B[43meval\x1B[49m\x1B[43m(\x1B[49m\x1B[43mobj\x1B[49m\x1B[43m,\x1B[49m\x1B[43m \x1B[49m\x1B[43mmode\x1B[49m\x1B[38;5;241;43m=\x1B[39;49m\x1B[43mmode\x1B[49m\x1B[43m,\x1B[49m\x1B[43m \x1B[49m\x1B[43mcombine_all\x1B[49m\x1B[38;5;241;43m=\x1B[39;49m\x1B[38;5;28;43;01mFalse\x1B[39;49;00m\x1B[43m)\x1B[49m\n' +
      '\x1B[1;32m    471\x1B[0m \x1B[38;5;28;01mreturn\x1B[39;00m HtmlFragment(result)\n',
    'File \x1B[0;32m/usr/lib/python3.13/site-packages/sage/misc/html.py:303\x1B[0m, in \x1B[0;36mMathJax.eval\x1B[0;34m(self, x, globals, locals, mode, combine_all)\x1B[0m\n' +
      '\x1B[1;32m    262\x1B[0m \x1B[38;5;250m\x1B[39m\x1B[38;5;124mr\x1B[39m\x1B[38;5;124;03m"""\x1B[39;00m\n' +
      '\x1B[1;32m    263\x1B[0m \x1B[38;5;124;03mRender LaTeX input using MathJax.  This returns a :class:`MathJaxExpr`.\x1B[39;00m\n' +
      '\x1B[1;32m    264\x1B[0m \n' +
      '\x1B[0;32m   (...)\x1B[0m\n' +
      '\x1B[1;32m    300\x1B[0m \x1B[38;5;124;03m    <html>\\[\\newcommand{\\ZZ}{\\Bold{Z}}\\newcommand{\\Bold}[1]{\\mathbf{#1}}\\ZZ/6\\ZZ\\]</html>\x1B[39;00m\n' +
      '\x1B[1;32m    301\x1B[0m \x1B[38;5;124;03m"""\x1B[39;00m\n' +
      '\x1B[1;32m    302\x1B[0m \x1B[38;5;66;03m# Get a regular LaTeX representation of x\x1B[39;00m\n' +
      '\x1B[0;32m--> 303\x1B[0m x \x1B[38;5;241m=\x1B[39m \x1B[43mlatex\x1B[49m\x1B[43m(\x1B[49m\x1B[43mx\x1B[49m\x1B[43m,\x1B[49m\x1B[43m \x1B[49m\x1B[43mcombine_all\x1B[49m\x1B[38;5;241;43m=\x1B[39;49m\x1B[43mcombine_all\x1B[49m\x1B[43m)\x1B[49m\n' +
      '\x1B[1;32m    305\x1B[0m \x1B[38;5;66;03m# The "\\text{\\texttt{...}}" blocks are reformed to be renderable by MathJax.\x1B[39;00m\n' +
      '\x1B[1;32m    306\x1B[0m \x1B[38;5;66;03m# These blocks are produced by str_function() defined in sage.misc.latex.\x1B[39;00m\n' +
      '\x1B[1;32m    307\x1B[0m prefix \x1B[38;5;241m=\x1B[39m \x1B[38;5;124mr\x1B[39m\x1B[38;5;124m"\x1B[39m\x1B[38;5;124m\\\x1B[39m\x1B[38;5;124mtext\x1B[39m\x1B[38;5;124m{\x1B[39m\x1B[38;5;124m\\\x1B[39m\x1B[38;5;124mtexttt\x1B[39m\x1B[38;5;124m{\x1B[39m\x1B[38;5;124m"\x1B[39m\n',
    'File \x1B[0;32m/usr/lib/python3.13/site-packages/sage/misc/latex.py:871\x1B[0m, in \x1B[0;36mLatexCall.__call__\x1B[0;34m(self, x, combine_all)\x1B[0m\n' +
      '\x1B[1;32m    842\x1B[0m \x1B[38;5;250m\x1B[39m\x1B[38;5;124mr\x1B[39m\x1B[38;5;124;03m"""\x1B[39;00m\n' +
      '\x1B[1;32m    843\x1B[0m \x1B[38;5;124;03mReturn a :class:`LatexExpr` built out of the argument ``x``.\x1B[39;00m\n' +
      '\x1B[1;32m    844\x1B[0m \n' +
      '\x1B[0;32m   (...)\x1B[0m\n' +
      '\x1B[1;32m    868\x1B[0m \x1B[38;5;124;03m    x 2\x1B[39;00m\n' +
      '\x1B[1;32m    869\x1B[0m \x1B[38;5;124;03m"""\x1B[39;00m\n' +
      '\x1B[1;32m    870\x1B[0m \x1B[38;5;28;01mif\x1B[39;00m has_latex_attr(x):\n' +
      '\x1B[0;32m--> 871\x1B[0m     \x1B[38;5;28;01mreturn\x1B[39;00m LatexExpr(\x1B[43mx\x1B[49m\x1B[38;5;241;43m.\x1B[39;49m\x1B[43m_latex_\x1B[49m\x1B[43m(\x1B[49m\x1B[43m)\x1B[49m)\n' +
      '\x1B[1;32m    872\x1B[0m \x1B[38;5;28;01mtry\x1B[39;00m:\n' +
      '\x1B[1;32m    873\x1B[0m     f \x1B[38;5;241m=\x1B[39m latex_table[\x1B[38;5;28mtype\x1B[39m(x)]\n',
    'File \x1B[0;32m/usr/lib/python3.13/site-packages/sage/plot/graphics.py:3440\x1B[0m, in \x1B[0;36mGraphics._latex_\x1B[0;34m(self, **kwds)\x1B[0m\n' +
      '\x1B[1;32m   3424\x1B[0m \x1B[38;5;250m\x1B[39m\x1B[38;5;124;03m"""\x1B[39;00m\n' +
      '\x1B[1;32m   3425\x1B[0m \x1B[38;5;124;03mReturn a string plotting ``self`` with PGF.\x1B[39;00m\n' +
      '\x1B[1;32m   3426\x1B[0m \n' +
      '\x1B[0;32m   (...)\x1B[0m\n' +
      "\x1B[1;32m   3437\x1B[0m \x1B[38;5;124;03m    '%% Creator: Matplotlib, PGF backend...\x1B[39;00m\n" +
      '\x1B[1;32m   3438\x1B[0m \x1B[38;5;124;03m"""\x1B[39;00m\n' +
      "\x1B[1;32m   3439\x1B[0m tmpfilename \x1B[38;5;241m=\x1B[39m tmp_filename(ext\x1B[38;5;241m=\x1B[39m\x1B[38;5;124m'\x1B[39m\x1B[38;5;124m.pgf\x1B[39m\x1B[38;5;124m'\x1B[39m)\n" +
      '\x1B[0;32m-> 3440\x1B[0m \x1B[38;5;28;43mself\x1B[39;49m\x1B[38;5;241;43m.\x1B[39;49m\x1B[43msave\x1B[49m\x1B[43m(\x1B[49m\x1B[43mfilename\x1B[49m\x1B[38;5;241;43m=\x1B[39;49m\x1B[43mtmpfilename\x1B[49m\x1B[43m,\x1B[49m\x1B[43m \x1B[49m\x1B[38;5;241;43m*\x1B[39;49m\x1B[38;5;241;43m*\x1B[39;49m\x1B[43mkwds\x1B[49m\x1B[43m)\x1B[49m\n' +
      '\x1B[1;32m   3441\x1B[0m \x1B[38;5;28;01mwith\x1B[39;00m \x1B[38;5;28mopen\x1B[39m(tmpfilename) \x1B[38;5;28;01mas\x1B[39;00m tmpfile:\n' +
      '\x1B[1;32m   3442\x1B[0m     latex_list \x1B[38;5;241m=\x1B[39m tmpfile\x1B[38;5;241m.\x1B[39mreadlines()\n',
    'File \x1B[0;32m/usr/lib/python3.13/site-packages/sage/misc/decorators.py:413\x1B[0m, in \x1B[0;36msuboptions.__call__.<locals>.wrapper\x1B[0;34m(*args, **kwds)\x1B[0m\n' +
      '\x1B[1;32m    409\x1B[0m         \x1B[38;5;28;01mdel\x1B[39;00m kwds[key]\n' +
      '\x1B[1;32m    411\x1B[0m kwds[\x1B[38;5;28mself\x1B[39m\x1B[38;5;241m.\x1B[39mname \x1B[38;5;241m+\x1B[39m \x1B[38;5;124m"\x1B[39m\x1B[38;5;124moptions\x1B[39m\x1B[38;5;124m"\x1B[39m] \x1B[38;5;241m=\x1B[39m suboptions\n' +
      '\x1B[0;32m--> 413\x1B[0m \x1B[38;5;28;01mreturn\x1B[39;00m \x1B[43mfunc\x1B[49m\x1B[43m(\x1B[49m\x1B[38;5;241;43m*\x1B[39;49m\x1B[43margs\x1B[49m\x1B[43m,\x1B[49m\x1B[43m \x1B[49m\x1B[38;5;241;43m*\x1B[39;49m\x1B[38;5;241;43m*\x1B[39;49m\x1B[43mkwds\x1B[49m\x1B[43m)\x1B[49m\n',
    'File \x1B[0;32m/usr/lib/python3.13/site-packages/sage/plot/graphics.py:3365\x1B[0m, in \x1B[0;36mGraphics.save\x1B[0;34m(self, filename, **kwds)\x1B[0m\n' +
      '\x1B[1;32m   3362\x1B[0m \x1B[38;5;28;01mfrom\x1B[39;00m\x1B[38;5;250m \x1B[39m\x1B[38;5;21;01mmatplotlib\x1B[39;00m\x1B[38;5;250m \x1B[39m\x1B[38;5;28;01mimport\x1B[39;00m rcParams\n' +
      "\x1B[1;32m   3363\x1B[0m rc_backup \x1B[38;5;241m=\x1B[39m (rcParams[\x1B[38;5;124m'\x1B[39m\x1B[38;5;124mps.useafm\x1B[39m\x1B[38;5;124m'\x1B[39m], rcParams[\x1B[38;5;124m'\x1B[39m\x1B[38;5;124mpdf.use14corefonts\x1B[39m\x1B[38;5;124m'\x1B[39m],\n" +
      "\x1B[1;32m   3364\x1B[0m              rcParams[\x1B[38;5;124m'\x1B[39m\x1B[38;5;124mtext.usetex\x1B[39m\x1B[38;5;124m'\x1B[39m])  \x1B[38;5;66;03m# save the rcParams\x1B[39;00m\n" +
      '\x1B[0;32m-> 3365\x1B[0m figure \x1B[38;5;241m=\x1B[39m \x1B[38;5;28;43mself\x1B[39;49m\x1B[38;5;241;43m.\x1B[39;49m\x1B[43mmatplotlib\x1B[49m\x1B[43m(\x1B[49m\x1B[38;5;241;43m*\x1B[39;49m\x1B[38;5;241;43m*\x1B[39;49m\x1B[43moptions\x1B[49m\x1B[43m)\x1B[49m\n' +
      '\x1B[1;32m   3366\x1B[0m \x1B[38;5;66;03m# You can output in PNG, PS, EPS, PDF, PGF, or SVG format, depending\x1B[39;00m\n' +
      '\x1B[1;32m   3367\x1B[0m \x1B[38;5;66;03m# on the file extension.\x1B[39;00m\n' +
      '\x1B[1;32m   3368\x1B[0m \x1B[38;5;66;03m# PGF is handled by a different backend\x1B[39;00m\n' +
      "\x1B[1;32m   3369\x1B[0m \x1B[38;5;28;01mif\x1B[39;00m ext \x1B[38;5;241m==\x1B[39m \x1B[38;5;124m'\x1B[39m\x1B[38;5;124m.pgf\x1B[39m\x1B[38;5;124m'\x1B[39m:\n",
    'File \x1B[0;32m/usr/lib/python3.13/site-packages/sage/plot/graphics.py:2823\x1B[0m, in \x1B[0;36mGraphics.matplotlib\x1B[0;34m(self, filename, xmin, xmax, ymin, ymax, figsize, figure, sub, axes, axes_labels, axes_labels_size, flip_x, flip_y, fontsize, frame, verify, aspect_ratio, gridlines, gridlinesstyle, vgridlinesstyle, hgridlinesstyle, show_legend, legend_options, axes_pad, ticks_integer, tick_formatter, ticks, title, title_pos, base, scale, stylesheet, typeset)\x1B[0m\n' +
      '\x1B[1;32m   2821\x1B[0m         \x1B[38;5;28;01mpass\x1B[39;00m\n' +
      '\x1B[1;32m   2822\x1B[0m g\x1B[38;5;241m.\x1B[39mset_options(opts)\n' +
      '\x1B[0;32m-> 2823\x1B[0m \x1B[43mg\x1B[49m\x1B[38;5;241;43m.\x1B[39;49m\x1B[43m_render_on_subplot\x1B[49m\x1B[43m(\x1B[49m\x1B[43msubplot\x1B[49m\x1B[43m)\x1B[49m\n' +
      "\x1B[1;32m   2824\x1B[0m \x1B[38;5;28;01mif\x1B[39;00m \x1B[38;5;28mhasattr\x1B[39m(g, \x1B[38;5;124m'\x1B[39m\x1B[38;5;124m_bbox_extra_artists\x1B[39m\x1B[38;5;124m'\x1B[39m):\n" +
      '\x1B[1;32m   2825\x1B[0m     \x1B[38;5;28mself\x1B[39m\x1B[38;5;241m.\x1B[39m_bbox_extra_artists\x1B[38;5;241m.\x1B[39mextend(g\x1B[38;5;241m.\x1B[39m_bbox_extra_artists)\n',
    'File \x1B[0;32m/usr/lib/python3.13/site-packages/sage/plot/line.py:263\x1B[0m, in \x1B[0;36mLine._render_on_subplot\x1B[0;34m(self, subplot)\x1B[0m\n' +
      '\x1B[1;32m    261\x1B[0m p\x1B[38;5;241m.\x1B[39mset_alpha(a)\n' +
      "\x1B[1;32m    262\x1B[0m p\x1B[38;5;241m.\x1B[39mset_linewidth(\x1B[38;5;28mfloat\x1B[39m(options[\x1B[38;5;124m'\x1B[39m\x1B[38;5;124mthickness\x1B[39m\x1B[38;5;124m'\x1B[39m]))\n" +
      "\x1B[0;32m--> 263\x1B[0m p\x1B[38;5;241m.\x1B[39mset_color(\x1B[43mto_mpl_color\x1B[49m\x1B[43m(\x1B[49m\x1B[43moptions\x1B[49m\x1B[43m[\x1B[49m\x1B[38;5;124;43m'\x1B[39;49m\x1B[38;5;124;43mrgbcolor\x1B[39;49m\x1B[38;5;124;43m'\x1B[39;49m\x1B[43m]\x1B[49m\x1B[43m)\x1B[49m)\n" +
      "\x1B[1;32m    264\x1B[0m p\x1B[38;5;241m.\x1B[39mset_label(options[\x1B[38;5;124m'\x1B[39m\x1B[38;5;124mlegend_label\x1B[39m\x1B[38;5;124m'\x1B[39m])\n" +
      "\x1B[1;32m    265\x1B[0m \x1B[38;5;66;03m# we don't pass linestyle in directly since the drawstyles aren't\x1B[39;00m\n" +
      '\x1B[1;32m    266\x1B[0m \x1B[38;5;66;03m# pulled off automatically.  This (I think) is a bug in matplotlib 1.0.1\x1B[39;00m\n',
    'File \x1B[0;32m/usr/lib/python3.13/site-packages/sage/plot/colors.py:331\x1B[0m, in \x1B[0;36mrgbcolor\x1B[0;34m(c, space)\x1B[0m\n' +
      '\x1B[1;32m    329\x1B[0m             \x1B[38;5;28;01mreturn\x1B[39;00m colors[c]\x1B[38;5;241m.\x1B[39mrgb()\n' +
      '\x1B[1;32m    330\x1B[0m         \x1B[38;5;28;01mexcept\x1B[39;00m \x1B[38;5;167;01mKeyError\x1B[39;00m:\n' +
      `\x1B[0;32m--> 331\x1B[0m             \x1B[38;5;28;01mraise\x1B[39;00m \x1B[38;5;167;01mValueError\x1B[39;00m(\x1B[38;5;124m"\x1B[39m\x1B[38;5;124munknown color \x1B[39m\x1B[38;5;124m'\x1B[39m\x1B[38;5;132;01m%s\x1B[39;00m\x1B[38;5;124m'\x1B[39m\x1B[38;5;124m"\x1B[39m \x1B[38;5;241m%\x1B[39m c)\n` +
      '\x1B[1;32m    333\x1B[0m \x1B[38;5;28;01melif\x1B[39;00m \x1B[38;5;28misinstance\x1B[39m(c, (\x1B[38;5;28mlist\x1B[39m, \x1B[38;5;28mtuple\x1B[39m)):\n' +
      '\x1B[1;32m    334\x1B[0m     \x1B[38;5;28;01mif\x1B[39;00m \x1B[38;5;28mlen\x1B[39m(c) \x1B[38;5;241m!=\x1B[39m \x1B[38;5;241m3\x1B[39m:\n',
    "\x1B[0;31mValueError\x1B[0m: unknown color 'GREEN'"
  ]
}
15:22:47.645 [warn] Cell completed with errors [su [Error]: invalid syntax (2758930285.py, line 6)
	at n.execute (/home/~/.vscode-oss/extensions/ms-toolsai.jupyter-2025.1.0-universal/dist/extension.node.js:297:4958)] {
  ename: 'SyntaxError',
  evalue: 'invalid syntax (2758930285.py, line 6)',
  traceback: [
    '\x1B[0;36m  Cell \x1B[0;32mIn[36], line 6\x1B[0;36m\x1B[0m\n' +
      '\x1B[0;31m    V = Integer(100)*Integer(1000):Integer(360)\x1B[0m\n' +
      '\x1B[0m                                  ^\x1B[0m\n' +
      '\x1B[0;31mSyntaxError\x1B[0m\x1B[0;31m:\x1B[0m invalid syntax\n'
  ]
}
15:35:51.500 [warn] Cell completed with errors [su [Error]: 'Sh' object has no attribute 'n'
	at n.execute (/home/~/.vscode-oss/extensions/ms-toolsai.jupyter-2025.1.0-universal/dist/extension.node.js:297:4958)] {
  ename: 'AttributeError',
  evalue: "'Sh' object has no attribute 'n'",
  traceback: [
    '\x1B[0;31m---------------------------------------------------------------------------\x1B[0m',
    '\x1B[0;31mAttributeError\x1B[0m                            Traceback (most recent call last)',
    'Cell \x1B[0;32mIn[51], line 24\x1B[0m\n' +
      '\x1B[1;32m     21\x1B[0m \x1B[38;5;66;03m# Sh = 1/2 * v0^2/a (droga hamowania)\x1B[39;00m\n' +
      '\x1B[1;32m     23\x1B[0m Sh \x1B[38;5;241m=\x1B[39m (Integer(\x1B[38;5;241m1\x1B[39m)\x1B[38;5;241m/\x1B[39mInteger(\x1B[38;5;241m2\x1B[39m)) \x1B[38;5;241m*\x1B[39m ((v0s)\x1B[38;5;241m*\x1B[39m\x1B[38;5;241m*\x1B[39mInteger(\x1B[38;5;241m2\x1B[39m)\x1B[38;5;241m/\x1B[39ma)\n' +
      '\x1B[0;32m---> 24\x1B[0m \x1B[38;5;28mprint\x1B[39m(\x1B[43msh\x1B[49m\x1B[38;5;241;43m.\x1B[39;49m\x1B[43mn\x1B[49m())\n' +
      '\x1B[1;32m     26\x1B[0m show(\n' +
      `\x1B[1;32m     27\x1B[0m plot(V, t, Integer(\x1B[38;5;241m0\x1B[39m), Integer(\x1B[38;5;241m100\x1B[39m), ymax\x1B[38;5;241m=\x1B[39mInteger(\x1B[38;5;241m200\x1B[39m), ymin\x1B[38;5;241m=\x1B[39mInteger(\x1B[38;5;241m0\x1B[39m), axes_labels\x1B[38;5;241m=\x1B[39m[\x1B[38;5;124m'\x1B[39m\x1B[38;5;124m$S[m]$\x1B[39m\x1B[38;5;124m'\x1B[39m, \x1B[38;5;124m'\x1B[39m\x1B[38;5;124m$V[km/h]$\x1B[39m\x1B[38;5;124m'\x1B[39m], figsize \x1B[38;5;241m=\x1B[39m Integer(\x1B[38;5;241m10\x1B[39m), legend_label\x1B[38;5;241m=\x1B[39m\x1B[38;5;124m"\x1B[39m\x1B[38;5;124mSamochód\x1B[39m\x1B[38;5;124m"\x1B[39m, color\x1B[38;5;241m=\x1B[39m\x1B[38;5;124m"\x1B[39m\x1B[38;5;124mgreen\x1B[39m\x1B[38;5;124m"\x1B[39m) \x1B[38;5;241m+\x1B[39m\n` +
      "\x1B[1;32m     28\x1B[0m point((Integer(\x1B[38;5;241m50\x1B[39m), Integer(\x1B[38;5;241m100\x1B[39m)), size \x1B[38;5;241m=\x1B[39m Integer(\x1B[38;5;241m25\x1B[39m), color \x1B[38;5;241m=\x1B[39m \x1B[38;5;124m'\x1B[39m\x1B[38;5;124mred\x1B[39m\x1B[38;5;124m'\x1B[39m, legend_label\x1B[38;5;241m=\x1B[39m\x1B[38;5;124m'\x1B[39m\x1B[38;5;124mSARNA UWAŻAJ\x1B[39m\x1B[38;5;124m'\x1B[39m) \n" +
      '\x1B[1;32m     29\x1B[0m )\n',
    "\x1B[0;31mAttributeError\x1B[0m: 'Sh' object has no attribute 'n'"
  ]
}
15:36:17.961 [warn] Cell completed with errors [su [Error]: 'Sh' object has no attribute 'n'
	at n.execute (/home/~/.vscode-oss/extensions/ms-toolsai.jupyter-2025.1.0-universal/dist/extension.node.js:297:4958)] {
  ename: 'AttributeError',
  evalue: "'Sh' object has no attribute 'n'",
  traceback: [
    '\x1B[0;31m---------------------------------------------------------------------------\x1B[0m',
    '\x1B[0;31mAttributeError\x1B[0m                            Traceback (most recent call last)',
    'Cell \x1B[0;32mIn[52], line 24\x1B[0m\n' +
      '\x1B[1;32m     21\x1B[0m \x1B[38;5;66;03m# Sh = 1/2 * v0^2/a (droga hamowania)\x1B[39;00m\n' +
      '\x1B[1;32m     23\x1B[0m Sh \x1B[38;5;241m=\x1B[39m (Integer(\x1B[38;5;241m1\x1B[39m)\x1B[38;5;241m/\x1B[39mInteger(\x1B[38;5;241m2\x1B[39m))\x1B[38;5;241m*\x1B[39m(v0s\x1B[38;5;241m*\x1B[39m\x1B[38;5;241m*\x1B[39mInteger(\x1B[38;5;241m2\x1B[39m)\x1B[38;5;241m/\x1B[39ma)\n' +
      '\x1B[0;32m---> 24\x1B[0m \x1B[38;5;28mprint\x1B[39m(\x1B[43msh\x1B[49m\x1B[38;5;241;43m.\x1B[39;49m\x1B[43mn\x1B[49m())\n' +
      '\x1B[1;32m     26\x1B[0m show(\n' +
      `\x1B[1;32m     27\x1B[0m plot(V, t, Integer(\x1B[38;5;241m0\x1B[39m), Integer(\x1B[38;5;241m100\x1B[39m), ymax\x1B[38;5;241m=\x1B[39mInteger(\x1B[38;5;241m200\x1B[39m), ymin\x1B[38;5;241m=\x1B[39mInteger(\x1B[38;5;241m0\x1B[39m), axes_labels\x1B[38;5;241m=\x1B[39m[\x1B[38;5;124m'\x1B[39m\x1B[38;5;124m$S[m]$\x1B[39m\x1B[38;5;124m'\x1B[39m, \x1B[38;5;124m'\x1B[39m\x1B[38;5;124m$V[km/h]$\x1B[39m\x1B[38;5;124m'\x1B[39m], figsize \x1B[38;5;241m=\x1B[39m Integer(\x1B[38;5;241m10\x1B[39m), legend_label\x1B[38;5;241m=\x1B[39m\x1B[38;5;124m"\x1B[39m\x1B[38;5;124mSamochód\x1B[39m\x1B[38;5;124m"\x1B[39m, color\x1B[38;5;241m=\x1B[39m\x1B[38;5;124m"\x1B[39m\x1B[38;5;124mgreen\x1B[39m\x1B[38;5;124m"\x1B[39m) \x1B[38;5;241m+\x1B[39m\n` +
      "\x1B[1;32m     28\x1B[0m point((Integer(\x1B[38;5;241m50\x1B[39m), Integer(\x1B[38;5;241m100\x1B[39m)), size \x1B[38;5;241m=\x1B[39m Integer(\x1B[38;5;241m25\x1B[39m), color \x1B[38;5;241m=\x1B[39m \x1B[38;5;124m'\x1B[39m\x1B[38;5;124mred\x1B[39m\x1B[38;5;124m'\x1B[39m, legend_label\x1B[38;5;241m=\x1B[39m\x1B[38;5;124m'\x1B[39m\x1B[38;5;124mSARNA UWAŻAJ\x1B[39m\x1B[38;5;124m'\x1B[39m) \n" +
      '\x1B[1;32m     29\x1B[0m )\n',
    "\x1B[0;31mAttributeError\x1B[0m: 'Sh' object has no attribute 'n'"
  ]
}
15:44:13.558 [warn] Cell completed with errors [su [Error]: name 'Sr' is not defined
	at n.execute (/home/~/.vscode-oss/extensions/ms-toolsai.jupyter-2025.1.0-universal/dist/extension.node.js:297:4958)] {
  ename: 'NameError',
  evalue: "name 'Sr' is not defined",
  traceback: [
    '\x1B[0;31m---------------------------------------------------------------------------\x1B[0m',
    '\x1B[0;31mNameError\x1B[0m                                 Traceback (most recent call last)',
    'Cell \x1B[0;32mIn[58], line 41\x1B[0m\n' +
      '\x1B[1;32m     36\x1B[0m \x1B[38;5;28mprint\x1B[39m(\x1B[38;5;124mf\x1B[39m\x1B[38;5;124m"\x1B[39m\x1B[38;5;132;01m{\x1B[39;00msc\x1B[38;5;132;01m}\x1B[39;00m\x1B[38;5;124m m\x1B[39m\x1B[38;5;124m"\x1B[39m)\n' +
      '\x1B[1;32m     39\x1B[0m var(\x1B[38;5;124m"\x1B[39m\x1B[38;5;124mt\x1B[39m\x1B[38;5;124m"\x1B[39m)\n' +
      `\x1B[0;32m---> 41\x1B[0m Pr \x1B[38;5;241m=\x1B[39m plot(\x1B[43mSr\x1B[49m, t, Integer(\x1B[38;5;241m0\x1B[39m), Integer(\x1B[38;5;241m100\x1B[39m), ymax\x1B[38;5;241m=\x1B[39mInteger(\x1B[38;5;241m200\x1B[39m), ymin\x1B[38;5;241m=\x1B[39mInteger(\x1B[38;5;241m0\x1B[39m), axes_labels\x1B[38;5;241m=\x1B[39m[\x1B[38;5;124m'\x1B[39m\x1B[38;5;124m$S[m]$\x1B[39m\x1B[38;5;124m'\x1B[39m, \x1B[38;5;124m'\x1B[39m\x1B[38;5;124m$V[km/h]$\x1B[39m\x1B[38;5;124m'\x1B[39m], figsize \x1B[38;5;241m=\x1B[39m Integer(\x1B[38;5;241m10\x1B[39m), legend_label\x1B[38;5;241m=\x1B[39m\x1B[38;5;124m"\x1B[39m\x1B[38;5;124mSamochód\x1B[39m\x1B[38;5;124m"\x1B[39m, color\x1B[38;5;241m=\x1B[39m\x1B[38;5;124m"\x1B[39m\x1B[38;5;124mgreen\x1B[39m\x1B[38;5;124m"\x1B[39m) \n` +
      `\x1B[1;32m     42\x1B[0m Ph \x1B[38;5;241m=\x1B[39m plot(Sh, t, Integer(\x1B[38;5;241m0\x1B[39m), Integer(\x1B[38;5;241m100\x1B[39m), ymax\x1B[38;5;241m=\x1B[39mInteger(\x1B[38;5;241m200\x1B[39m), ymin\x1B[38;5;241m=\x1B[39mInteger(\x1B[38;5;241m0\x1B[39m), axes_labels\x1B[38;5;241m=\x1B[39m[\x1B[38;5;124m'\x1B[39m\x1B[38;5;124m$S[m]$\x1B[39m\x1B[38;5;124m'\x1B[39m, \x1B[38;5;124m'\x1B[39m\x1B[38;5;124m$V[km/h]$\x1B[39m\x1B[38;5;124m'\x1B[39m], figsize \x1B[38;5;241m=\x1B[39m Integer(\x1B[38;5;241m10\x1B[39m), legend_label\x1B[38;5;241m=\x1B[39m\x1B[38;5;124m"\x1B[39m\x1B[38;5;124mSamochód\x1B[39m\x1B[38;5;124m"\x1B[39m, color\x1B[38;5;241m=\x1B[39m\x1B[38;5;124m"\x1B[39m\x1B[38;5;124mgreen\x1B[39m\x1B[38;5;124m"\x1B[39m) \n` +
      "\x1B[1;32m     46\x1B[0m point((Integer(\x1B[38;5;241m50\x1B[39m), Integer(\x1B[38;5;241m100\x1B[39m)), size \x1B[38;5;241m=\x1B[39m Integer(\x1B[38;5;241m25\x1B[39m), color \x1B[38;5;241m=\x1B[39m \x1B[38;5;124m'\x1B[39m\x1B[38;5;124mred\x1B[39m\x1B[38;5;124m'\x1B[39m, legend_label\x1B[38;5;241m=\x1B[39m\x1B[38;5;124m'\x1B[39m\x1B[38;5;124mSARNA UWAŻAJ\x1B[39m\x1B[38;5;124m'\x1B[39m) \n",
    "\x1B[0;31mNameError\x1B[0m: name 'Sr' is not defined"
  ]
}
15:51:58.752 [warn] Cell completed with errors [su [Error]: name 'v0S' is not defined
	at n.execute (/home/~/.vscode-oss/extensions/ms-toolsai.jupyter-2025.1.0-universal/dist/extension.node.js:297:4958)] {
  ename: 'NameError',
  evalue: "name 'v0S' is not defined",
  traceback: [
    '\x1B[0;31m---------------------------------------------------------------------------\x1B[0m',
    '\x1B[0;31mNameError\x1B[0m                                 Traceback (most recent call last)',
    'Cell \x1B[0;32mIn[62], line 43\x1B[0m\n' +
      '\x1B[1;32m     39\x1B[0m var(\x1B[38;5;124m"\x1B[39m\x1B[38;5;124mt\x1B[39m\x1B[38;5;124m"\x1B[39m)\n' +
      '\x1B[1;32m     41\x1B[0m \x1B[38;5;66;03m# x = x0 + V * ( t - t0 )\x1B[39;00m\n' +
      '\x1B[0;32m---> 43\x1B[0m x \x1B[38;5;241m=\x1B[39m sr \x1B[38;5;241m+\x1B[39m \x1B[43mv0S\x1B[49m \x1B[38;5;241m*\x1B[39m (t \x1B[38;5;241m-\x1B[39m treak) \x1B[38;5;241m-\x1B[39m Integer(\x1B[38;5;241m1\x1B[39m)\x1B[38;5;241m/\x1B[39mInteger(\x1B[38;5;241m2\x1B[39m) \x1B[38;5;241m*\x1B[39m a \x1B[38;5;241m*\x1B[39m (t \x1B[38;5;241m-\x1B[39m treak)\x1B[38;5;241m*\x1B[39m\x1B[38;5;241m*\x1B[39mInteger(\x1B[38;5;241m2\x1B[39m)\n' +
      `\x1B[1;32m     45\x1B[0m ph \x1B[38;5;241m=\x1B[39m plot(x , t, Integer(\x1B[38;5;241m0\x1B[39m), Integer(\x1B[38;5;241m100\x1B[39m), ymax\x1B[38;5;241m=\x1B[39mInteger(\x1B[38;5;241m200\x1B[39m), ymin\x1B[38;5;241m=\x1B[39mInteger(\x1B[38;5;241m0\x1B[39m), axes_labels\x1B[38;5;241m=\x1B[39m[\x1B[38;5;124m'\x1B[39m\x1B[38;5;124m$t[s]$\x1B[39m\x1B[38;5;124m'\x1B[39m, \x1B[38;5;124m'\x1B[39m\x1B[38;5;124m$S[m]$\x1B[39m\x1B[38;5;124m'\x1B[39m], figsize \x1B[38;5;241m=\x1B[39m Integer(\x1B[38;5;241m10\x1B[39m), legend_label\x1B[38;5;241m=\x1B[39m\x1B[38;5;124m"\x1B[39m\x1B[38;5;124mSamochód\x1B[39m\x1B[38;5;124m"\x1B[39m, color\x1B[38;5;241m=\x1B[39m\x1B[38;5;124m"\x1B[39m\x1B[38;5;124mpurple\x1B[39m\x1B[38;5;124m"\x1B[39m) \n` +
      `\x1B[1;32m     46\x1B[0m pr \x1B[38;5;241m=\x1B[39m plot(sh, t, Integer(\x1B[38;5;241m0\x1B[39m), Integer(\x1B[38;5;241m100\x1B[39m), ymax\x1B[38;5;241m=\x1B[39mInteger(\x1B[38;5;241m200\x1B[39m), ymin\x1B[38;5;241m=\x1B[39mInteger(\x1B[38;5;241m0\x1B[39m), axes_labels\x1B[38;5;241m=\x1B[39m[\x1B[38;5;124m'\x1B[39m\x1B[38;5;124m$t[s]$\x1B[39m\x1B[38;5;124m'\x1B[39m, \x1B[38;5;124m'\x1B[39m\x1B[38;5;124m$S[m]$\x1B[39m\x1B[38;5;124m'\x1B[39m], figsize \x1B[38;5;241m=\x1B[39m Integer(\x1B[38;5;241m10\x1B[39m), legend_label\x1B[38;5;241m=\x1B[39m\x1B[38;5;124m"\x1B[39m\x1B[38;5;124mSamochód\x1B[39m\x1B[38;5;124m"\x1B[39m, color\x1B[38;5;241m=\x1B[39m\x1B[38;5;124m"\x1B[39m\x1B[38;5;124mgreen\x1B[39m\x1B[38;5;124m"\x1B[39m) \n`,
    "\x1B[0;31mNameError\x1B[0m: name 'v0S' is not defined"
  ]
}
12:54:13.553 [info] Dispose Kernel '~/programowanie/pythonowa_nauka/matma_sage.ipynb' associated with '~/programowanie/pythonowa_nauka/matma_sage.ipynb'
12:54:13.560 [info] Dispose Kernel 'Untitled-1' associated with 'Untitled-1'
12:54:13.560 [info] Dispose Kernel '~/programowanie/pythonowa_nauka/matmo-fizyka_sage.ipynb' associated with '~/programowanie/pythonowa_nauka/matmo-fizyka_sage.ipynb'
12:54:13.560 [info] Dispose Kernel '~/programowanie/pythonowa_nauka/matmo-fizyka_sage.ipynb' associated with '~/programowanie/pythonowa_nauka/matmo-fizyka_sage.ipynb'
12:54:13.569 [warn] Failed to delete connection file file:///home/~/.local/share/jupyter/runtime/kernel-v333ffccc8e924ae4eb82097c871b4e4788ed4b29b.json for pid 45576 [Canceled (FileSystemError): Canceled
	at Zi.e (file:///usr/lib/code/out/vs/workbench/api/node/extensionHostProcess.js:112:9922)
	at Object.stat (file:///usr/lib/code/out/vs/workbench/api/node/extensionHostProcess.js:112:7076)
	at async qc.delete (/home/~/.vscode-oss/extensions/ms-toolsai.jupyter-2025.1.0-universal/dist/extension.node.js:239:15448)
	at async /home/~/.vscode-oss/extensions/ms-toolsai.jupyter-2025.1.0-universal/dist/extension.node.js:303:469] {
  code: 'Unknown'
}
